Warning,6/25/2020 22:50:35,Microsoft-Windows-DistributedCOM,10016,None,"The application-specific permission settings do not grant Local Activation permission for the COM Server application with CLSID 
{2593F8B9-4EAF-457C-B68A-50F6B8EA6B54}
 and APPID 
{15C20B67-12E7-4BB6-92BB-7AFF07997402}
 to the user LAPTOP-PR1MKK5U\Renars SID (S-1-5-21-850498477-2290094382-3762704528-1001) from address LocalHost (Using LRPC) running in the application container Unavailable SID (Unavailable). This security permission can be modified using the Component Services administrative tool."
Warning,6/25/2020 22:50:35,Microsoft-Windows-DistributedCOM,10016,None,"The application-specific permission settings do not grant Local Activation permission for the COM Server application with CLSID 
{2593F8B9-4EAF-457C-B68A-50F6B8EA6B54}
 and APPID 
{15C20B67-12E7-4BB6-92BB-7AFF07997402}
 to the user LAPTOP-PR1MKK5U\Renars SID (S-1-5-21-850498477-2290094382-3762704528-1001) from address LocalHost (Using LRPC) running in the application container Unavailable SID (Unavailable). This security permission can be modified using the Component Services administrative tool."
Information,6/25/2020 22:45:16,Service Control Manager,7040,None,The start type of the Background Intelligent Transfer Service service was changed from auto start to demand start.
Information,6/25/2020 22:41:56,Service Control Manager,7040,None,The start type of the Background Intelligent Transfer Service service was changed from demand start to auto start.
Warning,6/25/2020 22:40:56,Microsoft-Windows-DistributedCOM,10016,None,"The application-specific permission settings do not grant Local Activation permission for the COM Server application with CLSID 
{2593F8B9-4EAF-457C-B68A-50F6B8EA6B54}
 and APPID 
{15C20B67-12E7-4BB6-92BB-7AFF07997402}
 to the user LAPTOP-PR1MKK5U\Renars SID (S-1-5-21-850498477-2290094382-3762704528-1001) from address LocalHost (Using LRPC) running in the application container Unavailable SID (Unavailable). This security permission can be modified using the Component Services administrative tool."
Warning,6/25/2020 22:40:47,Netwtw08,6062,None,6062 - Lso was triggered
Information,6/25/2020 22:33:30,Netwtw08,7021,None,7021 - Connection telemetry fields and analysis usage
Information,6/25/2020 22:33:29,Netwtw08,7021,None,7021 - Connection telemetry fields and analysis usage
Warning,6/25/2020 22:32:11,Netwtw08,6062,None,6062 - Lso was triggered
Information,6/25/2020 22:28:15,Netwtw08,7021,None,7021 - Connection telemetry fields and analysis usage
Information,6/25/2020 22:28:14,Netwtw08,7021,None,7021 - Connection telemetry fields and analysis usage
Warning,6/25/2020 21:43:06,Netwtw08,6062,None,6062 - Lso was triggered
Information,6/25/2020 21:43:06,Netwtw08,7021,None,7021 - Connection telemetry fields and analysis usage
Information,6/25/2020 21:43:05,Netwtw08,7021,None,7021 - Connection telemetry fields and analysis usage
Information,6/25/2020 21:39:58,Service Control Manager,7040,None,The start type of the Background Intelligent Transfer Service service was changed from auto start to demand start.
Information,6/25/2020 21:37:53,Service Control Manager,7040,None,The start type of the Background Intelligent Transfer Service service was changed from demand start to auto start.
Warning,6/25/2020 18:47:29,Netwtw08,6062,None,6062 - Lso was triggered
Information,6/25/2020 18:47:11,Netwtw08,7021,None,7021 - Connection telemetry fields and analysis usage
Information,6/25/2020 18:47:11,Netwtw08,7021,None,7021 - Connection telemetry fields and analysis usage
Information,6/25/2020 18:47:07,Netwtw08,7021,None,7021 - Connection telemetry fields and analysis usage
Information,6/25/2020 18:47:06,Netwtw08,7021,None,7021 - Connection telemetry fields and analysis usage
Information,6/25/2020 18:47:04,Netwtw08,7021,None,7021 - Connection telemetry fields and analysis usage
Information,6/25/2020 18:45:24,Service Control Manager,7040,None,The start type of the Background Intelligent Transfer Service service was changed from auto start to demand start.
Information,6/25/2020 18:43:28,Netwtw08,7021,None,7021 - Connection telemetry fields and analysis usage
Information,6/25/2020 18:43:26,Netwtw08,7021,None,7021 - Connection telemetry fields and analysis usage
Information,6/25/2020 18:42:00,Service Control Manager,7040,None,The start type of the Background Intelligent Transfer Service service was changed from demand start to auto start.
Warning,6/25/2020 17:35:37,Netwtw08,6062,None,6062 - Lso was triggered
Information,6/25/2020 17:33:30,Netwtw08,7021,None,7021 - Connection telemetry fields and analysis usage
Information,6/25/2020 17:33:30,Netwtw08,7021,None,7021 - Connection telemetry fields and analysis usage
Information,6/25/2020 14:37:15,Microsoft-Windows-Kernel-General,15,None,Hive \??\Volume{3de62f61-a307-4673-9ab4-02ad9995c124}\System Volume Information\SPP\SppCbsHiveStore\{cd42efe1-f6f1-427c-b004-033192c625a4}{B0C764D5-A302-498C-B283-A4B2113D97D8} was reorganized with a starting size of 95834112 bytes and an ending size of 88600576 bytes.
Information,6/25/2020 14:37:13,Microsoft-Windows-Kernel-General,16,None,The access history in hive \??\Volume{3de62f61-a307-4673-9ab4-02ad9995c124}\System Volume Information\SPP\SppCbsHiveStore\{cd42efe1-f6f1-427c-b004-033192c625a4}{6D9D16C5-EF5A-48B8-BA7F-5FE581618460} was cleared updating 632 keys and creating 99 modified pages.
Information,6/25/2020 14:37:13,Microsoft-Windows-Kernel-General,16,None,The access history in hive \??\Volume{3de62f61-a307-4673-9ab4-02ad9995c124}\System Volume Information\SPP\SppCbsHiveStore\{cd42efe1-f6f1-427c-b004-033192c625a4}{F9E401BA-9E61-4BD0-9B46-0E001A7988CA} was cleared updating 15745 keys and creating 2687 modified pages.
Information,6/25/2020 14:37:13,Microsoft-Windows-Kernel-General,16,None,The access history in hive \??\Volume{3de62f61-a307-4673-9ab4-02ad9995c124}\System Volume Information\SPP\SppCbsHiveStore\{cd42efe1-f6f1-427c-b004-033192c625a4}{B52CC16D-8D17-4A0D-8E40-AF74EF98ED20} was cleared updating 64015 keys and creating 8114 modified pages.
Information,6/25/2020 14:37:13,Microsoft-Windows-Kernel-General,16,None,The access history in hive \??\Volume{3de62f61-a307-4673-9ab4-02ad9995c124}\System Volume Information\SPP\SppCbsHiveStore\{cd42efe1-f6f1-427c-b004-033192c625a4}{7FF7A8BA-0E1E-4797-A487-457327BB9A81} was cleared updating 75 keys and creating 4 modified pages.
Information,6/25/2020 14:37:13,Microsoft-Windows-Kernel-General,16,None,The access history in hive \??\Volume{3de62f61-a307-4673-9ab4-02ad9995c124}\System Volume Information\SPP\SppCbsHiveStore\{cd42efe1-f6f1-427c-b004-033192c625a4}{FA4EC996-8271-40D8-834E-691BFC20D2BA} was cleared updating 58 keys and creating 6 modified pages.
Information,6/25/2020 14:37:13,Microsoft-Windows-Kernel-General,15,None,Hive \??\Volume{3de62f61-a307-4673-9ab4-02ad9995c124}\System Volume Information\SPP\SppCbsHiveStore\{cd42efe1-f6f1-427c-b004-033192c625a4}{4F64D3D9-FF3B-4F2A-A98F-CE57FC680799} was reorganized with a starting size of 15593472 bytes and an ending size of 15130624 bytes.
Information,6/25/2020 14:37:09,Microsoft-Windows-Kernel-General,11,None,"TxR init phase for hive \??\GLOBALROOT\Device\HarddiskVolumeShadowCopy3\Windows\System32\config\DRIVERS (TM: {adeb7079-b6d8-11ea-90df-24418ce6380d}, RM: {adeb7078-b6d8-11ea-90df-24418ce6380d}) finished with result=0xC00000A2 (Internal code=7)."
Information,6/25/2020 14:37:09,Microsoft-Windows-Kernel-General,11,None,"TxR init phase for hive \??\GLOBALROOT\Device\HarddiskVolumeShadowCopy3\Windows\System32\config\SYSTEM (TM: {adeb7076-b6d8-11ea-90df-24418ce6380d}, RM: {adeb7075-b6d8-11ea-90df-24418ce6380d}) finished with result=0xC00000A2 (Internal code=7)."
Information,6/25/2020 14:37:09,Microsoft-Windows-Kernel-General,15,None,Hive \??\GLOBALROOT\Device\HarddiskVolumeShadowCopy3\Windows\System32\config\SYSTEM was reorganized with a starting size of 15593472 bytes and an ending size of 15130624 bytes.
Information,6/25/2020 14:20:28,Microsoft-Windows-Kernel-General,16,None,The access history in hive \??\C:\ProgramData\Microsoft\Provisioning\Microsoft-Desktop-Provisioning-Sequence.dat was cleared updating 0 keys and creating 0 modified pages.
Information,6/25/2020 14:12:37,Microsoft-Windows-FilterManager,6,None,"File System Filter 'bindflt' (10.0, ‎2046‎-‎02‎-‎23T23:19:04.000000000Z) has successfully loaded and registered with Filter Manager."
Warning,6/25/2020 14:06:56,Microsoft-Windows-DistributedCOM,10016,None,"The machine-default permission settings do not grant Local Activation permission for the COM Server application with CLSID 
{C2F03A33-21F5-47FA-B4BB-156362A2F239}
 and APPID 
{316CDED5-E4AE-4B15-9113-7055D84DCC97}
 to the user LAPTOP-PR1MKK5U\Renars SID (S-1-5-21-850498477-2290094382-3762704528-1001) from address LocalHost (Using LRPC) running in the application container Microsoft.Windows.ShellExperienceHost_10.0.18362.449_neutral_neutral_cw5n1h2txyewy SID (S-1-15-2-155514346-2573954481-755741238-1654018636-1233331829-3075935687-2861478708). This security permission can be modified using the Component Services administrative tool."
Warning,6/25/2020 14:04:26,Microsoft-Windows-DistributedCOM,10016,None,"The machine-default permission settings do not grant Local Activation permission for the COM Server application with CLSID 
{C2F03A33-21F5-47FA-B4BB-156362A2F239}
 and APPID 
{316CDED5-E4AE-4B15-9113-7055D84DCC97}
 to the user LAPTOP-PR1MKK5U\Renars SID (S-1-5-21-850498477-2290094382-3762704528-1001) from address LocalHost (Using LRPC) running in the application container Microsoft.Windows.ShellExperienceHost_10.0.18362.449_neutral_neutral_cw5n1h2txyewy SID (S-1-15-2-155514346-2573954481-755741238-1654018636-1233331829-3075935687-2861478708). This security permission can be modified using the Component Services administrative tool."
Warning,6/25/2020 14:03:11,Microsoft-Windows-DistributedCOM,10016,None,"The machine-default permission settings do not grant Local Activation permission for the COM Server application with CLSID 
{C2F03A33-21F5-47FA-B4BB-156362A2F239}
 and APPID 
{316CDED5-E4AE-4B15-9113-7055D84DCC97}
 to the user LAPTOP-PR1MKK5U\Renars SID (S-1-5-21-850498477-2290094382-3762704528-1001) from address LocalHost (Using LRPC) running in the application container Microsoft.Windows.ShellExperienceHost_10.0.18362.449_neutral_neutral_cw5n1h2txyewy SID (S-1-15-2-155514346-2573954481-755741238-1654018636-1233331829-3075935687-2861478708). This security permission can be modified using the Component Services administrative tool."
Warning,6/25/2020 14:02:40,Netwtw08,6062,None,6062 - Lso was triggered
Information,6/25/2020 14:02:22,Netwtw08,7021,None,7021 - Connection telemetry fields and analysis usage
Information,6/25/2020 14:02:20,Netwtw08,7021,None,7021 - Connection telemetry fields and analysis usage
Information,6/25/2020 14:02:16,Netwtw08,7021,None,7021 - Connection telemetry fields and analysis usage
Information,6/25/2020 14:02:15,Netwtw08,7021,None,7021 - Connection telemetry fields and analysis usage
Warning,6/25/2020 14:02:13,Microsoft-Windows-DistributedCOM,10016,None,"The machine-default permission settings do not grant Local Activation permission for the COM Server application with CLSID 
{C2F03A33-21F5-47FA-B4BB-156362A2F239}
 and APPID 
{316CDED5-E4AE-4B15-9113-7055D84DCC97}
 to the user LAPTOP-PR1MKK5U\Renars SID (S-1-5-21-850498477-2290094382-3762704528-1001) from address LocalHost (Using LRPC) running in the application container Microsoft.Windows.ShellExperienceHost_10.0.18362.449_neutral_neutral_cw5n1h2txyewy SID (S-1-15-2-155514346-2573954481-755741238-1654018636-1233331829-3075935687-2861478708). This security permission can be modified using the Component Services administrative tool."
Information,6/25/2020 14:02:12,Netwtw08,7021,None,7021 - Connection telemetry fields and analysis usage
Information,6/25/2020 14:02:11,Netwtw08,7021,None,7021 - Connection telemetry fields and analysis usage
Information,6/25/2020 14:02:07,Netwtw08,7021,None,7021 - Connection telemetry fields and analysis usage
Information,6/25/2020 14:02:06,Netwtw08,7021,None,7021 - Connection telemetry fields and analysis usage
Information,6/25/2020 14:02:03,Netwtw08,7021,None,7021 - Connection telemetry fields and analysis usage
Information,6/25/2020 14:02:02,Netwtw08,7021,None,7021 - Connection telemetry fields and analysis usage
Information,6/25/2020 14:01:51,Netwtw08,7021,None,7021 - Connection telemetry fields and analysis usage
Information,6/25/2020 14:01:50,Netwtw08,7021,None,7021 - Connection telemetry fields and analysis usage
Information,6/25/2020 14:01:42,Netwtw08,7021,None,7021 - Connection telemetry fields and analysis usage
Warning,6/25/2020 14:01:40,Netwtw08,6062,None,6062 - Lso was triggered
Information,6/25/2020 14:01:40,Netwtw08,7021,None,7021 - Connection telemetry fields and analysis usage
Warning,6/25/2020 14:01:39,Netwtw08,6062,None,6062 - Lso was triggered
Information,6/25/2020 14:01:39,Netwtw08,7021,None,7021 - Connection telemetry fields and analysis usage
Information,6/25/2020 14:01:36,Netwtw08,7021,None,7021 - Connection telemetry fields and analysis usage
Information,6/25/2020 14:01:34,Netwtw08,7021,None,7021 - Connection telemetry fields and analysis usage
Information,6/25/2020 14:01:31,Netwtw08,7021,None,7021 - Connection telemetry fields and analysis usage
Information,6/25/2020 14:01:30,Netwtw08,7021,None,7021 - Connection telemetry fields and analysis usage
Information,6/25/2020 14:01:27,Netwtw08,7021,None,7021 - Connection telemetry fields and analysis usage
Information,6/25/2020 14:01:26,Netwtw08,7021,None,7021 - Connection telemetry fields and analysis usage
Information,6/25/2020 14:01:14,Netwtw08,7021,None,7021 - Connection telemetry fields and analysis usage
Information,6/25/2020 14:01:13,Netwtw08,7021,None,7021 - Connection telemetry fields and analysis usage
Information,6/25/2020 14:01:11,Netwtw08,7021,None,7021 - Connection telemetry fields and analysis usage
Information,6/25/2020 14:01:05,Netwtw08,7021,None,7021 - Connection telemetry fields and analysis usage
Information,6/25/2020 14:01:04,Netwtw08,7021,None,7021 - Connection telemetry fields and analysis usage
Information,6/25/2020 14:01:03,Netwtw08,7021,None,7021 - Connection telemetry fields and analysis usage
Information,6/25/2020 14:01:00,Netwtw08,7021,None,7021 - Connection telemetry fields and analysis usage
Information,6/25/2020 14:00:58,Netwtw08,7021,None,7021 - Connection telemetry fields and analysis usage
Information,6/25/2020 14:00:56,Netwtw08,7021,None,7021 - Connection telemetry fields and analysis usage
Information,6/25/2020 14:00:55,Netwtw08,7021,None,7021 - Connection telemetry fields and analysis usage
Information,6/25/2020 14:00:54,Netwtw08,7021,None,7021 - Connection telemetry fields and analysis usage
Information,6/25/2020 14:00:51,Netwtw08,7021,None,7021 - Connection telemetry fields and analysis usage
Information,6/25/2020 14:00:50,Netwtw08,7021,None,7021 - Connection telemetry fields and analysis usage
Warning,6/25/2020 14:00:40,Netwtw08,6062,None,6062 - Lso was triggered
Information,6/25/2020 14:00:38,Netwtw08,7021,None,7021 - Connection telemetry fields and analysis usage
Information,6/25/2020 14:00:38,Netwtw08,7021,None,7021 - Connection telemetry fields and analysis usage
Information,6/25/2020 14:00:38,Netwtw08,7021,None,7021 - Connection telemetry fields and analysis usage
Information,6/25/2020 14:00:36,Netwtw08,7021,None,7021 - Connection telemetry fields and analysis usage
Information,6/25/2020 14:00:35,Netwtw08,7021,None,7021 - Connection telemetry fields and analysis usage
Information,6/25/2020 14:00:32,Netwtw08,7021,None,7021 - Connection telemetry fields and analysis usage
Information,6/25/2020 14:00:30,Netwtw08,7021,None,7021 - Connection telemetry fields and analysis usage
Information,6/25/2020 14:00:28,Netwtw08,7021,None,7021 - Connection telemetry fields and analysis usage
Information,6/25/2020 14:00:27,Netwtw08,7021,None,7021 - Connection telemetry fields and analysis usage
Information,6/25/2020 14:00:24,Netwtw08,7021,None,7021 - Connection telemetry fields and analysis usage
Information,6/25/2020 14:00:23,Netwtw08,7021,None,7021 - Connection telemetry fields and analysis usage
Information,6/25/2020 14:00:19,Netwtw08,7021,None,7021 - Connection telemetry fields and analysis usage
Information,6/25/2020 14:00:18,Netwtw08,7021,None,7021 - Connection telemetry fields and analysis usage
Information,6/25/2020 14:00:15,Netwtw08,7021,None,7021 - Connection telemetry fields and analysis usage
Information,6/25/2020 14:00:14,Netwtw08,7021,None,7021 - Connection telemetry fields and analysis usage
Information,6/25/2020 14:00:03,Netwtw08,7021,None,7021 - Connection telemetry fields and analysis usage
Information,6/25/2020 14:00:02,Netwtw08,7021,None,7021 - Connection telemetry fields and analysis usage
Information,6/25/2020 13:59:57,Netwtw08,7021,None,7021 - Connection telemetry fields and analysis usage
Information,6/25/2020 13:59:53,Netwtw08,7021,None,7021 - Connection telemetry fields and analysis usage
Information,6/25/2020 13:59:52,Netwtw08,7021,None,7021 - Connection telemetry fields and analysis usage
Information,6/25/2020 13:59:51,Netwtw08,7021,None,7021 - Connection telemetry fields and analysis usage
Information,6/25/2020 13:59:48,Netwtw08,7021,None,7021 - Connection telemetry fields and analysis usage
Information,6/25/2020 13:59:47,Netwtw08,7021,None,7021 - Connection telemetry fields and analysis usage
Information,6/25/2020 13:59:43,Netwtw08,7021,None,7021 - Connection telemetry fields and analysis usage
Information,6/25/2020 13:59:42,Netwtw08,7021,None,7021 - Connection telemetry fields and analysis usage
Information,6/25/2020 13:59:39,Netwtw08,7021,None,7021 - Connection telemetry fields and analysis usage
Information,6/25/2020 13:59:38,Netwtw08,7021,None,7021 - Connection telemetry fields and analysis usage
Information,6/25/2020 13:59:35,Netwtw08,7021,None,7021 - Connection telemetry fields and analysis usage
Information,6/25/2020 13:59:22,Netwtw08,7021,None,7021 - Connection telemetry fields and analysis usage
Information,6/25/2020 13:59:18,Netwtw08,7021,None,7021 - Connection telemetry fields and analysis usage
Information,6/25/2020 13:59:16,Netwtw08,7021,None,7021 - Connection telemetry fields and analysis usage
Information,6/25/2020 13:59:15,Netwtw08,7021,None,7021 - Connection telemetry fields and analysis usage
Information,6/25/2020 13:59:12,Netwtw08,7021,None,7021 - Connection telemetry fields and analysis usage
Information,6/25/2020 13:59:11,Netwtw08,7021,None,7021 - Connection telemetry fields and analysis usage
Information,6/25/2020 13:59:07,Netwtw08,7021,None,7021 - Connection telemetry fields and analysis usage
Information,6/25/2020 13:59:06,Netwtw08,7021,None,7021 - Connection telemetry fields and analysis usage
Information,6/25/2020 13:59:03,Netwtw08,7021,None,7021 - Connection telemetry fields and analysis usage
Information,6/25/2020 13:59:02,Netwtw08,7021,None,7021 - Connection telemetry fields and analysis usage
Information,6/25/2020 13:58:50,Netwtw08,7021,None,7021 - Connection telemetry fields and analysis usage
Information,6/25/2020 13:58:50,Netwtw08,7021,None,7021 - Connection telemetry fields and analysis usage
Information,6/25/2020 13:58:46,Netwtw08,7021,None,7021 - Connection telemetry fields and analysis usage
Information,6/25/2020 13:58:46,Netwtw08,7021,None,7021 - Connection telemetry fields and analysis usage
Warning,6/25/2020 13:58:45,Netwtw08,6105,None,6105 - deauth after EAPOL key exchange sequence
Information,6/25/2020 13:58:42,Netwtw08,7021,None,7021 - Connection telemetry fields and analysis usage
Information,6/25/2020 13:58:40,Netwtw08,7021,None,7021 - Connection telemetry fields and analysis usage
Information,6/25/2020 13:58:39,Netwtw08,7021,None,7021 - Connection telemetry fields and analysis usage
Information,6/25/2020 13:58:36,Netwtw08,7021,None,7021 - Connection telemetry fields and analysis usage
Information,6/25/2020 13:58:35,Netwtw08,7021,None,7021 - Connection telemetry fields and analysis usage
Information,6/25/2020 13:58:31,Netwtw08,7021,None,7021 - Connection telemetry fields and analysis usage
Information,6/25/2020 13:58:30,Netwtw08,7021,None,7021 - Connection telemetry fields and analysis usage
Warning,6/25/2020 13:58:27,Netwtw08,6062,None,6062 - Lso was triggered
Information,6/25/2020 13:58:27,Netwtw08,7021,None,7021 - Connection telemetry fields and analysis usage
Information,6/25/2020 13:58:26,Netwtw08,7021,None,7021 - Connection telemetry fields and analysis usage
Information,6/25/2020 13:58:14,Netwtw08,7021,None,7021 - Connection telemetry fields and analysis usage
Information,6/25/2020 13:58:13,Netwtw08,7021,None,7021 - Connection telemetry fields and analysis usage
Information,6/25/2020 13:58:11,Netwtw08,7021,None,7021 - Connection telemetry fields and analysis usage
Information,6/25/2020 13:58:09,Netwtw08,7021,None,7021 - Connection telemetry fields and analysis usage
Information,6/25/2020 13:58:08,Netwtw08,7021,None,7021 - Connection telemetry fields and analysis usage
Information,6/25/2020 13:58:06,Netwtw08,7021,None,7021 - Connection telemetry fields and analysis usage
Information,6/25/2020 13:58:04,Netwtw08,7021,None,7021 - Connection telemetry fields and analysis usage
Information,6/25/2020 13:58:03,Netwtw08,7021,None,7021 - Connection telemetry fields and analysis usage
Warning,6/25/2020 13:58:03,Netwtw08,6062,None,6062 - Lso was triggered
Information,6/25/2020 13:58:00,Netwtw08,7021,None,7021 - Connection telemetry fields and analysis usage
Information,6/25/2020 13:57:59,Netwtw08,7021,None,7021 - Connection telemetry fields and analysis usage
Information,6/25/2020 13:57:55,Netwtw08,7021,None,7021 - Connection telemetry fields and analysis usage
Information,6/25/2020 13:57:54,Netwtw08,7021,None,7021 - Connection telemetry fields and analysis usage
Information,6/25/2020 13:57:51,Netwtw08,7021,None,7021 - Connection telemetry fields and analysis usage
Information,6/25/2020 13:57:50,Netwtw08,7021,None,7021 - Connection telemetry fields and analysis usage
Warning,6/25/2020 13:57:49,Netwtw08,6062,None,6062 - Lso was triggered
Information,6/25/2020 13:57:38,Netwtw08,7021,None,7021 - Connection telemetry fields and analysis usage
Information,6/25/2020 13:57:37,Netwtw08,7021,None,7021 - Connection telemetry fields and analysis usage
Information,6/25/2020 13:57:37,Netwtw08,7021,None,7021 - Connection telemetry fields and analysis usage
Information,6/25/2020 13:57:34,Netwtw08,7021,None,7021 - Connection telemetry fields and analysis usage
Information,6/25/2020 13:57:33,Netwtw08,7021,None,7021 - Connection telemetry fields and analysis usage
Information,6/25/2020 13:57:28,Netwtw08,7021,None,7021 - Connection telemetry fields and analysis usage
Information,6/25/2020 13:57:27,Netwtw08,7021,None,7021 - Connection telemetry fields and analysis usage
Warning,6/25/2020 13:57:25,Netwtw08,6062,None,6062 - Lso was triggered
Information,6/25/2020 13:57:24,Netwtw08,7021,None,7021 - Connection telemetry fields and analysis usage
Information,6/25/2020 13:57:23,Netwtw08,7021,None,7021 - Connection telemetry fields and analysis usage
Information,6/25/2020 13:57:19,Netwtw08,7021,None,7021 - Connection telemetry fields and analysis usage
Information,6/25/2020 13:57:18,Netwtw08,7021,None,7021 - Connection telemetry fields and analysis usage
Information,6/25/2020 13:57:15,Netwtw08,7021,None,7021 - Connection telemetry fields and analysis usage
Information,6/25/2020 13:57:14,Netwtw08,7021,None,7021 - Connection telemetry fields and analysis usage
Information,6/25/2020 13:57:02,Netwtw08,7021,None,7021 - Connection telemetry fields and analysis usage
Information,6/25/2020 13:57:02,Netwtw08,7021,None,7021 - Connection telemetry fields and analysis usage
Information,6/25/2020 13:57:02,Netwtw08,7021,None,7021 - Connection telemetry fields and analysis usage
Warning,6/25/2020 13:56:58,Netwtw08,6062,None,6062 - Lso was triggered
Information,6/25/2020 13:56:58,Netwtw08,7021,None,7021 - Connection telemetry fields and analysis usage
Warning,6/25/2020 13:56:57,Netwtw08,6062,None,6062 - Lso was triggered
Information,6/25/2020 13:56:57,Netwtw08,7021,None,7021 - Connection telemetry fields and analysis usage
Information,6/25/2020 13:56:55,Netwtw08,7021,None,7021 - Connection telemetry fields and analysis usage
Information,6/25/2020 13:56:54,Netwtw08,7021,None,7021 - Connection telemetry fields and analysis usage
Information,6/25/2020 13:56:52,Netwtw08,7021,None,7021 - Connection telemetry fields and analysis usage
Information,6/25/2020 13:56:51,Netwtw08,7021,None,7021 - Connection telemetry fields and analysis usage
Information,6/25/2020 13:56:44,Netwtw08,7021,None,7021 - Connection telemetry fields and analysis usage
Information,6/25/2020 13:56:43,Netwtw08,7021,None,7021 - Connection telemetry fields and analysis usage
Information,6/25/2020 13:56:42,Netwtw08,7021,None,7021 - Connection telemetry fields and analysis usage
Information,6/25/2020 13:56:39,Netwtw08,7021,None,7021 - Connection telemetry fields and analysis usage
Information,6/25/2020 13:56:38,Netwtw08,7021,None,7021 - Connection telemetry fields and analysis usage
Warning,6/25/2020 13:56:25,Netwtw08,6062,None,6062 - Lso was triggered
Information,6/25/2020 13:56:21,Netwtw08,7021,None,7021 - Connection telemetry fields and analysis usage
Information,6/25/2020 13:56:21,Netwtw08,7021,None,7021 - Connection telemetry fields and analysis usage
Information,6/25/2020 13:56:19,Netwtw08,7021,None,7021 - Connection telemetry fields and analysis usage
Information,6/25/2020 13:56:19,Netwtw08,7021,None,7021 - Connection telemetry fields and analysis usage
Information,6/25/2020 13:56:16,Netwtw08,7021,None,7021 - Connection telemetry fields and analysis usage
Information,6/25/2020 13:56:15,Netwtw08,7021,None,7021 - Connection telemetry fields and analysis usage
Warning,6/25/2020 13:56:14,Netwtw08,6062,None,6062 - Lso was triggered
Information,6/25/2020 13:56:12,Netwtw08,7021,None,7021 - Connection telemetry fields and analysis usage
Information,6/25/2020 13:56:12,Netwtw08,7021,None,7021 - Connection telemetry fields and analysis usage
Information,6/25/2020 13:56:11,Netwtw08,7021,None,7021 - Connection telemetry fields and analysis usage
Information,6/25/2020 13:56:07,Netwtw08,7021,None,7021 - Connection telemetry fields and analysis usage
Information,6/25/2020 13:56:07,Netwtw08,7021,None,7021 - Connection telemetry fields and analysis usage
Information,6/25/2020 13:56:06,Netwtw08,7021,None,7021 - Connection telemetry fields and analysis usage
Information,6/25/2020 13:56:03,Netwtw08,7021,None,7021 - Connection telemetry fields and analysis usage
Information,6/25/2020 13:56:02,Netwtw08,7021,None,7021 - Connection telemetry fields and analysis usage
Information,6/25/2020 13:55:50,Netwtw08,7021,None,7021 - Connection telemetry fields and analysis usage
Information,6/25/2020 13:55:49,Netwtw08,7021,None,7021 - Connection telemetry fields and analysis usage
Information,6/25/2020 13:55:46,Netwtw08,7021,None,7021 - Connection telemetry fields and analysis usage
Information,6/25/2020 13:55:46,Netwtw08,7021,None,7021 - Connection telemetry fields and analysis usage
Information,6/25/2020 13:55:42,Netwtw08,7021,None,7021 - Connection telemetry fields and analysis usage
Information,6/25/2020 13:55:40,Netwtw08,7021,None,7021 - Connection telemetry fields and analysis usage
Information,6/25/2020 13:55:39,Netwtw08,7021,None,7021 - Connection telemetry fields and analysis usage
Information,6/25/2020 13:55:31,Netwtw08,7021,None,7021 - Connection telemetry fields and analysis usage
Information,6/25/2020 13:55:30,Netwtw08,7021,None,7021 - Connection telemetry fields and analysis usage
Information,6/25/2020 13:55:27,Netwtw08,7021,None,7021 - Connection telemetry fields and analysis usage
Information,6/25/2020 13:55:26,Netwtw08,7021,None,7021 - Connection telemetry fields and analysis usage
Warning,6/25/2020 13:55:24,Netwtw08,6062,None,6062 - Lso was triggered
Information,6/25/2020 13:55:14,Netwtw08,7021,None,7021 - Connection telemetry fields and analysis usage
Information,6/25/2020 13:55:12,Netwtw08,7021,None,7021 - Connection telemetry fields and analysis usage
Information,6/25/2020 13:55:10,Netwtw08,7021,None,7021 - Connection telemetry fields and analysis usage
Information,6/25/2020 13:55:06,Netwtw08,7021,None,7021 - Connection telemetry fields and analysis usage
Information,6/25/2020 13:55:04,Netwtw08,7021,None,7021 - Connection telemetry fields and analysis usage
Information,6/25/2020 13:55:03,Netwtw08,7021,None,7021 - Connection telemetry fields and analysis usage
Information,6/25/2020 13:54:54,Netwtw08,7021,None,7021 - Connection telemetry fields and analysis usage
Information,6/25/2020 13:54:54,Netwtw08,7021,None,7021 - Connection telemetry fields and analysis usage
Information,6/25/2020 13:54:51,Netwtw08,7021,None,7021 - Connection telemetry fields and analysis usage
Information,6/25/2020 13:54:50,Netwtw08,7021,None,7021 - Connection telemetry fields and analysis usage
Information,6/25/2020 13:54:38,Netwtw08,7021,None,7021 - Connection telemetry fields and analysis usage
Information,6/25/2020 13:54:33,Netwtw08,7021,None,7021 - Connection telemetry fields and analysis usage
Information,6/25/2020 13:54:28,Netwtw08,7021,None,7021 - Connection telemetry fields and analysis usage
Information,6/25/2020 13:54:27,Netwtw08,7021,None,7021 - Connection telemetry fields and analysis usage
Warning,6/25/2020 13:54:23,Netwtw08,6062,None,6062 - Lso was triggered
Information,6/25/2020 13:54:19,Netwtw08,7021,None,7021 - Connection telemetry fields and analysis usage
Information,6/25/2020 13:54:18,Netwtw08,7021,None,7021 - Connection telemetry fields and analysis usage
Information,6/25/2020 13:54:15,Netwtw08,7021,None,7021 - Connection telemetry fields and analysis usage
Information,6/25/2020 13:54:14,Netwtw08,7021,None,7021 - Connection telemetry fields and analysis usage
Information,6/25/2020 13:54:02,Netwtw08,7021,None,7021 - Connection telemetry fields and analysis usage
Information,6/25/2020 13:54:01,Netwtw08,7021,None,7021 - Connection telemetry fields and analysis usage
Information,6/25/2020 13:53:58,Netwtw08,7021,None,7021 - Connection telemetry fields and analysis usage
Information,6/25/2020 13:53:57,Netwtw08,7021,None,7021 - Connection telemetry fields and analysis usage
Information,6/25/2020 13:53:54,Netwtw08,7021,None,7021 - Connection telemetry fields and analysis usage
Information,6/25/2020 13:53:52,Netwtw08,7021,None,7021 - Connection telemetry fields and analysis usage
Information,6/25/2020 13:53:52,Netwtw08,7021,None,7021 - Connection telemetry fields and analysis usage
Information,6/25/2020 13:53:51,Netwtw08,7021,None,7021 - Connection telemetry fields and analysis usage
Information,6/25/2020 13:53:48,Netwtw08,7021,None,7021 - Connection telemetry fields and analysis usage
Information,6/25/2020 13:53:48,Netwtw08,7021,None,7021 - Connection telemetry fields and analysis usage
Information,6/25/2020 13:53:48,Netwtw08,7021,None,7021 - Connection telemetry fields and analysis usage
Information,6/25/2020 13:53:47,Netwtw08,7021,None,7021 - Connection telemetry fields and analysis usage
Information,6/25/2020 13:53:42,Netwtw08,7021,None,7021 - Connection telemetry fields and analysis usage
Information,6/25/2020 13:53:42,Netwtw08,7021,None,7021 - Connection telemetry fields and analysis usage
Information,6/25/2020 13:53:39,Netwtw08,7021,None,7021 - Connection telemetry fields and analysis usage
Information,6/25/2020 13:53:38,Netwtw08,7021,None,7021 - Connection telemetry fields and analysis usage
Information,6/25/2020 13:53:27,Netwtw08,7021,None,7021 - Connection telemetry fields and analysis usage
Information,6/25/2020 13:53:26,Netwtw08,7021,None,7021 - Connection telemetry fields and analysis usage
Warning,6/25/2020 13:53:21,Netwtw08,6062,None,6062 - Lso was triggered
Information,6/25/2020 13:53:21,Netwtw08,7021,None,7021 - Connection telemetry fields and analysis usage
Information,6/25/2020 13:53:21,Netwtw08,7021,None,7021 - Connection telemetry fields and analysis usage
Information,6/25/2020 13:53:20,Netwtw08,7021,None,7021 - Connection telemetry fields and analysis usage
Information,6/25/2020 13:53:19,Netwtw08,7021,None,7021 - Connection telemetry fields and analysis usage
Information,6/25/2020 13:53:16,Netwtw08,7021,None,7021 - Connection telemetry fields and analysis usage
Information,6/25/2020 13:53:15,Netwtw08,7021,None,7021 - Connection telemetry fields and analysis usage
Information,6/25/2020 13:53:12,Netwtw08,7021,None,7021 - Connection telemetry fields and analysis usage
Information,6/25/2020 13:53:12,Netwtw08,7021,None,7021 - Connection telemetry fields and analysis usage
Information,6/25/2020 13:53:08,Netwtw08,7021,None,7021 - Connection telemetry fields and analysis usage
Information,6/25/2020 13:53:07,Netwtw08,7021,None,7021 - Connection telemetry fields and analysis usage
Information,6/25/2020 13:53:06,Netwtw08,7021,None,7021 - Connection telemetry fields and analysis usage
Information,6/25/2020 13:53:03,Netwtw08,7021,None,7021 - Connection telemetry fields and analysis usage
Information,6/25/2020 13:53:02,Netwtw08,7021,None,7021 - Connection telemetry fields and analysis usage
Information,6/25/2020 13:52:51,Netwtw08,7021,None,7021 - Connection telemetry fields and analysis usage
Information,6/25/2020 13:52:50,Netwtw08,7021,None,7021 - Connection telemetry fields and analysis usage
Information,6/25/2020 13:52:45,Netwtw08,7021,None,7021 - Connection telemetry fields and analysis usage
Information,6/25/2020 13:52:40,Netwtw08,7021,None,7021 - Connection telemetry fields and analysis usage
Information,6/25/2020 13:52:40,Netwtw08,7021,None,7021 - Connection telemetry fields and analysis usage
Information,6/25/2020 13:52:39,Netwtw08,7021,None,7021 - Connection telemetry fields and analysis usage
Information,6/25/2020 13:52:36,Netwtw08,7021,None,7021 - Connection telemetry fields and analysis usage
Information,6/25/2020 13:52:34,Netwtw08,7021,None,7021 - Connection telemetry fields and analysis usage
Information,6/25/2020 13:52:31,Netwtw08,7021,None,7021 - Connection telemetry fields and analysis usage
Information,6/25/2020 13:52:30,Netwtw08,7021,None,7021 - Connection telemetry fields and analysis usage
Information,6/25/2020 13:52:27,Netwtw08,7021,None,7021 - Connection telemetry fields and analysis usage
Information,6/25/2020 13:52:26,Netwtw08,7021,None,7021 - Connection telemetry fields and analysis usage
Warning,6/25/2020 13:52:20,Netwtw08,6062,None,6062 - Lso was triggered
Information,6/25/2020 13:52:14,Netwtw08,7021,None,7021 - Connection telemetry fields and analysis usage
Information,6/25/2020 13:52:14,Netwtw08,7021,None,7021 - Connection telemetry fields and analysis usage
Information,6/25/2020 13:52:13,Netwtw08,7021,None,7021 - Connection telemetry fields and analysis usage
Information,6/25/2020 13:52:12,Netwtw08,7021,None,7021 - Connection telemetry fields and analysis usage
Information,6/25/2020 13:52:10,Netwtw08,7021,None,7021 - Connection telemetry fields and analysis usage
Information,6/25/2020 13:52:10,Netwtw08,7021,None,7021 - Connection telemetry fields and analysis usage
Information,6/25/2020 13:52:05,Netwtw08,7021,None,7021 - Connection telemetry fields and analysis usage
Information,6/25/2020 13:52:04,Netwtw08,7021,None,7021 - Connection telemetry fields and analysis usage
Information,6/25/2020 13:52:03,Netwtw08,7021,None,7021 - Connection telemetry fields and analysis usage
Information,6/25/2020 13:52:00,Netwtw08,7021,None,7021 - Connection telemetry fields and analysis usage
Information,6/25/2020 13:51:58,Netwtw08,7021,None,7021 - Connection telemetry fields and analysis usage
Information,6/25/2020 13:51:55,Netwtw08,7021,None,7021 - Connection telemetry fields and analysis usage
Information,6/25/2020 13:51:54,Netwtw08,7021,None,7021 - Connection telemetry fields and analysis usage
Warning,6/25/2020 13:51:52,Netwtw08,6062,None,6062 - Lso was triggered
Information,6/25/2020 13:51:51,Netwtw08,7021,None,7021 - Connection telemetry fields and analysis usage
Information,6/25/2020 13:51:51,Netwtw08,7021,None,7021 - Connection telemetry fields and analysis usage
Warning,6/25/2020 13:51:46,Netwtw08,6062,None,6062 - Lso was triggered
Information,6/25/2020 13:51:39,Netwtw08,7021,None,7021 - Connection telemetry fields and analysis usage
Warning,6/25/2020 13:51:34,Microsoft-Windows-NDIS,10400,None,"The network interface ""Intel(R) Wireless-AC 9560 160MHz"" has begun resetting.  There will be a momentary disruption in network connectivity while the hardware resets. Reason: The network driver requested that it be reset. This network interface has reset 1 time(s) since it was last initialized."
Error,6/25/2020 13:51:34,Netwtw08,5002,None,Intel(R) Wireless-AC 9560 160MHz : Has determined that the network adapter is not functioning properly.
Error,6/25/2020 13:51:34,Netwtw08,5005,None,Intel(R) Wireless-AC 9560 160MHz : Has encountered an internal error and has failed.
Information,6/25/2020 13:51:33,Netwtw08,7021,None,7021 - Connection telemetry fields and analysis usage
Information,6/25/2020 13:51:28,Netwtw08,7021,None,7021 - Connection telemetry fields and analysis usage
Warning,6/25/2020 13:51:27,Netwtw08,6062,None,6062 - Lso was triggered
Information,6/25/2020 13:51:27,Netwtw08,7021,None,7021 - Connection telemetry fields and analysis usage
Warning,6/25/2020 13:51:20,Netwtw08,6062,None,6062 - Lso was triggered
Information,6/25/2020 13:51:19,Netwtw08,7021,None,7021 - Connection telemetry fields and analysis usage
Information,6/25/2020 13:51:18,Netwtw08,7021,None,7021 - Connection telemetry fields and analysis usage
Warning,6/25/2020 13:51:17,Netwtw08,6062,None,6062 - Lso was triggered
Information,6/25/2020 13:51:15,Netwtw08,7021,None,7021 - Connection telemetry fields and analysis usage
Information,6/25/2020 13:51:14,Netwtw08,7021,None,7021 - Connection telemetry fields and analysis usage
Information,6/25/2020 13:51:08,Microsoft-Windows-WindowsUpdateClient,19,Windows Update Agent,Installation Successful: Windows successfully installed the following update: Security Intelligence Update for Microsoft Defender Antivirus - KB2267602 (Version 1.319.167.0)
Warning,6/25/2020 13:51:07,Netwtw08,6062,None,6062 - Lso was triggered
Information,6/25/2020 13:51:03,Netwtw08,7021,None,7021 - Connection telemetry fields and analysis usage
Information,6/25/2020 13:51:02,Netwtw08,7021,None,7021 - Connection telemetry fields and analysis usage
Warning,6/25/2020 13:51:01,Netwtw08,6062,None,6062 - Lso was triggered
Information,6/25/2020 13:50:59,Microsoft-Windows-WindowsUpdateClient,43,Windows Update Agent,Installation Started: Windows has started installing the following update: Security Intelligence Update for Microsoft Defender Antivirus - KB2267602 (Version 1.319.167.0)
Information,6/25/2020 13:50:59,Microsoft-Windows-WindowsUpdateClient,44,Windows Update Agent,Windows Update started downloading an update.
Information,6/25/2020 13:50:59,Netwtw08,7021,None,7021 - Connection telemetry fields and analysis usage
Information,6/25/2020 13:50:57,Netwtw08,7021,None,7021 - Connection telemetry fields and analysis usage
Information,6/25/2020 13:50:57,Netwtw08,7021,None,7021 - Connection telemetry fields and analysis usage
Information,6/25/2020 13:50:52,Netwtw08,7021,None,7021 - Connection telemetry fields and analysis usage
Information,6/25/2020 13:50:52,Netwtw08,7021,None,7021 - Connection telemetry fields and analysis usage
Warning,6/25/2020 13:50:51,Netwtw08,6062,None,6062 - Lso was triggered
Information,6/25/2020 13:50:51,Netwtw08,7021,None,7021 - Connection telemetry fields and analysis usage
Warning,6/25/2020 13:50:49,Netwtw08,6062,None,6062 - Lso was triggered
Information,6/25/2020 13:50:48,Netwtw08,7021,None,7021 - Connection telemetry fields and analysis usage
Warning,6/25/2020 13:50:48,Netwtw08,6062,None,6062 - Lso was triggered
Information,6/25/2020 13:50:47,Netwtw08,7021,None,7021 - Connection telemetry fields and analysis usage
Information,6/25/2020 13:50:43,Netwtw08,7021,None,7021 - Connection telemetry fields and analysis usage
Information,6/25/2020 13:50:42,Netwtw08,7021,None,7021 - Connection telemetry fields and analysis usage
Information,6/25/2020 13:50:40,Netwtw08,7021,None,7021 - Connection telemetry fields and analysis usage
Information,6/25/2020 13:50:38,Netwtw08,7021,None,7021 - Connection telemetry fields and analysis usage
Information,6/25/2020 13:50:26,Netwtw08,7021,None,7021 - Connection telemetry fields and analysis usage
Information,6/25/2020 13:50:25,Netwtw08,7021,None,7021 - Connection telemetry fields and analysis usage
Information,6/25/2020 13:50:23,Netwtw08,7021,None,7021 - Connection telemetry fields and analysis usage
Information,6/25/2020 13:50:21,Netwtw08,7021,None,7021 - Connection telemetry fields and analysis usage
Information,6/25/2020 13:50:16,Netwtw08,7021,None,7021 - Connection telemetry fields and analysis usage
Information,6/25/2020 13:50:15,Netwtw08,7021,None,7021 - Connection telemetry fields and analysis usage
Information,6/25/2020 13:50:12,Netwtw08,7021,None,7021 - Connection telemetry fields and analysis usage
Information,6/25/2020 13:50:11,Netwtw08,7021,None,7021 - Connection telemetry fields and analysis usage
Information,6/25/2020 13:50:07,Netwtw08,7021,None,7021 - Connection telemetry fields and analysis usage
Information,6/25/2020 13:50:06,Netwtw08,7021,None,7021 - Connection telemetry fields and analysis usage
Information,6/25/2020 13:50:03,Netwtw08,7021,None,7021 - Connection telemetry fields and analysis usage
Information,6/25/2020 13:50:02,Netwtw08,7021,None,7021 - Connection telemetry fields and analysis usage
Warning,6/25/2020 13:49:57,Netwtw08,6062,None,6062 - Lso was triggered
Information,6/25/2020 13:49:51,Netwtw08,7021,None,7021 - Connection telemetry fields and analysis usage
Warning,6/25/2020 13:49:51,Netwtw08,6062,None,6062 - Lso was triggered
Information,6/25/2020 13:49:42,Netwtw08,7021,None,7021 - Connection telemetry fields and analysis usage
Information,6/25/2020 13:49:40,Netwtw08,7021,None,7021 - Connection telemetry fields and analysis usage
Information,6/25/2020 13:49:40,Netwtw08,7021,None,7021 - Connection telemetry fields and analysis usage
Information,6/25/2020 13:49:39,Netwtw08,7021,None,7021 - Connection telemetry fields and analysis usage
Warning,6/25/2020 13:49:38,Netwtw08,6062,None,6062 - Lso was triggered
Information,6/25/2020 13:49:36,Netwtw08,7021,None,7021 - Connection telemetry fields and analysis usage
Information,6/25/2020 13:49:34,Netwtw08,7021,None,7021 - Connection telemetry fields and analysis usage
Warning,6/25/2020 13:49:31,Netwtw08,6062,None,6062 - Lso was triggered
Warning,6/25/2020 13:49:31,Microsoft-Windows-DNS-Client,1014,(1014),Name resolution for the name secure.adnxs.com timed out after none of the configured DNS servers responded.
Information,6/25/2020 13:49:31,Netwtw08,7021,None,7021 - Connection telemetry fields and analysis usage
Information,6/25/2020 13:49:30,Netwtw08,7021,None,7021 - Connection telemetry fields and analysis usage
Information,6/25/2020 13:49:27,Netwtw08,7021,None,7021 - Connection telemetry fields and analysis usage
Information,6/25/2020 13:49:26,Netwtw08,7021,None,7021 - Connection telemetry fields and analysis usage
Warning,6/25/2020 13:49:15,Netwtw08,6062,None,6062 - Lso was triggered
Information,6/25/2020 13:49:14,Netwtw08,7021,None,7021 - Connection telemetry fields and analysis usage
Information,6/25/2020 13:49:13,Netwtw08,7021,None,7021 - Connection telemetry fields and analysis usage
Information,6/25/2020 13:49:10,Netwtw08,7021,None,7021 - Connection telemetry fields and analysis usage
Information,6/25/2020 13:49:06,Netwtw08,7021,None,7021 - Connection telemetry fields and analysis usage
Information,6/25/2020 13:49:04,Netwtw08,7021,None,7021 - Connection telemetry fields and analysis usage
Information,6/25/2020 13:49:03,Netwtw08,7021,None,7021 - Connection telemetry fields and analysis usage
Information,6/25/2020 13:49:01,Netwtw08,7021,None,7021 - Connection telemetry fields and analysis usage
Information,6/25/2020 13:49:00,Netwtw08,7021,None,7021 - Connection telemetry fields and analysis usage
Information,6/25/2020 13:48:59,Netwtw08,7021,None,7021 - Connection telemetry fields and analysis usage
Information,6/25/2020 13:48:55,Netwtw08,7021,None,7021 - Connection telemetry fields and analysis usage
Information,6/25/2020 13:48:54,Netwtw08,7021,None,7021 - Connection telemetry fields and analysis usage
Information,6/25/2020 13:48:51,Netwtw08,7021,None,7021 - Connection telemetry fields and analysis usage
Information,6/25/2020 13:48:50,Netwtw08,7021,None,7021 - Connection telemetry fields and analysis usage
Information,6/25/2020 13:48:38,Netwtw08,7021,None,7021 - Connection telemetry fields and analysis usage
Information,6/25/2020 13:48:33,Netwtw08,7021,None,7021 - Connection telemetry fields and analysis usage
Warning,6/25/2020 13:48:21,Microsoft-Windows-DistributedCOM,10016,None,"The machine-default permission settings do not grant Local Activation permission for the COM Server application with CLSID 
{C2F03A33-21F5-47FA-B4BB-156362A2F239}
 and APPID 
{316CDED5-E4AE-4B15-9113-7055D84DCC97}
 to the user LAPTOP-PR1MKK5U\Renars SID (S-1-5-21-850498477-2290094382-3762704528-1001) from address LocalHost (Using LRPC) running in the application container Microsoft.Windows.ShellExperienceHost_10.0.18362.449_neutral_neutral_cw5n1h2txyewy SID (S-1-15-2-155514346-2573954481-755741238-1654018636-1233331829-3075935687-2861478708). This security permission can be modified using the Component Services administrative tool."
Warning,6/25/2020 13:42:46,Microsoft-Windows-DistributedCOM,10016,None,"The application-specific permission settings do not grant Local Launch permission for the COM Server application with CLSID 
Windows.SecurityCenter.SecurityAppBroker
 and APPID 
Unavailable
 to the user NT AUTHORITY\SYSTEM SID (S-1-5-18) from address LocalHost (Using LRPC) running in the application container Unavailable SID (Unavailable). This security permission can be modified using the Component Services administrative tool."
Warning,6/25/2020 13:42:46,Microsoft-Windows-DistributedCOM,10016,None,"The application-specific permission settings do not grant Local Launch permission for the COM Server application with CLSID 
Windows.SecurityCenter.WscBrokerManager
 and APPID 
Unavailable
 to the user NT AUTHORITY\SYSTEM SID (S-1-5-18) from address LocalHost (Using LRPC) running in the application container Unavailable SID (Unavailable). This security permission can be modified using the Component Services administrative tool."
Warning,6/25/2020 13:42:46,Microsoft-Windows-DistributedCOM,10016,None,"The application-specific permission settings do not grant Local Launch permission for the COM Server application with CLSID 
Windows.SecurityCenter.WscDataProtection
 and APPID 
Unavailable
 to the user NT AUTHORITY\SYSTEM SID (S-1-5-18) from address LocalHost (Using LRPC) running in the application container Unavailable SID (Unavailable). This security permission can be modified using the Component Services administrative tool."
Warning,6/25/2020 13:41:00,Microsoft-Windows-DistributedCOM,10016,None,"The application-specific permission settings do not grant Local Activation permission for the COM Server application with CLSID 
{2593F8B9-4EAF-457C-B68A-50F6B8EA6B54}
 and APPID 
{15C20B67-12E7-4BB6-92BB-7AFF07997402}
 to the user LAPTOP-PR1MKK5U\Renars SID (S-1-5-21-850498477-2290094382-3762704528-1001) from address LocalHost (Using LRPC) running in the application container Unavailable SID (Unavailable). This security permission can be modified using the Component Services administrative tool."
Warning,6/25/2020 13:40:59,Microsoft-Windows-DistributedCOM,10016,None,"The application-specific permission settings do not grant Local Activation permission for the COM Server application with CLSID 
{2593F8B9-4EAF-457C-B68A-50F6B8EA6B54}
 and APPID 
{15C20B67-12E7-4BB6-92BB-7AFF07997402}
 to the user LAPTOP-PR1MKK5U\Renars SID (S-1-5-21-850498477-2290094382-3762704528-1001) from address LocalHost (Using LRPC) running in the application container Unavailable SID (Unavailable). This security permission can be modified using the Component Services administrative tool."
Warning,6/25/2020 13:40:58,Microsoft-Windows-DistributedCOM,10016,None,"The application-specific permission settings do not grant Local Activation permission for the COM Server application with CLSID 
{2593F8B9-4EAF-457C-B68A-50F6B8EA6B54}
 and APPID 
{15C20B67-12E7-4BB6-92BB-7AFF07997402}
 to the user LAPTOP-PR1MKK5U\Renars SID (S-1-5-21-850498477-2290094382-3762704528-1001) from address LocalHost (Using LRPC) running in the application container Unavailable SID (Unavailable). This security permission can be modified using the Component Services administrative tool."
Warning,6/25/2020 13:40:52,Netwtw08,6062,None,6062 - Lso was triggered
Information,6/25/2020 13:40:50,Microsoft-Windows-TPM-WMI,1025,None,The TPM was successfully provisioned and is now ready for use.
Information,6/25/2020 13:40:49,Microsoft-Windows-TPM-WMI,1282,None,The TBS device identifier has been generated.
Information,6/25/2020 13:40:49,Microsoft-Windows-TPM-WMI,1027,None,The Ownership of the Trusted Platform Module (TPM) hardware on this computer was successfully taken (TPM TakeOwnership command) by the system.
Information,6/25/2020 13:40:49,Microsoft-Windows-TPM-WMI,519,None,The TPM has been cleared. Reason: SRK has changed or is not present..
