Information,6/25/2020 13:40:48,Netwtw08,7021,None,7021 - Connection telemetry fields and analysis usage
Information,6/25/2020 13:40:48,Microsoft-Windows-TPM-WMI,1025,None,The TPM was successfully provisioned and is now ready for use.
Information,6/25/2020 13:40:48,Microsoft-Windows-TPM-WMI,1282,None,The TBS device identifier has been generated.
Information,6/25/2020 13:40:47,Microsoft-Windows-TPM-WMI,1027,None,The Ownership of the Trusted Platform Module (TPM) hardware on this computer was successfully taken (TPM TakeOwnership command) by the system.
Information,6/25/2020 13:40:47,Microsoft-Windows-TPM-WMI,519,None,The TPM has been cleared. Reason: SRK has changed or is not present..
Information,6/25/2020 13:40:46,TPM,18,None,This event triggers the Trusted Platform Module (TPM) provisioning/status check to run.
Warning,6/25/2020 13:40:45,Microsoft-Windows-DistributedCOM,10016,None,"The application-specific permission settings do not grant Local Activation permission for the COM Server application with CLSID 
{6B3B8D23-FA8D-40B9-8DBD-B950333E2C52}
 and APPID 
{4839DDB7-58C2-48F5-8283-E1D1807D0D7D}
 to the user NT AUTHORITY\LOCAL SERVICE SID (S-1-5-19) from address LocalHost (Using LRPC) running in the application container Unavailable SID (Unavailable). This security permission can be modified using the Component Services administrative tool."
Warning,6/25/2020 13:40:45,Microsoft-Windows-DistributedCOM,10016,None,"The application-specific permission settings do not grant Local Activation permission for the COM Server application with CLSID 
{6B3B8D23-FA8D-40B9-8DBD-B950333E2C52}
 and APPID 
{4839DDB7-58C2-48F5-8283-E1D1807D0D7D}
 to the user NT AUTHORITY\LOCAL SERVICE SID (S-1-5-19) from address LocalHost (Using LRPC) running in the application container Unavailable SID (Unavailable). This security permission can be modified using the Component Services administrative tool."
Information,6/25/2020 13:40:45,Service Control Manager,7026,None,"The following boot-start or system-start driver(s) did not load: 
dam"
Information,6/25/2020 13:40:44,Microsoft-Windows-WLAN-AutoConfig,10001,None,"WLAN Extensibility Module has successfully started.

Module Path: C:\Windows\system32\IntelWifiIhv08.dll
"
Information,6/25/2020 13:40:44,Microsoft-Windows-WLAN-AutoConfig,4000,None,"WLAN AutoConfig service has successfully started.
"
Information,6/25/2020 13:40:44,Microsoft-Windows-Winlogon,7001,(1101),User Logon Notification for Customer Experience Improvement Program
Information,6/25/2020 13:40:44,Win32k,267,None,Touch/Touchpad Hardware Quality Assurance verification succeeded.
Information,6/25/2020 13:40:44,Microsoft-Windows-DHCPv6-Client,51046,Service State Event,DHCPv6 client service is started
Information,6/25/2020 13:40:44,Microsoft-Windows-Dhcp-Client,50103,Service State Event,DHCPv4 client registered for shutdown notification
Information,6/25/2020 13:40:44,Microsoft-Windows-Dhcp-Client,50036,Service State Event,DHCPv4 client service is started
Information,6/25/2020 13:40:44,Microsoft-Windows-FilterManager,6,None,"File System Filter 'storqosflt' (10.0, ‎2084‎-‎07‎-‎24T07:29:44.000000000Z) has successfully loaded and registered with Filter Manager."
Information,6/25/2020 13:40:44,Microsoft-Windows-FilterManager,6,None,"File System Filter 'CldFlt' (10.0, ‎2077‎-‎06‎-‎12T17:13:28.000000000Z) has successfully loaded and registered with Filter Manager."
Information,6/25/2020 13:40:44,Microsoft-Windows-FilterManager,1,None,"File System Filter 'CldFlt' (Version 10.0, ‎2077‎-‎06‎-‎12T17:13:28.000000000Z) unloaded successfully."
Information,6/25/2020 13:40:44,Microsoft-Windows-FilterManager,6,None,"File System Filter 'CldFlt' (10.0, ‎2077‎-‎06‎-‎12T17:13:28.000000000Z) has successfully loaded and registered with Filter Manager."
Information,6/25/2020 13:40:44,Microsoft-Windows-FilterManager,6,None,"File System Filter 'luafv' (10.0, ‎1974‎-‎08‎-‎09T15:33:30.000000000Z) has successfully loaded and registered with Filter Manager."
Information,6/25/2020 13:40:44,Microsoft-Windows-FilterManager,6,None,"File System Filter 'wcifs' (10.0, ‎2011‎-‎08‎-‎26T00:27:29.000000000Z) has successfully loaded and registered with Filter Manager."
Information,6/25/2020 13:40:44,Microsoft-Windows-Directory-Services-SAM,16962,None,"Remote calls to the SAM database are being restricted using the default security descriptor: O:SYG:SYD:(A;;RC;;;BA).
For more information please see http://go.microsoft.com/fwlink/?LinkId=787651."
Information,6/25/2020 13:40:44,Win32k,267,None,Touch/Touchpad Hardware Quality Assurance verification succeeded.
Information,6/25/2020 13:40:44,Microsoft-Windows-Wininit,14,None,"Credential Guard configuration: 0x0, 0"
Information,6/25/2020 13:40:43,BTHUSB,18,None,Windows cannot store Bluetooth authentication codes (link keys) on the local adapter. Bluetooth keyboards might not work in the system BIOS during startup.
Information,6/25/2020 13:40:41,MEIx64,2,None,Intel(R) Management Engine Interface driver has started successfully.
Information,6/25/2020 13:40:41,Microsoft-Windows-Kernel-Power,521,(220),Active battery count change.
Information,6/25/2020 13:40:41,Microsoft-Windows-Kernel-Power,521,(220),Active battery count change.
Information,6/25/2020 13:40:40,Netwtw08,7017,None,7017 - secure boot (SB) configuration
Information,6/25/2020 13:40:39,Microsoft-Windows-Kernel-Processor-Power,55,(47),"Processor 11 in group 0 exposes the following power management capabilities:

Idle state type: ACPI Idle (C) States (3 state(s))

Performance state type: ACPI Collaborative Processor Performance Control
Nominal Frequency (MHz): 2592
Maximum performance percentage: 173
Minimum performance percentage: 46
Minimum throttle percentage: 3"
Information,6/25/2020 13:40:39,Microsoft-Windows-Kernel-Processor-Power,55,(47),"Processor 9 in group 0 exposes the following power management capabilities:

Idle state type: ACPI Idle (C) States (3 state(s))

Performance state type: ACPI Collaborative Processor Performance Control
Nominal Frequency (MHz): 2592
Maximum performance percentage: 173
Minimum performance percentage: 46
Minimum throttle percentage: 3"
Information,6/25/2020 13:40:39,Microsoft-Windows-Kernel-Processor-Power,55,(47),"Processor 7 in group 0 exposes the following power management capabilities:

Idle state type: ACPI Idle (C) States (3 state(s))

Performance state type: ACPI Collaborative Processor Performance Control
Nominal Frequency (MHz): 2592
Maximum performance percentage: 173
Minimum performance percentage: 46
Minimum throttle percentage: 3"
Information,6/25/2020 13:40:39,Microsoft-Windows-Kernel-Processor-Power,55,(47),"Processor 5 in group 0 exposes the following power management capabilities:

Idle state type: ACPI Idle (C) States (3 state(s))

Performance state type: ACPI Collaborative Processor Performance Control
Nominal Frequency (MHz): 2592
Maximum performance percentage: 173
Minimum performance percentage: 46
Minimum throttle percentage: 3"
Information,6/25/2020 13:40:39,Microsoft-Windows-Kernel-Processor-Power,55,(47),"Processor 3 in group 0 exposes the following power management capabilities:

Idle state type: ACPI Idle (C) States (3 state(s))

Performance state type: ACPI Collaborative Processor Performance Control
Nominal Frequency (MHz): 2592
Maximum performance percentage: 173
Minimum performance percentage: 46
Minimum throttle percentage: 3"
Information,6/25/2020 13:40:39,Microsoft-Windows-Kernel-Processor-Power,55,(47),"Processor 1 in group 0 exposes the following power management capabilities:

Idle state type: ACPI Idle (C) States (3 state(s))

Performance state type: ACPI Collaborative Processor Performance Control
Nominal Frequency (MHz): 2592
Maximum performance percentage: 173
Minimum performance percentage: 46
Minimum throttle percentage: 3"
Information,6/25/2020 13:40:39,Microsoft-Windows-Kernel-Processor-Power,55,(47),"Processor 10 in group 0 exposes the following power management capabilities:

Idle state type: ACPI Idle (C) States (3 state(s))

Performance state type: ACPI Collaborative Processor Performance Control
Nominal Frequency (MHz): 2592
Maximum performance percentage: 173
Minimum performance percentage: 46
Minimum throttle percentage: 3"
Information,6/25/2020 13:40:39,Netwtw08,7010,None,7010 - driver enabled (miniport init)
Information,6/25/2020 13:40:39,Microsoft-Windows-Kernel-Processor-Power,55,(47),"Processor 8 in group 0 exposes the following power management capabilities:

Idle state type: ACPI Idle (C) States (3 state(s))

Performance state type: ACPI Collaborative Processor Performance Control
Nominal Frequency (MHz): 2592
Maximum performance percentage: 173
Minimum performance percentage: 42
Minimum throttle percentage: 3"
Information,6/25/2020 13:40:39,Microsoft-Windows-Kernel-Processor-Power,55,(47),"Processor 6 in group 0 exposes the following power management capabilities:

Idle state type: ACPI Idle (C) States (3 state(s))

Performance state type: ACPI Collaborative Processor Performance Control
Nominal Frequency (MHz): 2592
Maximum performance percentage: 173
Minimum performance percentage: 42
Minimum throttle percentage: 3"
Information,6/25/2020 13:40:39,Microsoft-Windows-Kernel-Processor-Power,55,(47),"Processor 4 in group 0 exposes the following power management capabilities:

Idle state type: ACPI Idle (C) States (3 state(s))

Performance state type: ACPI Collaborative Processor Performance Control
Nominal Frequency (MHz): 2592
Maximum performance percentage: 173
Minimum performance percentage: 42
Minimum throttle percentage: 3"
Information,6/25/2020 13:40:39,Microsoft-Windows-Kernel-Processor-Power,55,(47),"Processor 2 in group 0 exposes the following power management capabilities:

Idle state type: ACPI Idle (C) States (3 state(s))

Performance state type: ACPI Collaborative Processor Performance Control
Nominal Frequency (MHz): 2592
Maximum performance percentage: 173
Minimum performance percentage: 42
Minimum throttle percentage: 3"
Information,6/25/2020 13:40:39,Microsoft-Windows-Kernel-Processor-Power,55,(47),"Processor 0 in group 0 exposes the following power management capabilities:

Idle state type: ACPI Idle (C) States (3 state(s))

Performance state type: ACPI Collaborative Processor Performance Control
Nominal Frequency (MHz): 2592
Maximum performance percentage: 173
Minimum performance percentage: 30
Minimum throttle percentage: 3"
Information,6/25/2020 13:40:39,Netwtw08,7002,None,7002 - CTDP power limit value (SPLC)
Information,6/25/2020 13:40:39,Netwtw08,7005,None,7005 - SAR value max TX power (WRDS)
Information,6/25/2020 13:40:39,Netwtw08,7036,None,The \Device\NDMP1 service entered the Intel(R) Wireless-AC 9560 160MHz state.
Warning,6/25/2020 13:40:38,Microsoft-Windows-Kernel-PnP,219,(212),The driver \Driver\WudfRd failed to load for the device ROOT\SYSTEM\0001.
Information,6/25/2020 13:40:38,Microsoft-Windows-DriverFrameworks-UserMode,10118,Startup of the UMDF reflector,"UMDF reflector is unable to connect to service control manager (SCM). This is expected during boot, when SCM has not started yet. Will retry when it starts."
Warning,6/25/2020 13:40:37,Microsoft-Windows-Kernel-PnP,219,(212),The driver \Driver\WudfRd failed to load for the device PCI\VEN_8086&DEV_1903&SUBSYS_382F17AA&REV_0D\3&11583659&1&20.
Information,6/25/2020 13:40:37,Microsoft-Windows-DriverFrameworks-UserMode,10118,Startup of the UMDF reflector,"UMDF reflector is unable to connect to service control manager (SCM). This is expected during boot, when SCM has not started yet. Will retry when it starts."
Information,6/25/2020 13:40:37,Microsoft-Windows-Ntfs,98,None,Volume \\?\Volume{c961867b-6bd2-4314-8045-eeee51119548} (\Device\HarddiskVolume4) is healthy.  No action is needed.
Information,6/25/2020 13:40:36,Microsoft-Windows-Kernel-Power,172,(203),"Connectivity state in standby: Disconnected, Reason: NIC compliance"
Information,6/25/2020 13:40:36,Microsoft-Windows-FilterManager,6,None,"File System Filter 'npsvctrig' (10.0, ‎1977‎-‎09‎-‎12T17:19:34.000000000Z) has successfully loaded and registered with Filter Manager."
Information,6/25/2020 13:40:36,Microsoft-Windows-FilterManager,6,None,"File System Filter 'FileCrypt' (10.0, ‎2011‎-‎10‎-‎30T17:56:49.000000000Z) has successfully loaded and registered with Filter Manager."
Information,6/25/2020 13:40:36,Microsoft-Windows-Ntfs,98,None,Volume C: (\Device\HarddiskVolume3) is healthy.  No action is needed.
Information,6/25/2020 13:40:36,Microsoft-Windows-FilterManager,6,None,"File System Filter 'WdFilter' (10.0, ‎2064‎-‎07‎-‎14T08:04:53.000000000Z) has successfully loaded and registered with Filter Manager."
Information,6/25/2020 13:40:36,Microsoft-Windows-FilterManager,6,None,"File System Filter 'Wof' (10.0, ‎2096‎-‎10‎-‎27T15:24:16.000000000Z) has successfully loaded and registered with Filter Manager."
Information,6/25/2020 13:40:36,Microsoft-Windows-FilterManager,6,None,"File System Filter 'FileInfo' (10.0, ‎1989‎-‎07‎-‎13T03:15:12.000000000Z) has successfully loaded and registered with Filter Manager."
Information,6/25/2020 13:40:33,Microsoft-Windows-Kernel-General,20,(6),"The leap second configuration has been updated.
Reason: Leap second data initialized from registry during boot
Leap seconds enabled: true
New leap second count: 0
Old leap second count: 0"
Information,6/25/2020 13:40:33,Microsoft-Windows-Kernel-Boot,30,(21),The firmware reported boot metrics.
Information,6/25/2020 13:40:33,Microsoft-Windows-Kernel-Boot,27,(33),The boot type was 0x0.
Information,6/25/2020 13:40:33,Microsoft-Windows-Kernel-Boot,25,(32),The boot menu policy was 0x1.
Information,6/25/2020 13:40:33,Microsoft-Windows-Kernel-Boot,20,(31),The last shutdown's success status was true. The last boot's success status was true.
Information,6/25/2020 13:40:33,Microsoft-Windows-Kernel-Boot,32,(58),The bootmgr spent 0 ms waiting for user input.
Information,6/25/2020 13:40:33,Microsoft-Windows-Kernel-Boot,18,(57),There are 0x1 boot options on this system.
Information,6/25/2020 13:40:33,Microsoft-Windows-Kernel-Boot,153,(62),Virtualization-based security (policies: 0) is disabled.
Information,6/25/2020 13:40:33,Microsoft-Windows-Kernel-General,12,(1),The operating system started at system time ‎2020‎-‎06‎-‎25T11:40:33.500000000Z.
Information,6/25/2020 13:40:26,Microsoft-Windows-Kernel-General,13,(2),The operating system is shutting down at system time ‎2020‎-‎06‎-‎25T11:40:26.361629000Z.
Information,6/25/2020 13:40:25,Microsoft-Windows-Kernel-Power,109,(103),"The kernel power manager has initiated a shutdown transition.

Shutdown Reason: Kernel API"
Information,6/25/2020 13:40:25,Microsoft-Windows-WLAN-AutoConfig,4001,None,"WLAN AutoConfig service has successfully stopped.
"
Warning,6/25/2020 13:40:25,Microsoft-Windows-WLAN-AutoConfig,10002,None,"WLAN Extensibility Module has stopped.

Module Path: C:\Windows\system32\IntelWifiIhv08.dll
"
Information,6/25/2020 13:40:44,EventLog,6013,None,The system uptime is 10 seconds.
Information,6/25/2020 13:40:44,EventLog,6005,None,The Event log service was started.
Information,6/25/2020 13:40:44,EventLog,6009,None,Microsoft (R) Windows (R) 10.00. 18362  Multiprocessor Free.
Information,6/25/2020 13:40:25,Microsoft-Windows-Dhcp-Client,50037,Service State Event,DHCPv4 client service is stopped. ShutDown Flag value is 1
Information,6/25/2020 13:40:25,Microsoft-Windows-Dhcp-Client,50106,Service State Event,DHCPv4 is waiting on DHCPv6 service to stop
Information,6/25/2020 13:40:25,Microsoft-Windows-DHCPv6-Client,51057,Service State Event,DHCPv6 client service stop is almost done.DHCP Context Ref count is 1
Information,6/25/2020 13:40:25,Microsoft-Windows-DHCPv6-Client,51047,Service State Event,DHCPv6 client service is stopped. ShutDown Flag value is 1
Information,6/25/2020 13:40:25,Microsoft-Windows-Dhcp-Client,50105,Service State Event,DHCPv4 client ProcessDHCPRequestForever received TERMINATE_EVENT
Information,6/25/2020 13:40:25,Microsoft-Windows-Dhcp-Client,50104,Service State Event,DHCPv4 client received shutdown notification
Information,6/25/2020 13:40:25,EventLog,6006,None,The Event log service was stopped.
Information,6/25/2020 13:40:23,Microsoft-Windows-Winlogon,7002,(1102),User Logoff Notification for Customer Experience Improvement Program
Error,6/25/2020 13:40:23,Microsoft-Windows-DistributedCOM,10010,None,The server {9BA05972-F6A8-11CF-A442-00A0C90A8F39} did not register with DCOM within the required timeout.
Information,6/25/2020 13:40:18,User32,1074,None,"The process C:\Windows\System32\RuntimeBroker.exe (LAPTOP-PR1MKK5U) has initiated the restart of computer LAPTOP-PR1MKK5U on behalf of user LAPTOP-PR1MKK5U\Renars for the following reason: Other (Unplanned)
 Reason Code: 0x0
 Shutdown Type: restart
 Comment: "
Warning,6/25/2020 13:36:45,Microsoft-Windows-DistributedCOM,10016,None,"The machine-default permission settings do not grant Local Activation permission for the COM Server application with CLSID 
{C2F03A33-21F5-47FA-B4BB-156362A2F239}
 and APPID 
{316CDED5-E4AE-4B15-9113-7055D84DCC97}
 to the user LAPTOP-PR1MKK5U\Renars SID (S-1-5-21-850498477-2290094382-3762704528-1001) from address LocalHost (Using LRPC) running in the application container Microsoft.Windows.ShellExperienceHost_10.0.18362.449_neutral_neutral_cw5n1h2txyewy SID (S-1-15-2-155514346-2573954481-755741238-1654018636-1233331829-3075935687-2861478708). This security permission can be modified using the Component Services administrative tool."
Warning,6/25/2020 13:36:20,Netwtw08,6062,None,6062 - Lso was triggered
Information,6/25/2020 13:36:13,Netwtw08,7021,None,7021 - Connection telemetry fields and analysis usage
Information,6/25/2020 13:36:12,Netwtw08,7021,None,7021 - Connection telemetry fields and analysis usage
Information,6/25/2020 13:36:10,Netwtw08,7021,None,7021 - Connection telemetry fields and analysis usage
Information,6/25/2020 13:36:09,Netwtw08,7021,None,7021 - Connection telemetry fields and analysis usage
Information,6/25/2020 13:36:06,Netwtw08,7021,None,7021 - Connection telemetry fields and analysis usage
Information,6/25/2020 13:36:05,Netwtw08,7021,None,7021 - Connection telemetry fields and analysis usage
Information,6/25/2020 13:36:01,Netwtw08,7021,None,7021 - Connection telemetry fields and analysis usage
Information,6/25/2020 13:36:00,Netwtw08,7021,None,7021 - Connection telemetry fields and analysis usage
Warning,6/25/2020 13:36:00,Microsoft-Windows-DistributedCOM,10016,None,"The machine-default permission settings do not grant Local Activation permission for the COM Server application with CLSID 
{C2F03A33-21F5-47FA-B4BB-156362A2F239}
 and APPID 
{316CDED5-E4AE-4B15-9113-7055D84DCC97}
 to the user LAPTOP-PR1MKK5U\Renars SID (S-1-5-21-850498477-2290094382-3762704528-1001) from address LocalHost (Using LRPC) running in the application container Microsoft.Windows.ShellExperienceHost_10.0.18362.449_neutral_neutral_cw5n1h2txyewy SID (S-1-15-2-155514346-2573954481-755741238-1654018636-1233331829-3075935687-2861478708). This security permission can be modified using the Component Services administrative tool."
Warning,6/25/2020 13:35:58,Netwtw08,6062,None,6062 - Lso was triggered
Information,6/25/2020 13:35:49,Netwtw08,7021,None,7021 - Connection telemetry fields and analysis usage
Information,6/25/2020 13:35:37,Netwtw08,7021,None,7021 - Connection telemetry fields and analysis usage
Information,6/25/2020 13:35:34,Netwtw08,7021,None,7021 - Connection telemetry fields and analysis usage
Information,6/25/2020 13:35:33,Netwtw08,7021,None,7021 - Connection telemetry fields and analysis usage
Information,6/25/2020 13:35:30,Netwtw08,7021,None,7021 - Connection telemetry fields and analysis usage
Information,6/25/2020 13:35:29,Netwtw08,7021,None,7021 - Connection telemetry fields and analysis usage
Information,6/25/2020 13:35:24,Netwtw08,7021,None,7021 - Connection telemetry fields and analysis usage
Information,6/25/2020 13:35:24,Netwtw08,7021,None,7021 - Connection telemetry fields and analysis usage
Information,6/25/2020 13:35:12,Netwtw08,7021,None,7021 - Connection telemetry fields and analysis usage
Information,6/25/2020 13:35:12,Netwtw08,7021,None,7021 - Connection telemetry fields and analysis usage
Information,6/25/2020 13:35:00,Netwtw08,7021,None,7021 - Connection telemetry fields and analysis usage
Warning,6/25/2020 13:34:55,Netwtw08,6062,None,6062 - Lso was triggered
Information,6/25/2020 13:34:54,Netwtw08,7021,None,7021 - Connection telemetry fields and analysis usage
Information,6/25/2020 13:34:53,Netwtw08,7021,None,7021 - Connection telemetry fields and analysis usage
Information,6/25/2020 13:34:48,Netwtw08,7021,None,7021 - Connection telemetry fields and analysis usage
Warning,6/25/2020 13:34:48,Netwtw08,6062,None,6062 - Lso was triggered
Information,6/25/2020 13:34:48,Netwtw08,7021,None,7021 - Connection telemetry fields and analysis usage
Warning,6/25/2020 13:34:42,Netwtw08,6062,None,6062 - Lso was triggered
Information,6/25/2020 13:34:32,Netwtw08,7021,None,7021 - Connection telemetry fields and analysis usage
Information,6/25/2020 13:34:32,Netwtw08,7021,None,7021 - Connection telemetry fields and analysis usage
Warning,6/25/2020 13:34:25,Netwtw08,6062,None,6062 - Lso was triggered
Information,6/25/2020 13:34:22,Netwtw08,7021,None,7021 - Connection telemetry fields and analysis usage
Information,6/25/2020 13:34:21,Netwtw08,7021,None,7021 - Connection telemetry fields and analysis usage
Information,6/25/2020 13:34:12,Netwtw08,7021,None,7021 - Connection telemetry fields and analysis usage
Information,6/25/2020 13:34:12,Netwtw08,7021,None,7021 - Connection telemetry fields and analysis usage
Warning,6/25/2020 13:33:57,Netwtw08,6062,None,6062 - Lso was triggered
Information,6/25/2020 13:33:56,Netwtw08,7021,None,7021 - Connection telemetry fields and analysis usage
Information,6/25/2020 13:33:51,Netwtw08,7021,None,7021 - Connection telemetry fields and analysis usage
Warning,6/25/2020 13:33:46,Netwtw08,6062,None,6062 - Lso was triggered
Information,6/25/2020 13:33:46,Netwtw08,7021,None,7021 - Connection telemetry fields and analysis usage
Information,6/25/2020 13:33:45,Netwtw08,7021,None,7021 - Connection telemetry fields and analysis usage
Warning,6/25/2020 13:33:44,Netwtw08,6062,None,6062 - Lso was triggered
Information,6/25/2020 13:33:42,Netwtw08,7021,None,7021 - Connection telemetry fields and analysis usage
Warning,6/25/2020 13:33:42,Netwtw08,6062,None,6062 - Lso was triggered
Information,6/25/2020 13:33:41,Netwtw08,7021,None,7021 - Connection telemetry fields and analysis usage
Warning,6/25/2020 13:33:40,Netwtw08,6062,None,6062 - Lso was triggered
Information,6/25/2020 13:33:37,Netwtw08,7021,None,7021 - Connection telemetry fields and analysis usage
Information,6/25/2020 13:33:37,Netwtw08,7021,None,7021 - Connection telemetry fields and analysis usage
Information,6/25/2020 13:33:37,Netwtw08,7021,None,7021 - Connection telemetry fields and analysis usage
Information,6/25/2020 13:33:37,Service Control Manager,7040,None,The start type of the Background Intelligent Transfer Service service was changed from auto start to demand start.
Information,6/25/2020 13:33:33,Netwtw08,7021,None,7021 - Connection telemetry fields and analysis usage
Information,6/25/2020 13:33:32,Netwtw08,7021,None,7021 - Connection telemetry fields and analysis usage
Information,6/25/2020 13:33:21,Netwtw08,7021,None,7021 - Connection telemetry fields and analysis usage
Information,6/25/2020 13:33:21,Netwtw08,7021,None,7021 - Connection telemetry fields and analysis usage
Information,6/25/2020 13:33:15,Netwtw08,7021,None,7021 - Connection telemetry fields and analysis usage
Information,6/25/2020 13:33:10,Netwtw08,7021,None,7021 - Connection telemetry fields and analysis usage
Information,6/25/2020 13:33:09,Netwtw08,7021,None,7021 - Connection telemetry fields and analysis usage
Information,6/25/2020 13:33:06,Netwtw08,7021,None,7021 - Connection telemetry fields and analysis usage
Information,6/25/2020 13:33:05,Netwtw08,7021,None,7021 - Connection telemetry fields and analysis usage
Information,6/25/2020 13:33:01,Netwtw08,7021,None,7021 - Connection telemetry fields and analysis usage
Information,6/25/2020 13:33:00,Netwtw08,7021,None,7021 - Connection telemetry fields and analysis usage
Information,6/25/2020 13:32:57,Netwtw08,7021,None,7021 - Connection telemetry fields and analysis usage
Information,6/25/2020 13:32:56,Netwtw08,7021,None,7021 - Connection telemetry fields and analysis usage
Information,6/25/2020 13:32:45,Netwtw08,7021,None,7021 - Connection telemetry fields and analysis usage
Information,6/25/2020 13:32:44,Netwtw08,7021,None,7021 - Connection telemetry fields and analysis usage
Information,6/25/2020 13:32:44,Netwtw08,7021,None,7021 - Connection telemetry fields and analysis usage
Information,6/25/2020 13:32:43,Netwtw08,7021,None,7021 - Connection telemetry fields and analysis usage
Information,6/25/2020 13:32:40,Netwtw08,7021,None,7021 - Connection telemetry fields and analysis usage
Information,6/25/2020 13:32:39,Netwtw08,7021,None,7021 - Connection telemetry fields and analysis usage
Information,6/25/2020 13:32:34,Netwtw08,7021,None,7021 - Connection telemetry fields and analysis usage
Information,6/25/2020 13:32:33,Netwtw08,7021,None,7021 - Connection telemetry fields and analysis usage
Information,6/25/2020 13:32:30,Netwtw08,7021,None,7021 - Connection telemetry fields and analysis usage
Information,6/25/2020 13:32:29,Netwtw08,7021,None,7021 - Connection telemetry fields and analysis usage
Information,6/25/2020 13:32:25,Netwtw08,7021,None,7021 - Connection telemetry fields and analysis usage
Information,6/25/2020 13:32:24,Netwtw08,7021,None,7021 - Connection telemetry fields and analysis usage
Information,6/25/2020 13:32:21,Netwtw08,7021,None,7021 - Connection telemetry fields and analysis usage
Information,6/25/2020 13:32:21,Netwtw08,7021,None,7021 - Connection telemetry fields and analysis usage
Warning,6/25/2020 13:32:11,Netwtw08,6062,None,6062 - Lso was triggered
Information,6/25/2020 13:32:10,Netwtw08,7021,None,7021 - Connection telemetry fields and analysis usage
Information,6/25/2020 13:32:04,Netwtw08,7021,None,7021 - Connection telemetry fields and analysis usage
Information,6/25/2020 13:32:01,Netwtw08,7021,None,7021 - Connection telemetry fields and analysis usage
Information,6/25/2020 13:32:01,Netwtw08,7021,None,7021 - Connection telemetry fields and analysis usage
Warning,6/25/2020 13:31:59,Netwtw08,6062,None,6062 - Lso was triggered
Information,6/25/2020 13:31:58,Netwtw08,7021,None,7021 - Connection telemetry fields and analysis usage
Information,6/25/2020 13:31:57,Netwtw08,7021,None,7021 - Connection telemetry fields and analysis usage
Information,6/25/2020 13:31:54,Netwtw08,7021,None,7021 - Connection telemetry fields and analysis usage
Information,6/25/2020 13:31:53,Netwtw08,7021,None,7021 - Connection telemetry fields and analysis usage
Information,6/25/2020 13:31:49,Netwtw08,7021,None,7021 - Connection telemetry fields and analysis usage
Information,6/25/2020 13:31:48,Netwtw08,7021,None,7021 - Connection telemetry fields and analysis usage
Information,6/25/2020 13:31:45,Netwtw08,7021,None,7021 - Connection telemetry fields and analysis usage
Warning,6/25/2020 13:31:45,Netwtw08,6062,None,6062 - Lso was triggered
Information,6/25/2020 13:31:44,Netwtw08,7021,None,7021 - Connection telemetry fields and analysis usage
Warning,6/25/2020 13:31:42,Microsoft-Windows-DNS-Client,1014,(1014),Name resolution for the name i.ytimg.com timed out after none of the configured DNS servers responded.
Information,6/25/2020 13:31:41,Netwtw08,7021,None,7021 - Connection telemetry fields and analysis usage
Information,6/25/2020 13:31:32,Service Control Manager,7040,None,The start type of the Background Intelligent Transfer Service service was changed from demand start to auto start.
Information,6/25/2020 13:31:29,Netwtw08,7021,None,7021 - Connection telemetry fields and analysis usage
Information,6/25/2020 13:31:27,Netwtw08,7021,None,7021 - Connection telemetry fields and analysis usage
Warning,6/25/2020 13:31:23,Microsoft-Windows-DistributedCOM,10016,None,"The machine-default permission settings do not grant Local Activation permission for the COM Server application with CLSID 
{C2F03A33-21F5-47FA-B4BB-156362A2F239}
 and APPID 
{316CDED5-E4AE-4B15-9113-7055D84DCC97}
 to the user LAPTOP-PR1MKK5U\Renars SID (S-1-5-21-850498477-2290094382-3762704528-1001) from address LocalHost (Using LRPC) running in the application container Microsoft.Windows.ShellExperienceHost_10.0.18362.449_neutral_neutral_cw5n1h2txyewy SID (S-1-15-2-155514346-2573954481-755741238-1654018636-1233331829-3075935687-2861478708). This security permission can be modified using the Component Services administrative tool."
Warning,6/25/2020 13:31:23,Netwtw08,6062,None,6062 - Lso was triggered
Information,6/25/2020 13:31:22,Netwtw08,7021,None,7021 - Connection telemetry fields and analysis usage
Information,6/25/2020 13:31:21,Netwtw08,7021,None,7021 - Connection telemetry fields and analysis usage
Warning,6/25/2020 13:31:20,Netwtw08,6062,None,6062 - Lso was triggered
Information,6/25/2020 13:31:18,Netwtw08,7021,None,7021 - Connection telemetry fields and analysis usage
Information,6/25/2020 13:31:17,Netwtw08,7021,None,7021 - Connection telemetry fields and analysis usage
Information,6/25/2020 13:31:13,Netwtw08,7021,None,7021 - Connection telemetry fields and analysis usage
Information,6/25/2020 13:31:12,Netwtw08,7021,None,7021 - Connection telemetry fields and analysis usage
Information,6/25/2020 13:31:09,Netwtw08,7021,None,7021 - Connection telemetry fields and analysis usage
Information,6/25/2020 13:31:08,Netwtw08,7021,None,7021 - Connection telemetry fields and analysis usage
Information,6/25/2020 13:30:57,Netwtw08,7021,None,7021 - Connection telemetry fields and analysis usage
Information,6/25/2020 13:30:56,Netwtw08,7021,None,7021 - Connection telemetry fields and analysis usage
Information,6/25/2020 13:30:46,Netwtw08,7021,None,7021 - Connection telemetry fields and analysis usage
Information,6/25/2020 13:30:45,Netwtw08,7021,None,7021 - Connection telemetry fields and analysis usage
Information,6/25/2020 13:30:42,Netwtw08,7021,None,7021 - Connection telemetry fields and analysis usage
Information,6/25/2020 13:30:42,Netwtw08,7021,None,7021 - Connection telemetry fields and analysis usage
Information,6/25/2020 13:30:41,Netwtw08,7021,None,7021 - Connection telemetry fields and analysis usage
Information,6/25/2020 13:30:37,Netwtw08,7021,None,7021 - Connection telemetry fields and analysis usage
Information,6/25/2020 13:30:37,Netwtw08,7021,None,7021 - Connection telemetry fields and analysis usage
Information,6/25/2020 13:30:36,Netwtw08,7021,None,7021 - Connection telemetry fields and analysis usage
Warning,6/25/2020 13:30:34,Netwtw08,6062,None,6062 - Lso was triggered
Warning,6/25/2020 13:30:34,Microsoft-Windows-DNS-Client,1014,(1014),Name resolution for the name safebrowsing.googleapis.com timed out after none of the configured DNS servers responded.
Information,6/25/2020 13:30:33,Netwtw08,7021,None,7021 - Connection telemetry fields and analysis usage
Information,6/25/2020 13:30:33,Netwtw08,7021,None,7021 - Connection telemetry fields and analysis usage
Information,6/25/2020 13:30:33,Netwtw08,7021,None,7021 - Connection telemetry fields and analysis usage
Information,6/25/2020 13:30:18,Netwtw08,7021,None,7021 - Connection telemetry fields and analysis usage
Information,6/25/2020 13:30:16,Netwtw08,7021,None,7021 - Connection telemetry fields and analysis usage
Information,6/25/2020 13:30:15,Netwtw08,7021,None,7021 - Connection telemetry fields and analysis usage
Information,6/25/2020 13:30:10,Netwtw08,7021,None,7021 - Connection telemetry fields and analysis usage
Information,6/25/2020 13:30:09,Netwtw08,7021,None,7021 - Connection telemetry fields and analysis usage
Information,6/25/2020 13:30:06,Netwtw08,7021,None,7021 - Connection telemetry fields and analysis usage
Information,6/25/2020 13:30:05,Netwtw08,7021,None,7021 - Connection telemetry fields and analysis usage
Information,6/25/2020 13:30:01,Netwtw08,7021,None,7021 - Connection telemetry fields and analysis usage
Information,6/25/2020 13:30:00,Netwtw08,7021,None,7021 - Connection telemetry fields and analysis usage
Information,6/25/2020 13:29:57,Netwtw08,7021,None,7021 - Connection telemetry fields and analysis usage
Information,6/25/2020 13:29:56,Netwtw08,7021,None,7021 - Connection telemetry fields and analysis usage
Information,6/25/2020 13:29:45,Netwtw08,7021,None,7021 - Connection telemetry fields and analysis usage
Information,6/25/2020 13:29:45,Netwtw08,7021,None,7021 - Connection telemetry fields and analysis usage
Information,6/25/2020 13:29:36,Netwtw08,7021,None,7021 - Connection telemetry fields and analysis usage
Information,6/25/2020 13:29:34,Netwtw08,7021,None,7021 - Connection telemetry fields and analysis usage
Information,6/25/2020 13:29:33,Netwtw08,7021,None,7021 - Connection telemetry fields and analysis usage
Information,6/25/2020 13:29:31,Netwtw08,7021,None,7021 - Connection telemetry fields and analysis usage
Information,6/25/2020 13:29:29,Netwtw08,7021,None,7021 - Connection telemetry fields and analysis usage
Information,6/25/2020 13:29:25,Netwtw08,7021,None,7021 - Connection telemetry fields and analysis usage
Information,6/25/2020 13:29:24,Netwtw08,7021,None,7021 - Connection telemetry fields and analysis usage
Information,6/25/2020 13:29:21,Netwtw08,7021,None,7021 - Connection telemetry fields and analysis usage
Information,6/25/2020 13:29:20,Netwtw08,7021,None,7021 - Connection telemetry fields and analysis usage
Information,6/25/2020 13:29:08,Netwtw08,7021,None,7021 - Connection telemetry fields and analysis usage
Information,6/25/2020 13:29:03,Netwtw08,7021,None,7021 - Connection telemetry fields and analysis usage
Information,6/25/2020 13:28:58,Netwtw08,7021,None,7021 - Connection telemetry fields and analysis usage
Information,6/25/2020 13:28:57,Netwtw08,7021,None,7021 - Connection telemetry fields and analysis usage
Information,6/25/2020 13:28:54,Netwtw08,7021,None,7021 - Connection telemetry fields and analysis usage
Information,6/25/2020 13:28:53,Netwtw08,7021,None,7021 - Connection telemetry fields and analysis usage
Information,6/25/2020 13:28:49,Netwtw08,7021,None,7021 - Connection telemetry fields and analysis usage
Information,6/25/2020 13:28:48,Netwtw08,7021,None,7021 - Connection telemetry fields and analysis usage
Information,6/25/2020 13:28:45,Netwtw08,7021,None,7021 - Connection telemetry fields and analysis usage
Information,6/25/2020 13:28:44,Netwtw08,7021,None,7021 - Connection telemetry fields and analysis usage
Information,6/25/2020 13:28:32,Netwtw08,7021,None,7021 - Connection telemetry fields and analysis usage
Information,6/25/2020 13:28:32,Netwtw08,7021,None,7021 - Connection telemetry fields and analysis usage
Information,6/25/2020 13:28:32,Netwtw08,7021,None,7021 - Connection telemetry fields and analysis usage
Information,6/25/2020 13:28:29,Netwtw08,7021,None,7021 - Connection telemetry fields and analysis usage
Information,6/25/2020 13:28:27,Netwtw08,7021,None,7021 - Connection telemetry fields and analysis usage
Information,6/25/2020 13:28:22,Netwtw08,7021,None,7021 - Connection telemetry fields and analysis usage
Information,6/25/2020 13:28:21,Netwtw08,7021,None,7021 - Connection telemetry fields and analysis usage
Information,6/25/2020 13:28:18,Netwtw08,7021,None,7021 - Connection telemetry fields and analysis usage
Information,6/25/2020 13:28:17,Netwtw08,7021,None,7021 - Connection telemetry fields and analysis usage
Information,6/25/2020 13:28:13,Netwtw08,7021,None,7021 - Connection telemetry fields and analysis usage
Information,6/25/2020 13:28:12,Netwtw08,7021,None,7021 - Connection telemetry fields and analysis usage
Information,6/25/2020 13:28:09,Netwtw08,7021,None,7021 - Connection telemetry fields and analysis usage
Information,6/25/2020 13:28:08,Netwtw08,7021,None,7021 - Connection telemetry fields and analysis usage
Information,6/25/2020 13:27:58,Netwtw08,7021,None,7021 - Connection telemetry fields and analysis usage
Information,6/25/2020 13:27:58,Netwtw08,7021,None,7021 - Connection telemetry fields and analysis usage
Information,6/25/2020 13:27:56,Netwtw08,7021,None,7021 - Connection telemetry fields and analysis usage
Information,6/25/2020 13:27:55,Netwtw08,7021,None,7021 - Connection telemetry fields and analysis usage
Information,6/25/2020 13:27:54,Netwtw08,7021,None,7021 - Connection telemetry fields and analysis usage
Information,6/25/2020 13:27:52,Microsoft-Windows-FilterManager,6,None,"File System Filter 'bindflt' (10.0, ‎2046‎-‎02‎-‎23T23:19:04.000000000Z) has successfully loaded and registered with Filter Manager."
Information,6/25/2020 13:27:51,Netwtw08,7021,None,7021 - Connection telemetry fields and analysis usage
Information,6/25/2020 13:27:46,Netwtw08,7021,None,7021 - Connection telemetry fields and analysis usage
Information,6/25/2020 13:27:45,Netwtw08,7021,None,7021 - Connection telemetry fields and analysis usage
Information,6/25/2020 13:27:42,Netwtw08,7021,None,7021 - Connection telemetry fields and analysis usage
Information,6/25/2020 13:27:41,Netwtw08,7021,None,7021 - Connection telemetry fields and analysis usage
Information,6/25/2020 13:27:37,Netwtw08,7021,None,7021 - Connection telemetry fields and analysis usage
Information,6/25/2020 13:27:36,Netwtw08,7021,None,7021 - Connection telemetry fields and analysis usage
Information,6/25/2020 13:27:33,Netwtw08,7021,None,7021 - Connection telemetry fields and analysis usage
Information,6/25/2020 13:27:32,Netwtw08,7021,None,7021 - Connection telemetry fields and analysis usage
Information,6/25/2020 13:27:10,Netwtw08,7021,None,7021 - Connection telemetry fields and analysis usage
Information,6/25/2020 13:27:09,Netwtw08,7021,None,7021 - Connection telemetry fields and analysis usage
Information,6/25/2020 13:27:00,Netwtw08,7021,None,7021 - Connection telemetry fields and analysis usage
Information,6/25/2020 13:27:00,Netwtw08,7021,None,7021 - Connection telemetry fields and analysis usage
Information,6/25/2020 13:26:57,Netwtw08,7021,None,7021 - Connection telemetry fields and analysis usage
Information,6/25/2020 13:26:56,Netwtw08,7021,None,7021 - Connection telemetry fields and analysis usage
Information,6/25/2020 13:26:50,Netwtw08,7021,None,7021 - Connection telemetry fields and analysis usage
Information,6/25/2020 13:26:37,Netwtw08,7021,None,7021 - Connection telemetry fields and analysis usage
Information,6/25/2020 13:26:36,Netwtw08,7021,None,7021 - Connection telemetry fields and analysis usage
Information,6/25/2020 13:26:35,Netwtw08,7021,None,7021 - Connection telemetry fields and analysis usage
Information,6/25/2020 13:26:33,Netwtw08,7021,None,7021 - Connection telemetry fields and analysis usage
Information,6/25/2020 13:26:25,Netwtw08,7021,None,7021 - Connection telemetry fields and analysis usage
Information,6/25/2020 13:26:24,Netwtw08,7021,None,7021 - Connection telemetry fields and analysis usage
Information,6/25/2020 13:26:21,Netwtw08,7021,None,7021 - Connection telemetry fields and analysis usage
Information,6/25/2020 13:26:20,Netwtw08,7021,None,7021 - Connection telemetry fields and analysis usage
Information,6/25/2020 13:26:09,Netwtw08,7021,None,7021 - Connection telemetry fields and analysis usage
Information,6/25/2020 13:26:08,Netwtw08,7021,None,7021 - Connection telemetry fields and analysis usage
Information,6/25/2020 13:26:08,Netwtw08,7021,None,7021 - Connection telemetry fields and analysis usage
Information,6/25/2020 13:26:06,Netwtw08,7021,None,7021 - Connection telemetry fields and analysis usage
Information,6/25/2020 13:25:58,Netwtw08,7021,None,7021 - Connection telemetry fields and analysis usage
Information,6/25/2020 13:25:57,Netwtw08,7021,None,7021 - Connection telemetry fields and analysis usage
Information,6/25/2020 13:25:54,Netwtw08,7021,None,7021 - Connection telemetry fields and analysis usage
Information,6/25/2020 13:25:53,Netwtw08,7021,None,7021 - Connection telemetry fields and analysis usage
Information,6/25/2020 13:25:49,Netwtw08,7021,None,7021 - Connection telemetry fields and analysis usage
Information,6/25/2020 13:25:48,Netwtw08,7021,None,7021 - Connection telemetry fields and analysis usage
Information,6/25/2020 13:25:45,Netwtw08,7021,None,7021 - Connection telemetry fields and analysis usage
Information,6/25/2020 13:25:44,Netwtw08,7021,None,7021 - Connection telemetry fields and analysis usage
Information,6/25/2020 13:25:33,Netwtw08,7021,None,7021 - Connection telemetry fields and analysis usage
Information,6/25/2020 13:25:33,Netwtw08,7021,None,7021 - Connection telemetry fields and analysis usage
Information,6/25/2020 13:25:24,Netwtw08,7021,None,7021 - Connection telemetry fields and analysis usage
Information,6/25/2020 13:25:22,Netwtw08,7021,None,7021 - Connection telemetry fields and analysis usage
Information,6/25/2020 13:25:21,Netwtw08,7021,None,7021 - Connection telemetry fields and analysis usage
Information,6/25/2020 13:25:18,Netwtw08,7021,None,7021 - Connection telemetry fields and analysis usage
Information,6/25/2020 13:25:17,Netwtw08,7021,None,7021 - Connection telemetry fields and analysis usage
Information,6/25/2020 13:25:13,Netwtw08,7021,None,7021 - Connection telemetry fields and analysis usage
Information,6/25/2020 13:25:12,Netwtw08,7021,None,7021 - Connection telemetry fields and analysis usage
Information,6/25/2020 13:25:09,Netwtw08,7021,None,7021 - Connection telemetry fields and analysis usage
Information,6/25/2020 13:25:08,Netwtw08,7021,None,7021 - Connection telemetry fields and analysis usage
Information,6/25/2020 13:24:57,Netwtw08,7021,None,7021 - Connection telemetry fields and analysis usage
Information,6/25/2020 13:24:56,Netwtw08,7021,None,7021 - Connection telemetry fields and analysis usage
Information,6/25/2020 13:24:54,Netwtw08,7021,None,7021 - Connection telemetry fields and analysis usage
Information,6/25/2020 13:24:52,Netwtw08,7021,None,7021 - Connection telemetry fields and analysis usage
Information,6/25/2020 13:24:51,Netwtw08,7021,None,7021 - Connection telemetry fields and analysis usage
Information,6/25/2020 13:24:46,Netwtw08,7021,None,7021 - Connection telemetry fields and analysis usage
Information,6/25/2020 13:24:45,Netwtw08,7021,None,7021 - Connection telemetry fields and analysis usage
Warning,6/25/2020 13:24:44,Netwtw08,6062,None,6062 - Lso was triggered
Information,6/25/2020 13:24:42,Netwtw08,7021,None,7021 - Connection telemetry fields and analysis usage
Information,6/25/2020 13:24:41,Netwtw08,7021,None,7021 - Connection telemetry fields and analysis usage
Information,6/25/2020 13:24:37,Netwtw08,7021,None,7021 - Connection telemetry fields and analysis usage
Information,6/25/2020 13:24:36,Netwtw08,7021,None,7021 - Connection telemetry fields and analysis usage
Information,6/25/2020 13:24:33,Netwtw08,7021,None,7021 - Connection telemetry fields and analysis usage
Information,6/25/2020 13:24:32,Netwtw08,7021,None,7021 - Connection telemetry fields and analysis usage
Information,6/25/2020 13:24:29,Netwtw08,7021,None,7021 - Connection telemetry fields and analysis usage
Information,6/25/2020 13:24:16,Netwtw08,7021,None,7021 - Connection telemetry fields and analysis usage
Information,6/25/2020 13:24:15,Netwtw08,7021,None,7021 - Connection telemetry fields and analysis usage
Information,6/25/2020 13:24:10,Netwtw08,7021,None,7021 - Connection telemetry fields and analysis usage
Information,6/25/2020 13:24:09,Netwtw08,7021,None,7021 - Connection telemetry fields and analysis usage
Information,6/25/2020 13:24:06,Netwtw08,7021,None,7021 - Connection telemetry fields and analysis usage
Information,6/25/2020 13:24:04,Netwtw08,7021,None,7021 - Connection telemetry fields and analysis usage
Information,6/25/2020 13:24:00,Netwtw08,7021,None,7021 - Connection telemetry fields and analysis usage
Information,6/25/2020 13:23:59,Netwtw08,7021,None,7021 - Connection telemetry fields and analysis usage
Information,6/25/2020 13:23:57,Netwtw08,7021,None,7021 - Connection telemetry fields and analysis usage
Information,6/25/2020 13:23:56,Netwtw08,7021,None,7021 - Connection telemetry fields and analysis usage
Information,6/25/2020 13:23:34,Netwtw08,7021,None,7021 - Connection telemetry fields and analysis usage
Information,6/25/2020 13:23:33,Netwtw08,7021,None,7021 - Connection telemetry fields and analysis usage
Information,6/25/2020 13:23:30,Netwtw08,7021,None,7021 - Connection telemetry fields and analysis usage
Information,6/25/2020 13:23:29,Netwtw08,7021,None,7021 - Connection telemetry fields and analysis usage
Information,6/25/2020 13:23:25,Netwtw08,7021,None,7021 - Connection telemetry fields and analysis usage
Information,6/25/2020 13:23:24,Netwtw08,7021,None,7021 - Connection telemetry fields and analysis usage
Information,6/25/2020 13:23:21,Netwtw08,7021,None,7021 - Connection telemetry fields and analysis usage
Information,6/25/2020 13:23:20,Netwtw08,7021,None,7021 - Connection telemetry fields and analysis usage
Information,6/25/2020 13:23:09,Netwtw08,7021,None,7021 - Connection telemetry fields and analysis usage
Information,6/25/2020 13:23:09,Netwtw08,7021,None,7021 - Connection telemetry fields and analysis usage
Information,6/25/2020 13:23:08,Netwtw08,7021,None,7021 - Connection telemetry fields and analysis usage
Information,6/25/2020 13:23:04,Netwtw08,7021,None,7021 - Connection telemetry fields and analysis usage
Information,6/25/2020 13:23:03,Netwtw08,7021,None,7021 - Connection telemetry fields and analysis usage
Information,6/25/2020 13:22:58,Netwtw08,7021,None,7021 - Connection telemetry fields and analysis usage
Information,6/25/2020 13:22:57,Netwtw08,7021,None,7021 - Connection telemetry fields and analysis usage
Information,6/25/2020 13:22:54,Netwtw08,7021,None,7021 - Connection telemetry fields and analysis usage
Information,6/25/2020 13:22:53,Netwtw08,7021,None,7021 - Connection telemetry fields and analysis usage
Information,6/25/2020 13:22:49,Netwtw08,7021,None,7021 - Connection telemetry fields and analysis usage
Information,6/25/2020 13:22:48,Netwtw08,7021,None,7021 - Connection telemetry fields and analysis usage
Information,6/25/2020 13:22:45,Netwtw08,7021,None,7021 - Connection telemetry fields and analysis usage
Information,6/25/2020 13:22:44,Netwtw08,7021,None,7021 - Connection telemetry fields and analysis usage
Information,6/25/2020 13:22:34,Netwtw08,7021,None,7021 - Connection telemetry fields and analysis usage
Information,6/25/2020 13:22:33,Netwtw08,7021,None,7021 - Connection telemetry fields and analysis usage
Information,6/25/2020 13:22:32,Netwtw08,7021,None,7021 - Connection telemetry fields and analysis usage
Information,6/25/2020 13:22:31,Netwtw08,7021,None,7021 - Connection telemetry fields and analysis usage
Information,6/25/2020 13:22:30,Netwtw08,7021,None,7021 - Connection telemetry fields and analysis usage
Information,6/25/2020 13:22:29,Netwtw08,7021,None,7021 - Connection telemetry fields and analysis usage
Information,6/25/2020 13:22:27,Netwtw08,7021,None,7021 - Connection telemetry fields and analysis usage
Information,6/25/2020 13:22:22,Netwtw08,7021,None,7021 - Connection telemetry fields and analysis usage
Information,6/25/2020 13:22:21,Netwtw08,7021,None,7021 - Connection telemetry fields and analysis usage
Information,6/25/2020 13:22:18,Netwtw08,7021,None,7021 - Connection telemetry fields and analysis usage
Information,6/25/2020 13:22:17,Netwtw08,7021,None,7021 - Connection telemetry fields and analysis usage
Information,6/25/2020 13:22:13,Netwtw08,7021,None,7021 - Connection telemetry fields and analysis usage
Information,6/25/2020 13:22:12,Netwtw08,7021,None,7021 - Connection telemetry fields and analysis usage
Information,6/25/2020 13:22:09,Netwtw08,7021,None,7021 - Connection telemetry fields and analysis usage
Information,6/25/2020 13:22:08,Netwtw08,7021,None,7021 - Connection telemetry fields and analysis usage
Information,6/25/2020 13:21:57,Netwtw08,7021,None,7021 - Connection telemetry fields and analysis usage
Information,6/25/2020 13:21:57,Netwtw08,7021,None,7021 - Connection telemetry fields and analysis usage
Information,6/25/2020 13:21:57,Netwtw08,7021,None,7021 - Connection telemetry fields and analysis usage
Information,6/25/2020 13:21:55,Netwtw08,7021,None,7021 - Connection telemetry fields and analysis usage
Information,6/25/2020 13:21:52,Netwtw08,7021,None,7021 - Connection telemetry fields and analysis usage
Information,6/25/2020 13:21:51,Netwtw08,7021,None,7021 - Connection telemetry fields and analysis usage
Information,6/25/2020 13:21:46,Netwtw08,7021,None,7021 - Connection telemetry fields and analysis usage
Information,6/25/2020 13:21:45,Netwtw08,7021,None,7021 - Connection telemetry fields and analysis usage
Information,6/25/2020 13:21:42,Netwtw08,7021,None,7021 - Connection telemetry fields and analysis usage
Information,6/25/2020 13:21:41,Netwtw08,7021,None,7021 - Connection telemetry fields and analysis usage
Information,6/25/2020 13:21:37,Netwtw08,7021,None,7021 - Connection telemetry fields and analysis usage
Information,6/25/2020 13:21:36,Netwtw08,7021,None,7021 - Connection telemetry fields and analysis usage
Information,6/25/2020 13:21:33,Netwtw08,7021,None,7021 - Connection telemetry fields and analysis usage
Information,6/25/2020 13:21:32,Netwtw08,7021,None,7021 - Connection telemetry fields and analysis usage
Information,6/25/2020 13:21:21,Netwtw08,7021,None,7021 - Connection telemetry fields and analysis usage
