Level,Date and Time,Source,Event ID,Task Category
Information,7/2/2020 12:46:26,Microsoft-Windows-Kernel-General,1,(5),"The system time has changed to ‎2020‎-‎07‎-‎02T10:46:26.061044000Z from ‎2020‎-‎07‎-‎02T10:46:26.060959800Z.

Change Reason: An application or system component changed the time.
Process: '\Device\HarddiskVolume3\Windows\System32\svchost.exe' (PID 7700)."
Information,7/2/2020 12:46:26,Microsoft-Windows-Kernel-General,1,(5),"The system time has changed to ‎2020‎-‎07‎-‎02T10:46:26.057296800Z from ‎2020‎-‎07‎-‎02T10:46:26.057032900Z.

Change Reason: An application or system component changed the time.
Process: '\Device\HarddiskVolume3\Windows\System32\svchost.exe' (PID 7700)."
Information,7/2/2020 12:46:26,Microsoft-Windows-Time-Service,35,None,"The time service is now synchronizing the system time with the time source time.windows.com,0x9 (ntp.m|0x9|0.0.0.0:123->40.81.94.65:123) with reference id 1096700200. Current local stratum number is 4."
Information,7/2/2020 12:46:26,Microsoft-Windows-Kernel-General,1,(5),"The system time has changed to ‎2020‎-‎07‎-‎02T10:46:26.053756000Z from ‎2020‎-‎07‎-‎02T11:44:19.857834100Z.

Change Reason: An application or system component changed the time.
Process: '\Device\HarddiskVolume3\Windows\System32\svchost.exe' (PID 7700)."
Information,7/2/2020 11:13:56,Microsoft-Windows-Kernel-Power,107,(102),The system has resumed from sleep.
Information,7/2/2020 11:13:54,Microsoft-Windows-Kernel-Power,42,(64),"The system is entering sleep.

Sleep Reason: Application API"
Information,7/2/2020 11:13:52,Microsoft-Windows-Kernel-Power,187,(243),User-mode process attempted to change the system state by calling SetSuspendState or SetSystemPowerState APIs.
Information,7/2/2020 11:13:52,Win32k,267,None,Touch/Touchpad Hardware Quality Assurance verification succeeded.
Information,7/2/2020 11:13:52,Microsoft-Windows-Winlogon,7002,(1102),User Logoff Notification for Customer Experience Improvement Program
Information,7/2/2020 10:57:10,Service Control Manager,7040,None,The start type of the Background Intelligent Transfer Service service was changed from auto start to demand start.
Information,7/2/2020 10:56:14,Microsoft-Windows-Kernel-General,15,None,Hive \??\Volume{3de62f61-a307-4673-9ab4-02ad9995c124}\System Volume Information\SPP\SppCbsHiveStore\{cd42efe1-f6f1-427c-b004-033192c625a4}{D34C5446-B037-41FB-9E6A-2F5F81570DDE} was reorganized with a starting size of 88612864 bytes and an ending size of 88571904 bytes.
Information,7/2/2020 10:56:12,Microsoft-Windows-Kernel-General,16,None,The access history in hive \??\Volume{3de62f61-a307-4673-9ab4-02ad9995c124}\System Volume Information\SPP\SppCbsHiveStore\{cd42efe1-f6f1-427c-b004-033192c625a4}{2CF3683F-88D8-456D-A6D6-A07FEF2E1BDC} was cleared updating 549 keys and creating 91 modified pages.
Information,7/2/2020 10:56:12,Microsoft-Windows-Kernel-General,16,None,The access history in hive \??\Volume{3de62f61-a307-4673-9ab4-02ad9995c124}\System Volume Information\SPP\SppCbsHiveStore\{cd42efe1-f6f1-427c-b004-033192c625a4}{E5BA985B-2199-4381-BDCB-496A068DD0F6} was cleared updating 15745 keys and creating 2687 modified pages.
Information,7/2/2020 10:56:11,Microsoft-Windows-Kernel-General,16,None,The access history in hive \??\Volume{3de62f61-a307-4673-9ab4-02ad9995c124}\System Volume Information\SPP\SppCbsHiveStore\{cd42efe1-f6f1-427c-b004-033192c625a4}{3EEF05BA-3527-40B8-B7F5-30F83E2A40A2} was cleared updating 75 keys and creating 4 modified pages.
Information,7/2/2020 10:56:11,Microsoft-Windows-Kernel-General,16,None,The access history in hive \??\Volume{3de62f61-a307-4673-9ab4-02ad9995c124}\System Volume Information\SPP\SppCbsHiveStore\{cd42efe1-f6f1-427c-b004-033192c625a4}{D0645C18-BDE0-4E14-B677-F5A6A9020309} was cleared updating 56 keys and creating 6 modified pages.
Information,7/2/2020 10:56:11,Microsoft-Windows-Kernel-General,15,None,Hive \??\Volume{3de62f61-a307-4673-9ab4-02ad9995c124}\System Volume Information\SPP\SppCbsHiveStore\{cd42efe1-f6f1-427c-b004-033192c625a4}{DBE38AAD-34AB-4A9C-B42A-8BB7C51F18A7} was reorganized with a starting size of 15347712 bytes and an ending size of 15339520 bytes.
Information,7/2/2020 10:56:08,Microsoft-Windows-Kernel-General,11,None,"TxR init phase for hive \??\GLOBALROOT\Device\HarddiskVolumeShadowCopy3\Windows\System32\config\DRIVERS (TM: {7f40292d-baab-11ea-90e2-24418ce6380d}, RM: {7f40292c-baab-11ea-90e2-24418ce6380d}) finished with result=0xC00000A2 (Internal code=7)."
Information,7/2/2020 10:56:08,Microsoft-Windows-Kernel-General,15,None,Hive \??\GLOBALROOT\Device\HarddiskVolumeShadowCopy3\Windows\System32\config\DRIVERS was reorganized with a starting size of 7102464 bytes and an ending size of 7057408 bytes.
Information,7/2/2020 10:56:08,Microsoft-Windows-Kernel-General,11,None,"TxR init phase for hive \??\GLOBALROOT\Device\HarddiskVolumeShadowCopy3\Windows\System32\config\SYSTEM (TM: {7f40292a-baab-11ea-90e2-24418ce6380d}, RM: {7f402929-baab-11ea-90e2-24418ce6380d}) finished with result=0xC00000A2 (Internal code=7)."
Information,7/2/2020 10:56:08,Microsoft-Windows-Kernel-General,15,None,Hive \??\GLOBALROOT\Device\HarddiskVolumeShadowCopy3\Windows\System32\config\SYSTEM was reorganized with a starting size of 15347712 bytes and an ending size of 15339520 bytes.
Error,7/2/2020 10:55:20,Microsoft-Windows-LanguagePackSetup,1040,Removing language pack,Cannot uninstall language pack for sv-SE because it's not installed.
Error,7/2/2020 10:55:20,Microsoft-Windows-LanguagePackSetup,1040,Removing language pack,Cannot uninstall language pack for nb-NO because it's not installed.
Error,7/2/2020 10:55:20,Microsoft-Windows-LanguagePackSetup,1040,Removing language pack,Cannot uninstall language pack for fi-FI because it's not installed.
Error,7/2/2020 10:55:20,Microsoft-Windows-LanguagePackSetup,1040,Removing language pack,Cannot uninstall language pack for da-DK because it's not installed.
Information,7/2/2020 10:55:07,Service Control Manager,7040,None,The start type of the Windows Modules Installer service was changed from auto start to demand start.
Information,7/2/2020 10:55:07,Service Control Manager,7040,None,The start type of the Windows Modules Installer service was changed from demand start to auto start.
Error,7/2/2020 10:55:07,Microsoft-Windows-LanguagePackSetup,1040,Removing language pack,Cannot uninstall language pack for sv-SE because it's not installed.
Error,7/2/2020 10:55:07,Microsoft-Windows-LanguagePackSetup,1040,Removing language pack,Cannot uninstall language pack for nb-NO because it's not installed.
Error,7/2/2020 10:55:07,Microsoft-Windows-LanguagePackSetup,1040,Removing language pack,Cannot uninstall language pack for fi-FI because it's not installed.
Error,7/2/2020 10:55:07,Microsoft-Windows-LanguagePackSetup,1040,Removing language pack,Cannot uninstall language pack for da-DK because it's not installed.
Information,7/2/2020 10:55:06,Service Control Manager,7040,None,The start type of the Windows Modules Installer service was changed from auto start to demand start.
Information,7/2/2020 10:55:06,Microsoft-Windows-Kernel-General,16,None,The access history in hive \??\C:\Windows\System32\SMI\Store\Machine\SCHEMA.DAT was cleared updating 15745 keys and creating 2687 modified pages.
Information,7/2/2020 10:55:06,Service Control Manager,7040,None,The start type of the Windows Modules Installer service was changed from demand start to auto start.
Information,7/2/2020 10:55:06,Service Control Manager,7040,None,The start type of the Windows Modules Installer service was changed from auto start to demand start.
Information,7/2/2020 10:55:05,Service Control Manager,7040,None,The start type of the Windows Modules Installer service was changed from demand start to auto start.
Information,7/2/2020 10:55:04,Service Control Manager,7040,None,The start type of the Background Intelligent Transfer Service service was changed from demand start to auto start.
Information,7/2/2020 10:55:04,Microsoft-Windows-Kernel-General,16,None,The access history in hive \??\C:\ProgramData\Microsoft\Provisioning\Microsoft-Desktop-Provisioning-Sequence.dat was cleared updating 0 keys and creating 0 modified pages.
Information,7/2/2020 10:34:04,Service Control Manager,7040,None,The start type of the Background Intelligent Transfer Service service was changed from auto start to demand start.
Warning,7/2/2020 10:31:05,Microsoft-Windows-DistributedCOM,10016,None,"The application-specific permission settings do not grant Local Activation permission for the COM Server application with CLSID 
{2593F8B9-4EAF-457C-B68A-50F6B8EA6B54}
 and APPID 
{15C20B67-12E7-4BB6-92BB-7AFF07997402}
 to the user LAPTOP-PR1MKK5U\Renars SID (S-1-5-21-850498477-2290094382-3762704528-1001) from address LocalHost (Using LRPC) running in the application container Unavailable SID (Unavailable). This security permission can be modified using the Component Services administrative tool."
Warning,7/2/2020 10:23:21,Microsoft-Windows-DistributedCOM,10016,None,"The application-specific permission settings do not grant Local Activation permission for the COM Server application with CLSID 
{2593F8B9-4EAF-457C-B68A-50F6B8EA6B54}
 and APPID 
{15C20B67-12E7-4BB6-92BB-7AFF07997402}
 to the user LAPTOP-PR1MKK5U\Renars SID (S-1-5-21-850498477-2290094382-3762704528-1001) from address LocalHost (Using LRPC) running in the application container Unavailable SID (Unavailable). This security permission can be modified using the Component Services administrative tool."
Information,7/2/2020 10:21:18,Service Control Manager,7040,None,The start type of the Background Intelligent Transfer Service service was changed from demand start to auto start.
Warning,7/2/2020 10:20:18,Microsoft-Windows-DistributedCOM,10016,None,"The application-specific permission settings do not grant Local Activation permission for the COM Server application with CLSID 
{2593F8B9-4EAF-457C-B68A-50F6B8EA6B54}
 and APPID 
{15C20B67-12E7-4BB6-92BB-7AFF07997402}
 to the user LAPTOP-PR1MKK5U\Renars SID (S-1-5-21-850498477-2290094382-3762704528-1001) from address LocalHost (Using LRPC) running in the application container Unavailable SID (Unavailable). This security permission can be modified using the Component Services administrative tool."
Warning,7/2/2020 10:20:16,Microsoft-Windows-DistributedCOM,10016,None,"The application-specific permission settings do not grant Local Activation permission for the COM Server application with CLSID 
{2593F8B9-4EAF-457C-B68A-50F6B8EA6B54}
 and APPID 
{15C20B67-12E7-4BB6-92BB-7AFF07997402}
 to the user LAPTOP-PR1MKK5U\Renars SID (S-1-5-21-850498477-2290094382-3762704528-1001) from address LocalHost (Using LRPC) running in the application container Unavailable SID (Unavailable). This security permission can be modified using the Component Services administrative tool."
Warning,7/2/2020 10:20:15,Microsoft-Windows-DistributedCOM,10016,None,"The application-specific permission settings do not grant Local Activation permission for the COM Server application with CLSID 
{2593F8B9-4EAF-457C-B68A-50F6B8EA6B54}
 and APPID 
{15C20B67-12E7-4BB6-92BB-7AFF07997402}
 to the user LAPTOP-PR1MKK5U\Renars SID (S-1-5-21-850498477-2290094382-3762704528-1001) from address LocalHost (Using LRPC) running in the application container Unavailable SID (Unavailable). This security permission can be modified using the Component Services administrative tool."
Warning,7/2/2020 10:20:06,Netwtw08,6062,None,6062 - Lso was triggered
Information,7/2/2020 10:20:03,Microsoft-Windows-Power-Troubleshooter,1,None,"The system has returned from a low power state.

Sleep Time: ‎2020‎-‎07‎-‎01T23:16:10.510671000Z
Wake Time: ‎2020‎-‎07‎-‎02T08:20:01.840590500Z

Wake Source: Unknown"
Information,7/2/2020 10:20:02,BTHUSB,18,None,Windows cannot store Bluetooth authentication codes (link keys) on the local adapter. Bluetooth keyboards might not work in the system BIOS during startup.
Warning,7/2/2020 10:20:02,Microsoft-Windows-DistributedCOM,10016,None,"The application-specific permission settings do not grant Local Activation permission for the COM Server application with CLSID 
{6B3B8D23-FA8D-40B9-8DBD-B950333E2C52}
 and APPID 
{4839DDB7-58C2-48F5-8283-E1D1807D0D7D}
 to the user NT AUTHORITY\LOCAL SERVICE SID (S-1-5-19) from address LocalHost (Using LRPC) running in the application container Unavailable SID (Unavailable). This security permission can be modified using the Component Services administrative tool."
Warning,7/2/2020 10:20:02,Microsoft-Windows-DistributedCOM,10016,None,"The application-specific permission settings do not grant Local Activation permission for the COM Server application with CLSID 
{6B3B8D23-FA8D-40B9-8DBD-B950333E2C52}
 and APPID 
{4839DDB7-58C2-48F5-8283-E1D1807D0D7D}
 to the user NT AUTHORITY\LOCAL SERVICE SID (S-1-5-19) from address LocalHost (Using LRPC) running in the application container Unavailable SID (Unavailable). This security permission can be modified using the Component Services administrative tool."
Information,7/2/2020 10:20:01,Microsoft-Windows-Winlogon,7001,(1101),User Logon Notification for Customer Experience Improvement Program
Information,7/2/2020 10:20:01,Microsoft-Windows-Kernel-Boot,27,(33),The boot type was 0x1.
Information,7/2/2020 10:20:01,Microsoft-Windows-Kernel-Boot,25,(32),The boot menu policy was 0x1.
Information,7/2/2020 10:20:01,Microsoft-Windows-Kernel-Boot,32,(58),The bootmgr spent 0 ms waiting for user input.
Information,7/2/2020 10:20:01,Microsoft-Windows-Kernel-Boot,18,(57),There are 0x1 boot options on this system.
Information,7/2/2020 10:20:01,Microsoft-Windows-Kernel-Boot,30,(21),The firmware reported boot metrics.
Warning,7/2/2020 10:20:01,Microsoft-Windows-Time-Service,134,None,"NtpClient was unable to set a manual peer to use as a time source because of DNS resolution error on 'time.windows.com,0x9'. NtpClient will try again in 15 minutes and double the reattempt interval thereafter. The error was: No such host is known. (0x80072AF9)"
Information,7/2/2020 10:20:01,Netwtw08,7021,None,7021 - Connection telemetry fields and analysis usage
Information,7/2/2020 10:20:00,Netwtw08,7026,None,7026 - Dump after return from D3 after cmd
Information,7/2/2020 10:20:00,Netwtw08,7025,None,7025 - Dump after return from D3 before cmd 
Information,7/2/2020 10:20:00,Microsoft-Windows-Kernel-General,1,(5),"The system time has changed to ‎2020‎-‎07‎-‎02T08:20:00.500000000Z from ‎2020‎-‎07‎-‎01T23:16:14.204205400Z.

Change Reason: System time synchronized with the hardware clock.
Process: '' (PID 4)."
Information,7/2/2020 1:16:14,Microsoft-Windows-Kernel-Power,107,(102),The system has resumed from sleep.
Information,7/2/2020 1:16:12,Microsoft-Windows-Kernel-Power,42,(64),"The system is entering sleep.

Sleep Reason: Application API"
Information,7/2/2020 1:16:10,Microsoft-Windows-Kernel-Power,187,(243),User-mode process attempted to change the system state by calling SetSuspendState or SetSystemPowerState APIs.
Information,7/2/2020 1:16:10,Win32k,267,None,Touch/Touchpad Hardware Quality Assurance verification succeeded.
Information,7/2/2020 1:16:09,Microsoft-Windows-Winlogon,7002,(1102),User Logoff Notification for Customer Experience Improvement Program
Information,7/2/2020 0:27:49,Microsoft-Windows-Kernel-General,16,None,The access history in hive \??\C:\Users\Renars\AppData\Local\Packages\Microsoft.Windows.ShellExperienceHost_cw5n1h2txyewy\Settings\settings.dat was cleared updating 3 keys and creating 1 modified pages.
Warning,7/2/2020 0:27:49,Microsoft-Windows-DistributedCOM,10016,None,"The machine-default permission settings do not grant Local Activation permission for the COM Server application with CLSID 
{C2F03A33-21F5-47FA-B4BB-156362A2F239}
 and APPID 
{316CDED5-E4AE-4B15-9113-7055D84DCC97}
 to the user LAPTOP-PR1MKK5U\Renars SID (S-1-5-21-850498477-2290094382-3762704528-1001) from address LocalHost (Using LRPC) running in the application container Microsoft.Windows.ShellExperienceHost_10.0.18362.449_neutral_neutral_cw5n1h2txyewy SID (S-1-15-2-155514346-2573954481-755741238-1654018636-1233331829-3075935687-2861478708). This security permission can be modified using the Component Services administrative tool."
Warning,7/2/2020 0:26:10,Microsoft-Windows-DistributedCOM,10016,None,"The application-specific permission settings do not grant Local Activation permission for the COM Server application with CLSID 
{2593F8B9-4EAF-457C-B68A-50F6B8EA6B54}
 and APPID 
{15C20B67-12E7-4BB6-92BB-7AFF07997402}
 to the user LAPTOP-PR1MKK5U\Renars SID (S-1-5-21-850498477-2290094382-3762704528-1001) from address LocalHost (Using LRPC) running in the application container Unavailable SID (Unavailable). This security permission can be modified using the Component Services administrative tool."
Warning,7/2/2020 0:24:36,Microsoft-Windows-DistributedCOM,10016,None,"The application-specific permission settings do not grant Local Activation permission for the COM Server application with CLSID 
{2593F8B9-4EAF-457C-B68A-50F6B8EA6B54}
 and APPID 
{15C20B67-12E7-4BB6-92BB-7AFF07997402}
 to the user LAPTOP-PR1MKK5U\Renars SID (S-1-5-21-850498477-2290094382-3762704528-1001) from address LocalHost (Using LRPC) running in the application container Unavailable SID (Unavailable). This security permission can be modified using the Component Services administrative tool."
Warning,7/2/2020 0:21:04,Microsoft-Windows-DistributedCOM,10016,None,"The application-specific permission settings do not grant Local Activation permission for the COM Server application with CLSID 
{2593F8B9-4EAF-457C-B68A-50F6B8EA6B54}
 and APPID 
{15C20B67-12E7-4BB6-92BB-7AFF07997402}
 to the user LAPTOP-PR1MKK5U\Renars SID (S-1-5-21-850498477-2290094382-3762704528-1001) from address LocalHost (Using LRPC) running in the application container Unavailable SID (Unavailable). This security permission can be modified using the Component Services administrative tool."
Warning,7/2/2020 0:20:06,Microsoft-Windows-DistributedCOM,10016,None,"The application-specific permission settings do not grant Local Activation permission for the COM Server application with CLSID 
{2593F8B9-4EAF-457C-B68A-50F6B8EA6B54}
 and APPID 
{15C20B67-12E7-4BB6-92BB-7AFF07997402}
 to the user LAPTOP-PR1MKK5U\Renars SID (S-1-5-21-850498477-2290094382-3762704528-1001) from address LocalHost (Using LRPC) running in the application container Unavailable SID (Unavailable). This security permission can be modified using the Component Services administrative tool."
Warning,7/2/2020 0:19:43,Microsoft-Windows-DistributedCOM,10016,None,"The application-specific permission settings do not grant Local Activation permission for the COM Server application with CLSID 
{2593F8B9-4EAF-457C-B68A-50F6B8EA6B54}
 and APPID 
{15C20B67-12E7-4BB6-92BB-7AFF07997402}
 to the user LAPTOP-PR1MKK5U\Renars SID (S-1-5-21-850498477-2290094382-3762704528-1001) from address LocalHost (Using LRPC) running in the application container Unavailable SID (Unavailable). This security permission can be modified using the Component Services administrative tool."
Warning,7/2/2020 0:19:03,Microsoft-Windows-DistributedCOM,10016,None,"The application-specific permission settings do not grant Local Activation permission for the COM Server application with CLSID 
{2593F8B9-4EAF-457C-B68A-50F6B8EA6B54}
 and APPID 
{15C20B67-12E7-4BB6-92BB-7AFF07997402}
 to the user LAPTOP-PR1MKK5U\Renars SID (S-1-5-21-850498477-2290094382-3762704528-1001) from address LocalHost (Using LRPC) running in the application container Unavailable SID (Unavailable). This security permission can be modified using the Component Services administrative tool."
Warning,7/2/2020 0:16:23,Microsoft-Windows-DistributedCOM,10016,None,"The application-specific permission settings do not grant Local Activation permission for the COM Server application with CLSID 
{2593F8B9-4EAF-457C-B68A-50F6B8EA6B54}
 and APPID 
{15C20B67-12E7-4BB6-92BB-7AFF07997402}
 to the user LAPTOP-PR1MKK5U\Renars SID (S-1-5-21-850498477-2290094382-3762704528-1001) from address LocalHost (Using LRPC) running in the application container Unavailable SID (Unavailable). This security permission can be modified using the Component Services administrative tool."
Warning,7/2/2020 0:16:23,Microsoft-Windows-DistributedCOM,10016,None,"The application-specific permission settings do not grant Local Activation permission for the COM Server application with CLSID 
{2593F8B9-4EAF-457C-B68A-50F6B8EA6B54}
 and APPID 
{15C20B67-12E7-4BB6-92BB-7AFF07997402}
 to the user LAPTOP-PR1MKK5U\Renars SID (S-1-5-21-850498477-2290094382-3762704528-1001) from address LocalHost (Using LRPC) running in the application container Unavailable SID (Unavailable). This security permission can be modified using the Component Services administrative tool."
Information,7/2/2020 0:08:17,Service Control Manager,7040,None,The start type of the Background Intelligent Transfer Service service was changed from auto start to demand start.
Information,7/2/2020 0:03:41,Service Control Manager,7040,None,The start type of the Background Intelligent Transfer Service service was changed from demand start to auto start.
Warning,7/2/2020 0:02:41,Microsoft-Windows-DistributedCOM,10016,None,"The application-specific permission settings do not grant Local Activation permission for the COM Server application with CLSID 
{2593F8B9-4EAF-457C-B68A-50F6B8EA6B54}
 and APPID 
{15C20B67-12E7-4BB6-92BB-7AFF07997402}
 to the user LAPTOP-PR1MKK5U\Renars SID (S-1-5-21-850498477-2290094382-3762704528-1001) from address LocalHost (Using LRPC) running in the application container Unavailable SID (Unavailable). This security permission can be modified using the Component Services administrative tool."
Information,7/2/2020 0:02:26,Microsoft-Windows-Kernel-General,16,None,The access history in hive \??\C:\Users\Renars\AppData\Local\Packages\InputApp_cw5n1h2txyewy\Settings\settings.dat was cleared updating 2 keys and creating 1 modified pages.
Information,7/1/2020 23:35:31,Service Control Manager,7040,None,The start type of the Background Intelligent Transfer Service service was changed from auto start to demand start.
Information,7/1/2020 23:33:26,Microsoft-Windows-Kernel-General,16,None,The access history in hive \??\C:\ProgramData\Microsoft\Provisioning\Microsoft-Desktop-Provisioning-Sequence.dat was cleared updating 0 keys and creating 0 modified pages.
Information,7/1/2020 23:33:25,Service Control Manager,7040,None,The start type of the Background Intelligent Transfer Service service was changed from demand start to auto start.
Information,7/1/2020 23:27:53,Service Control Manager,7040,None,The start type of the Background Intelligent Transfer Service service was changed from auto start to demand start.
Information,7/1/2020 23:27:40,Microsoft-Windows-WindowsUpdateClient,19,Windows Update Agent,Installation Successful: Windows successfully installed the following update: 9WZDNCRFHVN5-MICROSOFT.WINDOWSCALCULATOR
Information,7/1/2020 23:27:40,Microsoft-Windows-WindowsUpdateClient,43,Windows Update Agent,Installation Started: Windows has started installing the following update: 9WZDNCRFHVN5-MICROSOFT.WINDOWSCALCULATOR
Information,7/1/2020 23:27:40,Microsoft-Windows-WindowsUpdateClient,19,Windows Update Agent,Installation Successful: Windows successfully installed the following update: Intel - SoftwareComponent - 1.59.241.0
Information,7/1/2020 23:27:36,Microsoft-Windows-UserPnp,20001,(7005),Driver Management concluded the process to install driver iclsclient.inf_amd64_3004658ee4d7fe24 for Device Instance ID SWD\DRIVERENUM\OEM_ICLS_COMPONENT&4&1715A125&0 with the following status: 0x0.
Information,7/1/2020 23:27:36,Microsoft-Windows-UserPnp,20001,(7005),Driver Management concluded the process to install driver iclsclient.inf_amd64_3004658ee4d7fe24 for Device Instance ID SWD\DRIVERENUM\{BABE2782-EB1B-46A7-871A-F043D3200542}#OEM_ICLS_COMPONENT&4&1715A125&0 with the following status: 0x0.
Information,7/1/2020 23:27:36,Service Control Manager,7040,None,The start type of the Intel(R) TPM Provisioning Service service was changed from disabled to auto start.
Information,7/1/2020 23:27:36,Service Control Manager,7040,None,The start type of the Intel(R) Capability Licensing Service TCP IP Interface service was changed from disabled to auto start.
Information,7/1/2020 23:27:36,Microsoft-Windows-Kernel-General,16,None,The access history in hive \??\C:\ProgramData\Microsoft\Windows\AppRepository\Packages\Microsoft.WindowsCalculator_10.2005.23.0_x64__8wekyb3d8bbwe\ActivationStore.dat was cleared updating 0 keys and creating 0 modified pages.
Information,7/1/2020 23:27:35,Microsoft-Windows-WindowsUpdateClient,43,Windows Update Agent,Installation Started: Windows has started installing the following update: Intel - SoftwareComponent - 1.59.241.0
Information,7/1/2020 23:27:35,Microsoft-Windows-WindowsUpdateClient,19,Windows Update Agent,Installation Successful: Windows successfully installed the following update: Intel - System - 1952.14.0.1470
Information,7/1/2020 23:27:35,Microsoft-Windows-WindowsUpdateClient,43,Windows Update Agent,Installation Started: Windows has started installing the following update: Intel - System - 1952.14.0.1470
Information,7/1/2020 23:27:35,Microsoft-Windows-WindowsUpdateClient,19,Windows Update Agent,Installation Successful: Windows successfully installed the following update: 9PMMSR1CGPWG-Microsoft.HEIFImageExtension
Information,7/1/2020 23:27:35,Microsoft-Windows-WindowsUpdateClient,43,Windows Update Agent,Installation Started: Windows has started installing the following update: 9PMMSR1CGPWG-Microsoft.HEIFImageExtension
Information,7/1/2020 23:27:35,Microsoft-Windows-UserPnp,20001,(7005),Driver Management concluded the process to install driver heci.inf_amd64_d01e7c2e2b4c1b72 for Device Instance ID PCI\VEN_8086&DEV_A360&SUBSYS_381017AA&REV_10\3&11583659&1&B0 with the following status: 0x0.
Information,7/1/2020 23:27:35,MEIx64,2,None,Intel(R) Management Engine Interface driver has started successfully.
Warning,7/1/2020 23:27:35,MEIx64,4,None,The Intel(R) Management Engine Interface is being disabled.
Information,7/1/2020 23:27:34,Microsoft-Windows-Kernel-General,16,None,The access history in hive \??\C:\Users\Renars\AppData\Local\Packages\Microsoft.HEIFImageExtension_8wekyb3d8bbwe\Settings\settings.dat was cleared updating 1 keys and creating 1 modified pages.
Information,7/1/2020 23:27:33,Microsoft-Windows-Kernel-General,16,None,The access history in hive \??\C:\ProgramData\Microsoft\Windows\AppRepository\Packages\Microsoft.HEIFImageExtension_1.0.31572.0_x64__8wekyb3d8bbwe\ActivationStore.dat was cleared updating 0 keys and creating 0 modified pages.
Information,7/1/2020 23:27:30,Microsoft-Windows-WindowsUpdateClient,44,Windows Update Agent,Windows Update started downloading an update.
Information,7/1/2020 23:27:30,Microsoft-Windows-WindowsUpdateClient,44,Windows Update Agent,Windows Update started downloading an update.
Information,7/1/2020 23:27:30,Microsoft-Windows-WindowsUpdateClient,44,Windows Update Agent,Windows Update started downloading an update.
Information,7/1/2020 23:27:30,Microsoft-Windows-WindowsUpdateClient,44,Windows Update Agent,Windows Update started downloading an update.
Information,7/1/2020 23:27:25,Microsoft-Windows-Kernel-General,16,None,The access history in hive \??\C:\Users\Renars\AppData\Local\Packages\Microsoft.Windows.Photos_8wekyb3d8bbwe\Settings\settings.dat was cleared updating 28 keys and creating 8 modified pages.
Information,7/1/2020 23:26:16,Microsoft-Windows-WindowsUpdateClient,19,Windows Update Agent,Installation Successful: Windows successfully installed the following update: Security Intelligence Update for Microsoft Defender Antivirus - KB2267602 (Version 1.319.593.0)
Information,7/1/2020 23:26:10,Microsoft-Windows-WindowsUpdateClient,43,Windows Update Agent,Installation Started: Windows has started installing the following update: Security Intelligence Update for Microsoft Defender Antivirus - KB2267602 (Version 1.319.593.0)
Information,7/1/2020 23:26:10,Microsoft-Windows-WindowsUpdateClient,44,Windows Update Agent,Windows Update started downloading an update.
Information,7/1/2020 23:25:55,Microsoft-Windows-Kernel-General,15,None,Hive \SystemRoot\System32\config\DRIVERS was reorganized with a starting size of 7102464 bytes and an ending size of 7057408 bytes.
Information,7/1/2020 23:25:48,Service Control Manager,7040,None,The start type of the Background Intelligent Transfer Service service was changed from demand start to auto start.
Information,7/1/2020 23:24:59,Service Control Manager,7040,None,The start type of the Background Intelligent Transfer Service service was changed from auto start to demand start.
Information,7/1/2020 23:23:36,Microsoft-Windows-Kernel-General,16,None,The access history in hive \??\C:\ProgramData\Packages\Microsoft.MicrosoftOfficeHub_8wekyb3d8bbwe\S-1-5-21-850498477-2290094382-3762704528-1001\SystemAppData\Helium\Cache\f6eb308405f1dde1_COM15.dat was cleared updating 1 keys and creating 1 modified pages.
Information,7/1/2020 23:23:35,Microsoft-Windows-Kernel-General,16,None,The access history in hive \??\C:\Users\Renars\AppData\Local\Packages\Microsoft.ZuneVideo_8wekyb3d8bbwe\Settings\settings.dat was cleared updating 11 keys and creating 2 modified pages.
Information,7/1/2020 23:23:35,Microsoft-Windows-Kernel-General,16,None,The access history in hive \??\C:\Users\Renars\AppData\Local\Packages\microsoft.windowscommunicationsapps_8wekyb3d8bbwe\Settings\settings.dat was cleared updating 31 keys and creating 4 modified pages.
Information,7/1/2020 23:23:15,Microsoft-Windows-Kernel-General,16,None,The access history in hive \??\C:\Users\Renars\AppData\Local\Packages\Microsoft.WindowsCalculator_8wekyb3d8bbwe\Settings\settings.dat was cleared updating 3 keys and creating 1 modified pages.
Warning,7/1/2020 23:23:03,Microsoft-Windows-DistributedCOM,10016,None,"The application-specific permission settings do not grant Local Activation permission for the COM Server application with CLSID 
{2593F8B9-4EAF-457C-B68A-50F6B8EA6B54}
 and APPID 
{15C20B67-12E7-4BB6-92BB-7AFF07997402}
 to the user LAPTOP-PR1MKK5U\Renars SID (S-1-5-21-850498477-2290094382-3762704528-1001) from address LocalHost (Using LRPC) running in the application container Unavailable SID (Unavailable). This security permission can be modified using the Component Services administrative tool."
Warning,7/1/2020 23:23:02,Microsoft-Windows-DistributedCOM,10016,None,"The application-specific permission settings do not grant Local Activation permission for the COM Server application with CLSID 
{2593F8B9-4EAF-457C-B68A-50F6B8EA6B54}
 and APPID 
{15C20B67-12E7-4BB6-92BB-7AFF07997402}
 to the user LAPTOP-PR1MKK5U\Renars SID (S-1-5-21-850498477-2290094382-3762704528-1001) from address LocalHost (Using LRPC) running in the application container Unavailable SID (Unavailable). This security permission can be modified using the Component Services administrative tool."
Information,7/1/2020 23:22:54,Microsoft-Windows-Kernel-General,16,None,The access history in hive \??\C:\Users\Renars\AppData\Local\Packages\Microsoft.SkypeApp_kzf8qxf38zg5c\Settings\settings.dat was cleared updating 2 keys and creating 1 modified pages.
Information,7/1/2020 23:22:52,Microsoft-Windows-Kernel-General,16,None,The access history in hive \??\C:\Users\Renars\AppData\Local\Packages\Microsoft.LockApp_cw5n1h2txyewy\Settings\settings.dat was cleared updating 3 keys and creating 1 modified pages.
Warning,7/1/2020 23:22:52,Netwtw08,6062,None,6062 - Lso was triggered
Information,7/1/2020 23:22:51,Microsoft-Windows-Kernel-General,16,None,The access history in hive \??\C:\Users\Renars\AppData\Local\Packages\Microsoft.YourPhone_8wekyb3d8bbwe\Settings\settings.dat was cleared updating 24 keys and creating 7 modified pages.
Information,7/1/2020 23:22:51,Microsoft-Windows-Kernel-General,16,None,The access history in hive \??\C:\Users\Renars\AppData\Local\Packages\4DF9E0F8.Netflix_mcm4njqhnhss8\Settings\settings.dat was cleared updating 2 keys and creating 1 modified pages.
Information,7/1/2020 23:22:51,Microsoft-Windows-Kernel-General,16,None,The access history in hive \??\C:\Users\Renars\AppData\Local\Packages\Microsoft.Windows.ContentDeliveryManager_cw5n1h2txyewy\Settings\settings.dat was cleared updating 751 keys and creating 48 modified pages.
Information,7/1/2020 23:22:51,Microsoft-Windows-Kernel-General,16,None,The access history in hive \??\C:\Users\Renars\AppData\Local\Packages\Microsoft.AAD.BrokerPlugin_cw5n1h2txyewy\Settings\settings.dat was cleared updating 5 keys and creating 1 modified pages.
Information,7/1/2020 23:22:50,Microsoft-Windows-Power-Troubleshooter,1,None,"The system has returned from a low power state.

Sleep Time: ‎2020‎-‎06‎-‎30T23:34:14.820291000Z
Wake Time: ‎2020‎-‎07‎-‎01T21:22:49.036604900Z

Wake Source: Unknown"
Information,7/1/2020 23:22:50,Microsoft-Windows-Kernel-General,16,None,The access history in hive \??\C:\Users\Renars\AppData\Local\Packages\Microsoft.Windows.Cortana_cw5n1h2txyewy\Settings\settings.dat was cleared updating 87 keys and creating 35 modified pages.
Information,7/1/2020 23:22:50,Microsoft-Windows-Kernel-General,16,None,The access history in hive \??\C:\Users\Renars\AppData\Local\Packages\Microsoft.Windows.StartMenuExperienceHost_cw5n1h2txyewy\Settings\settings.dat was cleared updating 3 keys and creating 1 modified pages.
Information,7/1/2020 23:22:50,BTHUSB,18,None,Windows cannot store Bluetooth authentication codes (link keys) on the local adapter. Bluetooth keyboards might not work in the system BIOS during startup.
Information,7/1/2020 23:22:49,Service Control Manager,7040,None,The start type of the Background Intelligent Transfer Service service was changed from demand start to auto start.
Warning,7/1/2020 23:22:49,Microsoft-Windows-DistributedCOM,10016,None,"The application-specific permission settings do not grant Local Activation permission for the COM Server application with CLSID 
{6B3B8D23-FA8D-40B9-8DBD-B950333E2C52}
 and APPID 
{4839DDB7-58C2-48F5-8283-E1D1807D0D7D}
 to the user NT AUTHORITY\LOCAL SERVICE SID (S-1-5-19) from address LocalHost (Using LRPC) running in the application container Unavailable SID (Unavailable). This security permission can be modified using the Component Services administrative tool."
Warning,7/1/2020 23:22:49,Microsoft-Windows-DistributedCOM,10016,None,"The application-specific permission settings do not grant Local Activation permission for the COM Server application with CLSID 
{6B3B8D23-FA8D-40B9-8DBD-B950333E2C52}
 and APPID 
{4839DDB7-58C2-48F5-8283-E1D1807D0D7D}
 to the user NT AUTHORITY\LOCAL SERVICE SID (S-1-5-19) from address LocalHost (Using LRPC) running in the application container Unavailable SID (Unavailable). This security permission can be modified using the Component Services administrative tool."
Information,7/1/2020 23:22:49,Microsoft-Windows-Kernel-General,16,None,The access history in hive \??\C:\Users\Renars\AppData\Local\Microsoft\Windows\UsrClass.dat was cleared updating 9577 keys and creating 949 modified pages.
Information,7/1/2020 23:22:49,Microsoft-Windows-Kernel-General,16,None,The access history in hive \??\C:\Users\Renars\ntuser.dat was cleared updating 3145 keys and creating 533 modified pages.
Information,7/1/2020 23:22:49,Microsoft-Windows-Winlogon,7001,(1101),User Logon Notification for Customer Experience Improvement Program
Information,7/1/2020 23:22:48,Microsoft-Windows-Kernel-General,16,None,The access history in hive \Device\HarddiskVolume1\EFI\Microsoft\Boot\BCD was cleared updating 96 keys and creating 6 modified pages.
Information,7/1/2020 23:22:48,Microsoft-Windows-Kernel-Boot,27,(33),The boot type was 0x1.
Information,7/1/2020 23:22:48,Microsoft-Windows-Kernel-Boot,25,(32),The boot menu policy was 0x1.
Information,7/1/2020 23:22:48,Microsoft-Windows-Kernel-Boot,32,(58),The bootmgr spent 0 ms waiting for user input.
Information,7/1/2020 23:22:48,Microsoft-Windows-Kernel-Boot,18,(57),There are 0x1 boot options on this system.
Information,7/1/2020 23:22:48,Microsoft-Windows-Kernel-Boot,30,(21),The firmware reported boot metrics.
Warning,7/1/2020 23:22:48,Microsoft-Windows-Time-Service,134,None,"NtpClient was unable to set a manual peer to use as a time source because of DNS resolution error on 'time.windows.com,0x9'. NtpClient will try again in 15 minutes and double the reattempt interval thereafter. The error was: No such host is known. (0x80072AF9)"
Information,7/1/2020 23:22:48,Netwtw08,7021,None,7021 - Connection telemetry fields and analysis usage
Information,7/1/2020 23:22:47,Netwtw08,7026,None,7026 - Dump after return from D3 after cmd
Information,7/1/2020 23:22:47,Netwtw08,7025,None,7025 - Dump after return from D3 before cmd 
Information,7/1/2020 23:22:47,Microsoft-Windows-Kernel-General,1,(5),"The system time has changed to ‎2020‎-‎07‎-‎01T21:22:47.500000000Z from ‎2020‎-‎06‎-‎30T23:34:17.935568200Z.

Change Reason: System time synchronized with the hardware clock.
Process: '' (PID 4)."
Information,7/1/2020 1:34:17,Microsoft-Windows-Kernel-Power,107,(102),The system has resumed from sleep.
Information,7/1/2020 23:22:47,EventLog,6013,None,The system uptime is 132935 seconds.
Information,7/1/2020 1:34:16,Microsoft-Windows-Kernel-General,1,(5),"The system time has changed to ‎2020‎-‎06‎-‎30T23:34:11.500000000Z from ‎2020‎-‎06‎-‎30T23:34:16.140388900Z.

Change Reason: System time synchronized with the hardware clock.
Process: '' (PID 4)."
Information,7/1/2020 1:34:15,Microsoft-Windows-Kernel-Power,42,(64),"The system is entering sleep.

Sleep Reason: Application API"
Information,7/1/2020 1:34:14,Microsoft-Windows-Kernel-Power,187,(243),User-mode process attempted to change the system state by calling SetSuspendState or SetSystemPowerState APIs.
Information,7/1/2020 1:34:14,Win32k,267,None,Touch/Touchpad Hardware Quality Assurance verification succeeded.
Information,7/1/2020 1:34:14,Microsoft-Windows-Winlogon,7002,(1102),User Logoff Notification for Customer Experience Improvement Program
Information,7/1/2020 1:34:13,User32,1074,None,"The process C:\Windows\System32\RuntimeBroker.exe (LAPTOP-PR1MKK5U) has initiated the power off of computer LAPTOP-PR1MKK5U on behalf of user LAPTOP-PR1MKK5U\Renars for the following reason: Other (Unplanned)
 Reason Code: 0x0
 Shutdown Type: power off
 Comment: "
Warning,7/1/2020 1:29:42,Microsoft-Windows-DistributedCOM,10016,None,"The application-specific permission settings do not grant Local Activation permission for the COM Server application with CLSID 
{2593F8B9-4EAF-457C-B68A-50F6B8EA6B54}
 and APPID 
{15C20B67-12E7-4BB6-92BB-7AFF07997402}
 to the user LAPTOP-PR1MKK5U\Renars SID (S-1-5-21-850498477-2290094382-3762704528-1001) from address LocalHost (Using LRPC) running in the application container Unavailable SID (Unavailable). This security permission can be modified using the Component Services administrative tool."
Warning,7/1/2020 1:07:49,Microsoft-Windows-DistributedCOM,10016,None,"The application-specific permission settings do not grant Local Activation permission for the COM Server application with CLSID 
{2593F8B9-4EAF-457C-B68A-50F6B8EA6B54}
 and APPID 
{15C20B67-12E7-4BB6-92BB-7AFF07997402}
 to the user LAPTOP-PR1MKK5U\Renars SID (S-1-5-21-850498477-2290094382-3762704528-1001) from address LocalHost (Using LRPC) running in the application container Unavailable SID (Unavailable). This security permission can be modified using the Component Services administrative tool."
Warning,7/1/2020 1:07:49,Microsoft-Windows-DistributedCOM,10016,None,"The application-specific permission settings do not grant Local Activation permission for the COM Server application with CLSID 
{2593F8B9-4EAF-457C-B68A-50F6B8EA6B54}
 and APPID 
{15C20B67-12E7-4BB6-92BB-7AFF07997402}
 to the user LAPTOP-PR1MKK5U\Renars SID (S-1-5-21-850498477-2290094382-3762704528-1001) from address LocalHost (Using LRPC) running in the application container Unavailable SID (Unavailable). This security permission can be modified using the Component Services administrative tool."
Information,7/1/2020 0:43:26,Service Control Manager,7040,None,The start type of the Background Intelligent Transfer Service service was changed from auto start to demand start.
Information,7/1/2020 0:32:45,Service Control Manager,7040,None,The start type of the Background Intelligent Transfer Service service was changed from demand start to auto start.
Warning,7/1/2020 0:31:45,Microsoft-Windows-DistributedCOM,10016,None,"The application-specific permission settings do not grant Local Activation permission for the COM Server application with CLSID 
{2593F8B9-4EAF-457C-B68A-50F6B8EA6B54}
 and APPID 
{15C20B67-12E7-4BB6-92BB-7AFF07997402}
 to the user LAPTOP-PR1MKK5U\Renars SID (S-1-5-21-850498477-2290094382-3762704528-1001) from address LocalHost (Using LRPC) running in the application container Unavailable SID (Unavailable). This security permission can be modified using the Component Services administrative tool."
Warning,7/1/2020 0:17:27,Microsoft-Windows-DistributedCOM,10016,None,"The application-specific permission settings do not grant Local Activation permission for the COM Server application with CLSID 
{2593F8B9-4EAF-457C-B68A-50F6B8EA6B54}
 and APPID 
{15C20B67-12E7-4BB6-92BB-7AFF07997402}
 to the user LAPTOP-PR1MKK5U\Renars SID (S-1-5-21-850498477-2290094382-3762704528-1001) from address LocalHost (Using LRPC) running in the application container Unavailable SID (Unavailable). This security permission can be modified using the Component Services administrative tool."
Warning,7/1/2020 0:16:51,Microsoft-Windows-DistributedCOM,10016,None,"The application-specific permission settings do not grant Local Activation permission for the COM Server application with CLSID 
{2593F8B9-4EAF-457C-B68A-50F6B8EA6B54}
 and APPID 
{15C20B67-12E7-4BB6-92BB-7AFF07997402}
 to the user LAPTOP-PR1MKK5U\Renars SID (S-1-5-21-850498477-2290094382-3762704528-1001) from address LocalHost (Using LRPC) running in the application container Unavailable SID (Unavailable). This security permission can be modified using the Component Services administrative tool."
Warning,6/30/2020 23:46:59,Microsoft-Windows-DistributedCOM,10016,None,"The application-specific permission settings do not grant Local Activation permission for the COM Server application with CLSID 
{2593F8B9-4EAF-457C-B68A-50F6B8EA6B54}
 and APPID 
{15C20B67-12E7-4BB6-92BB-7AFF07997402}
 to the user LAPTOP-PR1MKK5U\Renars SID (S-1-5-21-850498477-2290094382-3762704528-1001) from address LocalHost (Using LRPC) running in the application container Unavailable SID (Unavailable). This security permission can be modified using the Component Services administrative tool."
Warning,6/30/2020 23:10:13,Microsoft-Windows-DistributedCOM,10016,None,"The application-specific permission settings do not grant Local Activation permission for the COM Server application with CLSID 
{2593F8B9-4EAF-457C-B68A-50F6B8EA6B54}
 and APPID 
{15C20B67-12E7-4BB6-92BB-7AFF07997402}
 to the user LAPTOP-PR1MKK5U\Renars SID (S-1-5-21-850498477-2290094382-3762704528-1001) from address LocalHost (Using LRPC) running in the application container Unavailable SID (Unavailable). This security permission can be modified using the Component Services administrative tool."
Warning,6/30/2020 20:00:47,Microsoft-Windows-DistributedCOM,10016,None,"The application-specific permission settings do not grant Local Activation permission for the COM Server application with CLSID 
{2593F8B9-4EAF-457C-B68A-50F6B8EA6B54}
 and APPID 
{15C20B67-12E7-4BB6-92BB-7AFF07997402}
 to the user LAPTOP-PR1MKK5U\Renars SID (S-1-5-21-850498477-2290094382-3762704528-1001) from address LocalHost (Using LRPC) running in the application container Unavailable SID (Unavailable). This security permission can be modified using the Component Services administrative tool."
Warning,6/30/2020 20:00:34,Microsoft-Windows-DistributedCOM,10016,None,"The application-specific permission settings do not grant Local Activation permission for the COM Server application with CLSID 
{2593F8B9-4EAF-457C-B68A-50F6B8EA6B54}
 and APPID 
{15C20B67-12E7-4BB6-92BB-7AFF07997402}
 to the user LAPTOP-PR1MKK5U\Renars SID (S-1-5-21-850498477-2290094382-3762704528-1001) from address LocalHost (Using LRPC) running in the application container Unavailable SID (Unavailable). This security permission can be modified using the Component Services administrative tool."
Warning,6/30/2020 19:59:37,Microsoft-Windows-DistributedCOM,10016,None,"The application-specific permission settings do not grant Local Activation permission for the COM Server application with CLSID 
{2593F8B9-4EAF-457C-B68A-50F6B8EA6B54}
 and APPID 
{15C20B67-12E7-4BB6-92BB-7AFF07997402}
 to the user LAPTOP-PR1MKK5U\Renars SID (S-1-5-21-850498477-2290094382-3762704528-1001) from address LocalHost (Using LRPC) running in the application container Unavailable SID (Unavailable). This security permission can be modified using the Component Services administrative tool."
Information,6/30/2020 19:45:07,Service Control Manager,7040,None,The start type of the Background Intelligent Transfer Service service was changed from auto start to demand start.
Information,6/30/2020 19:41:51,Service Control Manager,7040,None,The start type of the Background Intelligent Transfer Service service was changed from demand start to auto start.
Warning,6/30/2020 19:40:51,Microsoft-Windows-DistributedCOM,10016,None,"The application-specific permission settings do not grant Local Activation permission for the COM Server application with CLSID 
{2593F8B9-4EAF-457C-B68A-50F6B8EA6B54}
 and APPID 
{15C20B67-12E7-4BB6-92BB-7AFF07997402}
 to the user LAPTOP-PR1MKK5U\Renars SID (S-1-5-21-850498477-2290094382-3762704528-1001) from address LocalHost (Using LRPC) running in the application container Unavailable SID (Unavailable). This security permission can be modified using the Component Services administrative tool."
Information,6/30/2020 18:10:42,Service Control Manager,7040,None,The start type of the Background Intelligent Transfer Service service was changed from auto start to demand start.
Information,6/30/2020 18:06:02,Service Control Manager,7040,None,The start type of the Background Intelligent Transfer Service service was changed from demand start to auto start.
Warning,6/30/2020 18:05:02,Microsoft-Windows-DistributedCOM,10016,None,"The application-specific permission settings do not grant Local Activation permission for the COM Server application with CLSID 
{2593F8B9-4EAF-457C-B68A-50F6B8EA6B54}
 and APPID 
{15C20B67-12E7-4BB6-92BB-7AFF07997402}
 to the user LAPTOP-PR1MKK5U\Renars SID (S-1-5-21-850498477-2290094382-3762704528-1001) from address LocalHost (Using LRPC) running in the application container Unavailable SID (Unavailable). This security permission can be modified using the Component Services administrative tool."
Information,6/30/2020 16:01:00,Service Control Manager,7040,None,The start type of the Background Intelligent Transfer Service service was changed from auto start to demand start.
Information,6/30/2020 15:56:00,Service Control Manager,7040,None,The start type of the Background Intelligent Transfer Service service was changed from demand start to auto start.
Warning,6/30/2020 15:55:00,Microsoft-Windows-DistributedCOM,10016,None,"The application-specific permission settings do not grant Local Activation permission for the COM Server application with CLSID 
{2593F8B9-4EAF-457C-B68A-50F6B8EA6B54}
 and APPID 
{15C20B67-12E7-4BB6-92BB-7AFF07997402}
 to the user LAPTOP-PR1MKK5U\Renars SID (S-1-5-21-850498477-2290094382-3762704528-1001) from address LocalHost (Using LRPC) running in the application container Unavailable SID (Unavailable). This security permission can be modified using the Component Services administrative tool."
Information,6/30/2020 13:01:37,Microsoft-Windows-WindowsUpdateClient,19,Windows Update Agent,Installation Successful: Windows successfully installed the following update: 9NZKPSTSNW4P-Microsoft.XboxGamingOverlay
Information,6/30/2020 13:01:37,Microsoft-Windows-WindowsUpdateClient,43,Windows Update Agent,Installation Started: Windows has started installing the following update: 9NZKPSTSNW4P-Microsoft.XboxGamingOverlay
Information,6/30/2020 13:01:31,Microsoft-Windows-Kernel-General,16,None,The access history in hive \??\C:\ProgramData\Microsoft\Windows\AppRepository\Packages\Microsoft.XboxGamingOverlay_5.320.6242.0_x64__8wekyb3d8bbwe\ActivationStore.dat was cleared updating 0 keys and creating 0 modified pages.
Information,6/30/2020 13:01:27,Microsoft-Windows-WindowsUpdateClient,44,Windows Update Agent,Windows Update started downloading an update.
Information,6/30/2020 12:22:37,Microsoft-Windows-Time-Service,158,None,The time provider 'VMICTimeProvider' has indicated that the current hardware and operating environment is not supported and has stopped. This behavior is expected for VMICTimeProvider on non-HyperV-guest environments. This may be the expected behavior for the current provider in the current operating environment as well.
Information,6/30/2020 12:05:33,Microsoft-Windows-Time-Service,158,None,The time provider 'VMICTimeProvider' has indicated that the current hardware and operating environment is not supported and has stopped. This behavior is expected for VMICTimeProvider on non-HyperV-guest environments. This may be the expected behavior for the current provider in the current operating environment as well.
Information,6/30/2020 12:00:00,EventLog,6013,None,The system uptime is 5568 seconds.
