Warning,6/29/2020 7:05:53,Microsoft-Windows-DistributedCOM,10016,None,"The application-specific permission settings do not grant Local Launch permission for the COM Server application with CLSID 
Windows.SecurityCenter.SecurityAppBroker
 and APPID 
Unavailable
 to the user NT AUTHORITY\SYSTEM SID (S-1-5-18) from address LocalHost (Using LRPC) running in the application container Unavailable SID (Unavailable). This security permission can be modified using the Component Services administrative tool."
Warning,6/29/2020 7:05:53,Microsoft-Windows-DistributedCOM,10016,None,"The application-specific permission settings do not grant Local Launch permission for the COM Server application with CLSID 
Windows.SecurityCenter.WscDataProtection
 and APPID 
Unavailable
 to the user NT AUTHORITY\SYSTEM SID (S-1-5-18) from address LocalHost (Using LRPC) running in the application container Unavailable SID (Unavailable). This security permission can be modified using the Component Services administrative tool."
Warning,6/29/2020 7:05:53,Microsoft-Windows-DistributedCOM,10016,None,"The application-specific permission settings do not grant Local Launch permission for the COM Server application with CLSID 
Windows.SecurityCenter.WscBrokerManager
 and APPID 
Unavailable
 to the user NT AUTHORITY\SYSTEM SID (S-1-5-18) from address LocalHost (Using LRPC) running in the application container Unavailable SID (Unavailable). This security permission can be modified using the Component Services administrative tool."
Warning,6/29/2020 7:04:06,Microsoft-Windows-DistributedCOM,10016,None,"The application-specific permission settings do not grant Local Activation permission for the COM Server application with CLSID 
{2593F8B9-4EAF-457C-B68A-50F6B8EA6B54}
 and APPID 
{15C20B67-12E7-4BB6-92BB-7AFF07997402}
 to the user LAPTOP-PR1MKK5U\Renars SID (S-1-5-21-850498477-2290094382-3762704528-1001) from address LocalHost (Using LRPC) running in the application container Unavailable SID (Unavailable). This security permission can be modified using the Component Services administrative tool."
Warning,6/29/2020 7:04:06,Microsoft-Windows-DistributedCOM,10016,None,"The application-specific permission settings do not grant Local Activation permission for the COM Server application with CLSID 
{2593F8B9-4EAF-457C-B68A-50F6B8EA6B54}
 and APPID 
{15C20B67-12E7-4BB6-92BB-7AFF07997402}
 to the user LAPTOP-PR1MKK5U\Renars SID (S-1-5-21-850498477-2290094382-3762704528-1001) from address LocalHost (Using LRPC) running in the application container Unavailable SID (Unavailable). This security permission can be modified using the Component Services administrative tool."
Warning,6/29/2020 7:03:59,Netwtw08,6062,None,6062 - Lso was triggered
Information,6/29/2020 7:03:58,Microsoft-Windows-TPM-WMI,1025,None,The TPM was successfully provisioned and is now ready for use.
Information,6/29/2020 7:03:58,Microsoft-Windows-TPM-WMI,1282,None,The TBS device identifier has been generated.
Information,6/29/2020 7:03:57,Microsoft-Windows-TPM-WMI,1027,None,The Ownership of the Trusted Platform Module (TPM) hardware on this computer was successfully taken (TPM TakeOwnership command) by the system.
Information,6/29/2020 7:03:57,Microsoft-Windows-TPM-WMI,519,None,The TPM has been cleared. Reason: SRK has changed or is not present..
Information,6/29/2020 7:03:57,Microsoft-Windows-TPM-WMI,1025,None,The TPM was successfully provisioned and is now ready for use.
Information,6/29/2020 7:03:56,Netwtw08,7021,None,7021 - Connection telemetry fields and analysis usage
Information,6/29/2020 7:03:56,Microsoft-Windows-TPM-WMI,1282,None,The TBS device identifier has been generated.
Information,6/29/2020 7:03:56,Service Control Manager,7040,None,The start type of the Background Intelligent Transfer Service service was changed from demand start to auto start.
Information,6/29/2020 7:03:55,Microsoft-Windows-TPM-WMI,1027,None,The Ownership of the Trusted Platform Module (TPM) hardware on this computer was successfully taken (TPM TakeOwnership command) by the system.
Information,6/29/2020 7:03:55,Microsoft-Windows-TPM-WMI,519,None,The TPM has been cleared. Reason: SRK has changed or is not present..
Information,6/29/2020 7:03:53,TPM,18,None,This event triggers the Trusted Platform Module (TPM) provisioning/status check to run.
Information,6/29/2020 7:03:52,Service Control Manager,7026,None,"The following boot-start or system-start driver(s) did not load: 
dam"
Warning,6/29/2020 7:03:52,Microsoft-Windows-DistributedCOM,10016,None,"The application-specific permission settings do not grant Local Activation permission for the COM Server application with CLSID 
{6B3B8D23-FA8D-40B9-8DBD-B950333E2C52}
 and APPID 
{4839DDB7-58C2-48F5-8283-E1D1807D0D7D}
 to the user NT AUTHORITY\LOCAL SERVICE SID (S-1-5-19) from address LocalHost (Using LRPC) running in the application container Unavailable SID (Unavailable). This security permission can be modified using the Component Services administrative tool."
Warning,6/29/2020 7:03:52,Microsoft-Windows-DistributedCOM,10016,None,"The application-specific permission settings do not grant Local Activation permission for the COM Server application with CLSID 
{6B3B8D23-FA8D-40B9-8DBD-B950333E2C52}
 and APPID 
{4839DDB7-58C2-48F5-8283-E1D1807D0D7D}
 to the user NT AUTHORITY\LOCAL SERVICE SID (S-1-5-19) from address LocalHost (Using LRPC) running in the application container Unavailable SID (Unavailable). This security permission can be modified using the Component Services administrative tool."
Information,6/29/2020 7:03:52,Microsoft-Windows-WLAN-AutoConfig,10001,None,"WLAN Extensibility Module has successfully started.

Module Path: C:\Windows\system32\IntelIHVRouter08.dll
"
Information,6/29/2020 7:03:52,Microsoft-Windows-WLAN-AutoConfig,4000,None,"WLAN AutoConfig service has successfully started.
"
Information,6/29/2020 7:03:52,Win32k,267,None,Touch/Touchpad Hardware Quality Assurance verification succeeded.
Information,6/29/2020 7:03:52,Microsoft-Windows-Winlogon,7001,(1101),User Logon Notification for Customer Experience Improvement Program
Information,6/29/2020 7:03:52,Microsoft-Windows-DHCPv6-Client,51046,Service State Event,DHCPv6 client service is started
Information,6/29/2020 7:03:52,Microsoft-Windows-Dhcp-Client,50103,Service State Event,DHCPv4 client registered for shutdown notification
Information,6/29/2020 7:03:52,Microsoft-Windows-Dhcp-Client,50036,Service State Event,DHCPv4 client service is started
Information,6/29/2020 7:03:52,Microsoft-Windows-FilterManager,6,None,"File System Filter 'storqosflt' (10.0, ‎2084‎-‎07‎-‎24T07:29:44.000000000Z) has successfully loaded and registered with Filter Manager."
Information,6/29/2020 7:03:52,Microsoft-Windows-FilterManager,6,None,"File System Filter 'CldFlt' (10.0, ‎2077‎-‎06‎-‎12T17:13:28.000000000Z) has successfully loaded and registered with Filter Manager."
Information,6/29/2020 7:03:52,Microsoft-Windows-FilterManager,1,None,"File System Filter 'CldFlt' (Version 10.0, ‎2077‎-‎06‎-‎12T17:13:28.000000000Z) unloaded successfully."
Information,6/29/2020 7:03:52,Microsoft-Windows-FilterManager,6,None,"File System Filter 'CldFlt' (10.0, ‎2077‎-‎06‎-‎12T17:13:28.000000000Z) has successfully loaded and registered with Filter Manager."
Information,6/29/2020 7:03:52,Microsoft-Windows-FilterManager,6,None,"File System Filter 'luafv' (10.0, ‎1974‎-‎08‎-‎09T15:33:30.000000000Z) has successfully loaded and registered with Filter Manager."
Information,6/29/2020 7:03:52,Microsoft-Windows-FilterManager,6,None,"File System Filter 'wcifs' (10.0, ‎2011‎-‎08‎-‎26T00:27:29.000000000Z) has successfully loaded and registered with Filter Manager."
Information,6/29/2020 7:03:51,Microsoft-Windows-Directory-Services-SAM,16962,None,"Remote calls to the SAM database are being restricted using the default security descriptor: O:SYG:SYD:(A;;RC;;;BA).
For more information please see http://go.microsoft.com/fwlink/?LinkId=787651."
Information,6/29/2020 7:03:51,Win32k,267,None,Touch/Touchpad Hardware Quality Assurance verification succeeded.
Information,6/29/2020 7:03:51,Microsoft-Windows-Wininit,14,None,"Credential Guard configuration: 0x0, 0"
Information,6/29/2020 7:03:51,BTHUSB,18,None,Windows cannot store Bluetooth authentication codes (link keys) on the local adapter. Bluetooth keyboards might not work in the system BIOS during startup.
Information,6/29/2020 7:03:49,MEIx64,2,None,Intel(R) Management Engine Interface driver has started successfully.
Information,6/29/2020 7:03:49,Microsoft-Windows-Kernel-Power,521,(220),Active battery count change.
Information,6/29/2020 7:03:49,Microsoft-Windows-Kernel-Power,521,(220),Active battery count change.
Information,6/29/2020 7:03:48,Netwtw08,7017,None,7017 - secure boot (SB) configuration
Information,6/29/2020 7:03:47,Microsoft-Windows-Kernel-Processor-Power,55,(47),"Processor 11 in group 0 exposes the following power management capabilities:

Idle state type: ACPI Idle (C) States (3 state(s))

Performance state type: ACPI Collaborative Processor Performance Control
Nominal Frequency (MHz): 2592
Maximum performance percentage: 173
Minimum performance percentage: 42
Minimum throttle percentage: 3"
Information,6/29/2020 7:03:47,Microsoft-Windows-Kernel-Processor-Power,55,(47),"Processor 9 in group 0 exposes the following power management capabilities:

Idle state type: ACPI Idle (C) States (3 state(s))

Performance state type: ACPI Collaborative Processor Performance Control
Nominal Frequency (MHz): 2592
Maximum performance percentage: 173
Minimum performance percentage: 42
Minimum throttle percentage: 3"
Information,6/29/2020 7:03:47,Microsoft-Windows-Kernel-Processor-Power,55,(47),"Processor 7 in group 0 exposes the following power management capabilities:

Idle state type: ACPI Idle (C) States (3 state(s))

Performance state type: ACPI Collaborative Processor Performance Control
Nominal Frequency (MHz): 2592
Maximum performance percentage: 173
Minimum performance percentage: 42
Minimum throttle percentage: 3"
Information,6/29/2020 7:03:47,Microsoft-Windows-Kernel-Processor-Power,55,(47),"Processor 5 in group 0 exposes the following power management capabilities:

Idle state type: ACPI Idle (C) States (3 state(s))

Performance state type: ACPI Collaborative Processor Performance Control
Nominal Frequency (MHz): 2592
Maximum performance percentage: 173
Minimum performance percentage: 42
Minimum throttle percentage: 3"
Information,6/29/2020 7:03:47,Microsoft-Windows-Kernel-Processor-Power,55,(47),"Processor 3 in group 0 exposes the following power management capabilities:

Idle state type: ACPI Idle (C) States (3 state(s))

Performance state type: ACPI Collaborative Processor Performance Control
Nominal Frequency (MHz): 2592
Maximum performance percentage: 173
Minimum performance percentage: 42
Minimum throttle percentage: 3"
Information,6/29/2020 7:03:47,Microsoft-Windows-Kernel-Processor-Power,55,(47),"Processor 1 in group 0 exposes the following power management capabilities:

Idle state type: ACPI Idle (C) States (3 state(s))

Performance state type: ACPI Collaborative Processor Performance Control
Nominal Frequency (MHz): 2592
Maximum performance percentage: 173
Minimum performance percentage: 42
Minimum throttle percentage: 3"
Information,6/29/2020 7:03:47,Microsoft-Windows-Kernel-Processor-Power,55,(47),"Processor 10 in group 0 exposes the following power management capabilities:

Idle state type: ACPI Idle (C) States (3 state(s))

Performance state type: ACPI Collaborative Processor Performance Control
Nominal Frequency (MHz): 2592
Maximum performance percentage: 173
Minimum performance percentage: 42
Minimum throttle percentage: 3"
Information,6/29/2020 7:03:47,Microsoft-Windows-Kernel-Processor-Power,55,(47),"Processor 8 in group 0 exposes the following power management capabilities:

Idle state type: ACPI Idle (C) States (3 state(s))

Performance state type: ACPI Collaborative Processor Performance Control
Nominal Frequency (MHz): 2592
Maximum performance percentage: 173
Minimum performance percentage: 42
Minimum throttle percentage: 3"
Information,6/29/2020 7:03:47,Netwtw08,7010,None,7010 - driver enabled (miniport init)
Information,6/29/2020 7:03:47,Microsoft-Windows-Kernel-Processor-Power,55,(47),"Processor 6 in group 0 exposes the following power management capabilities:

Idle state type: ACPI Idle (C) States (3 state(s))

Performance state type: ACPI Collaborative Processor Performance Control
Nominal Frequency (MHz): 2592
Maximum performance percentage: 173
Minimum performance percentage: 42
Minimum throttle percentage: 3"
Information,6/29/2020 7:03:47,Microsoft-Windows-Kernel-Processor-Power,55,(47),"Processor 4 in group 0 exposes the following power management capabilities:

Idle state type: ACPI Idle (C) States (3 state(s))

Performance state type: ACPI Collaborative Processor Performance Control
Nominal Frequency (MHz): 2592
Maximum performance percentage: 173
Minimum performance percentage: 38
Minimum throttle percentage: 3"
Information,6/29/2020 7:03:47,Microsoft-Windows-Kernel-Processor-Power,55,(47),"Processor 2 in group 0 exposes the following power management capabilities:

Idle state type: ACPI Idle (C) States (3 state(s))

Performance state type: ACPI Collaborative Processor Performance Control
Nominal Frequency (MHz): 2592
Maximum performance percentage: 173
Minimum performance percentage: 38
Minimum throttle percentage: 3"
Information,6/29/2020 7:03:47,Microsoft-Windows-Kernel-Processor-Power,55,(47),"Processor 0 in group 0 exposes the following power management capabilities:

Idle state type: ACPI Idle (C) States (3 state(s))

Performance state type: ACPI Collaborative Processor Performance Control
Nominal Frequency (MHz): 2592
Maximum performance percentage: 173
Minimum performance percentage: 30
Minimum throttle percentage: 3"
Information,6/29/2020 7:03:47,Netwtw08,7002,None,7002 - CTDP power limit value (SPLC)
Information,6/29/2020 7:03:47,Netwtw08,7005,None,7005 - SAR value max TX power (WRDS)
Information,6/29/2020 7:03:47,Netwtw08,7036,None,The \Device\NDMP1 service entered the Intel(R) Wireless-AC 9560 160MHz state.
Warning,6/29/2020 7:03:46,Microsoft-Windows-Kernel-PnP,219,(212),The driver \Driver\WudfRd failed to load for the device ROOT\SYSTEM\0001.
Information,6/29/2020 7:03:46,Microsoft-Windows-DriverFrameworks-UserMode,10118,Startup of the UMDF reflector,"UMDF reflector is unable to connect to service control manager (SCM). This is expected during boot, when SCM has not started yet. Will retry when it starts."
Warning,6/29/2020 7:03:45,Microsoft-Windows-Kernel-PnP,219,(212),The driver \Driver\WudfRd failed to load for the device PCI\VEN_8086&DEV_1903&SUBSYS_382F17AA&REV_0D\3&11583659&1&20.
Information,6/29/2020 7:03:45,Microsoft-Windows-DriverFrameworks-UserMode,10118,Startup of the UMDF reflector,"UMDF reflector is unable to connect to service control manager (SCM). This is expected during boot, when SCM has not started yet. Will retry when it starts."
Information,6/29/2020 7:03:45,Microsoft-Windows-Ntfs,98,None,Volume \\?\Volume{c961867b-6bd2-4314-8045-eeee51119548} (\Device\HarddiskVolume4) is healthy.  No action is needed.
Information,6/29/2020 7:03:44,Microsoft-Windows-Kernel-Power,172,(203),"Connectivity state in standby: Disconnected, Reason: NIC compliance"
Information,6/29/2020 7:03:44,Microsoft-Windows-FilterManager,6,None,"File System Filter 'npsvctrig' (10.0, ‎1977‎-‎09‎-‎12T17:19:34.000000000Z) has successfully loaded and registered with Filter Manager."
Information,6/29/2020 7:03:44,Microsoft-Windows-FilterManager,6,None,"File System Filter 'FileCrypt' (10.0, ‎2011‎-‎10‎-‎30T17:56:49.000000000Z) has successfully loaded and registered with Filter Manager."
Information,6/29/2020 7:03:44,Microsoft-Windows-Ntfs,98,None,Volume C: (\Device\HarddiskVolume3) is healthy.  No action is needed.
Information,6/29/2020 7:03:43,Microsoft-Windows-FilterManager,6,None,"File System Filter 'WdFilter' (10.0, ‎2064‎-‎07‎-‎14T08:04:53.000000000Z) has successfully loaded and registered with Filter Manager."
Information,6/29/2020 7:03:43,Microsoft-Windows-FilterManager,6,None,"File System Filter 'Wof' (10.0, ‎2096‎-‎10‎-‎27T15:24:16.000000000Z) has successfully loaded and registered with Filter Manager."
Information,6/29/2020 7:03:43,Microsoft-Windows-FilterManager,6,None,"File System Filter 'FileInfo' (10.0, ‎1989‎-‎07‎-‎13T03:15:12.000000000Z) has successfully loaded and registered with Filter Manager."
Information,6/29/2020 7:03:40,Microsoft-Windows-Kernel-General,20,(6),"The leap second configuration has been updated.
Reason: Leap second data initialized from registry during boot
Leap seconds enabled: true
New leap second count: 0
Old leap second count: 0"
Information,6/29/2020 7:03:40,Microsoft-Windows-Kernel-Boot,30,(21),The firmware reported boot metrics.
Information,6/29/2020 7:03:40,Microsoft-Windows-Kernel-Boot,27,(33),The boot type was 0x0.
Information,6/29/2020 7:03:40,Microsoft-Windows-Kernel-Boot,25,(32),The boot menu policy was 0x1.
Information,6/29/2020 7:03:40,Microsoft-Windows-Kernel-Boot,20,(31),The last shutdown's success status was true. The last boot's success status was true.
Information,6/29/2020 7:03:40,Microsoft-Windows-Kernel-Boot,32,(58),The bootmgr spent 0 ms waiting for user input.
Information,6/29/2020 7:03:40,Microsoft-Windows-Kernel-Boot,18,(57),There are 0x1 boot options on this system.
Information,6/29/2020 7:03:40,Microsoft-Windows-Kernel-Boot,153,(62),Virtualization-based security (policies: 0) is disabled.
Information,6/29/2020 7:03:40,Microsoft-Windows-Kernel-General,12,(1),The operating system started at system time ‎2020‎-‎06‎-‎29T05:03:40.500000000Z.
Information,6/27/2020 20:51:52,Microsoft-Windows-Kernel-General,13,(2),The operating system is shutting down at system time ‎2020‎-‎06‎-‎27T18:51:52.792059500Z.
Information,6/27/2020 20:51:52,Microsoft-Windows-Kernel-Power,109,(103),"The kernel power manager has initiated a shutdown transition.

Shutdown Reason: Kernel API"
Information,6/27/2020 20:51:51,Microsoft-Windows-WLAN-AutoConfig,4001,None,"WLAN AutoConfig service has successfully stopped.
"
Warning,6/27/2020 20:51:51,Microsoft-Windows-WLAN-AutoConfig,10002,None,"WLAN Extensibility Module has stopped.

Module Path: C:\Windows\system32\IntelIHVRouter08.dll
"
Information,6/29/2020 7:03:52,EventLog,6013,None,The system uptime is 11 seconds.
Information,6/29/2020 7:03:52,EventLog,6005,None,The Event log service was started.
Information,6/29/2020 7:03:52,EventLog,6009,None,Microsoft (R) Windows (R) 10.00. 18362  Multiprocessor Free.
Information,6/27/2020 20:51:51,Microsoft-Windows-Dhcp-Client,50037,Service State Event,DHCPv4 client service is stopped. ShutDown Flag value is 1
Information,6/27/2020 20:51:51,Microsoft-Windows-Dhcp-Client,50106,Service State Event,DHCPv4 is waiting on DHCPv6 service to stop
Information,6/27/2020 20:51:51,Microsoft-Windows-DHCPv6-Client,51057,Service State Event,DHCPv6 client service stop is almost done.DHCP Context Ref count is 1
Information,6/27/2020 20:51:51,Microsoft-Windows-DHCPv6-Client,51047,Service State Event,DHCPv6 client service is stopped. ShutDown Flag value is 1
Information,6/27/2020 20:51:51,Microsoft-Windows-Dhcp-Client,50105,Service State Event,DHCPv4 client ProcessDHCPRequestForever received TERMINATE_EVENT
Information,6/27/2020 20:51:51,Microsoft-Windows-Dhcp-Client,50104,Service State Event,DHCPv4 client received shutdown notification
Information,6/27/2020 20:51:51,EventLog,6006,None,The Event log service was stopped.
Information,6/27/2020 20:51:49,Microsoft-Windows-Winlogon,7002,(1102),User Logoff Notification for Customer Experience Improvement Program
Warning,6/27/2020 20:25:32,Microsoft-Windows-DistributedCOM,10016,None,"The application-specific permission settings do not grant Local Activation permission for the COM Server application with CLSID 
{2593F8B9-4EAF-457C-B68A-50F6B8EA6B54}
 and APPID 
{15C20B67-12E7-4BB6-92BB-7AFF07997402}
 to the user LAPTOP-PR1MKK5U\Renars SID (S-1-5-21-850498477-2290094382-3762704528-1001) from address LocalHost (Using LRPC) running in the application container Unavailable SID (Unavailable). This security permission can be modified using the Component Services administrative tool."
Information,6/27/2020 19:14:30,Microsoft-Windows-UserPnp,20001,(7005),Driver Management concluded the process to install driver usbser.inf_amd64_a465ab02edb9afb0 for Device Instance ID USB\VID_2687&PID_FD11&MI_00\6&13F8AADD&0&0000 with the following status: 0x0.
Information,6/27/2020 19:14:30,Microsoft-Windows-UserPnp,20003,(7005),Driver Management has concluded the process to add Service usbser for Device Instance ID USB\VID_2687&PID_FD11&MI_00\6&13F8AADD&0&0000 with the following status: 0.
Warning,6/27/2020 19:09:19,Microsoft-Windows-DistributedCOM,10016,None,"The application-specific permission settings do not grant Local Activation permission for the COM Server application with CLSID 
{2593F8B9-4EAF-457C-B68A-50F6B8EA6B54}
 and APPID 
{15C20B67-12E7-4BB6-92BB-7AFF07997402}
 to the user LAPTOP-PR1MKK5U\Renars SID (S-1-5-21-850498477-2290094382-3762704528-1001) from address LocalHost (Using LRPC) running in the application container Unavailable SID (Unavailable). This security permission can be modified using the Component Services administrative tool."
Warning,6/27/2020 19:09:19,Microsoft-Windows-DistributedCOM,10016,None,"The application-specific permission settings do not grant Local Activation permission for the COM Server application with CLSID 
{2593F8B9-4EAF-457C-B68A-50F6B8EA6B54}
 and APPID 
{15C20B67-12E7-4BB6-92BB-7AFF07997402}
 to the user LAPTOP-PR1MKK5U\Renars SID (S-1-5-21-850498477-2290094382-3762704528-1001) from address LocalHost (Using LRPC) running in the application container Unavailable SID (Unavailable). This security permission can be modified using the Component Services administrative tool."
Information,6/27/2020 19:02:58,Service Control Manager,7040,None,The start type of the Background Intelligent Transfer Service service was changed from auto start to demand start.
Warning,6/27/2020 19:01:35,Microsoft-Windows-DistributedCOM,10016,None,"The application-specific permission settings do not grant Local Activation permission for the COM Server application with CLSID 
{2593F8B9-4EAF-457C-B68A-50F6B8EA6B54}
 and APPID 
{15C20B67-12E7-4BB6-92BB-7AFF07997402}
 to the user LAPTOP-PR1MKK5U\Renars SID (S-1-5-21-850498477-2290094382-3762704528-1001) from address LocalHost (Using LRPC) running in the application container Unavailable SID (Unavailable). This security permission can be modified using the Component Services administrative tool."
Warning,6/27/2020 19:00:49,Microsoft-Windows-DistributedCOM,10016,None,"The application-specific permission settings do not grant Local Activation permission for the COM Server application with CLSID 
{2593F8B9-4EAF-457C-B68A-50F6B8EA6B54}
 and APPID 
{15C20B67-12E7-4BB6-92BB-7AFF07997402}
 to the user LAPTOP-PR1MKK5U\Renars SID (S-1-5-21-850498477-2290094382-3762704528-1001) from address LocalHost (Using LRPC) running in the application container Unavailable SID (Unavailable). This security permission can be modified using the Component Services administrative tool."
Information,6/27/2020 18:40:57,Service Control Manager,7040,None,The start type of the Background Intelligent Transfer Service service was changed from demand start to auto start.
Warning,6/27/2020 18:39:57,Microsoft-Windows-DistributedCOM,10016,None,"The application-specific permission settings do not grant Local Activation permission for the COM Server application with CLSID 
{2593F8B9-4EAF-457C-B68A-50F6B8EA6B54}
 and APPID 
{15C20B67-12E7-4BB6-92BB-7AFF07997402}
 to the user LAPTOP-PR1MKK5U\Renars SID (S-1-5-21-850498477-2290094382-3762704528-1001) from address LocalHost (Using LRPC) running in the application container Unavailable SID (Unavailable). This security permission can be modified using the Component Services administrative tool."
Warning,6/27/2020 17:48:17,Microsoft-Windows-DistributedCOM,10016,None,"The application-specific permission settings do not grant Local Activation permission for the COM Server application with CLSID 
{2593F8B9-4EAF-457C-B68A-50F6B8EA6B54}
 and APPID 
{15C20B67-12E7-4BB6-92BB-7AFF07997402}
 to the user LAPTOP-PR1MKK5U\Renars SID (S-1-5-21-850498477-2290094382-3762704528-1001) from address LocalHost (Using LRPC) running in the application container Unavailable SID (Unavailable). This security permission can be modified using the Component Services administrative tool."
Information,6/27/2020 17:37:32,Microsoft-Windows-WindowsUpdateClient,19,Windows Update Agent,Installation Successful: Windows successfully installed the following update: Security Intelligence Update for Microsoft Defender Antivirus - KB2267602 (Version 1.319.313.0)
Information,6/27/2020 17:37:27,Microsoft-Windows-WindowsUpdateClient,43,Windows Update Agent,Installation Started: Windows has started installing the following update: Security Intelligence Update for Microsoft Defender Antivirus - KB2267602 (Version 1.319.313.0)
Information,6/27/2020 17:37:27,Microsoft-Windows-WindowsUpdateClient,44,Windows Update Agent,Windows Update started downloading an update.
Information,6/27/2020 15:33:27,Service Control Manager,7040,None,The start type of the Background Intelligent Transfer Service service was changed from auto start to demand start.
Information,6/27/2020 15:28:46,Service Control Manager,7040,None,The start type of the Background Intelligent Transfer Service service was changed from demand start to auto start.
Warning,6/27/2020 13:13:13,Microsoft-Windows-DistributedCOM,10016,None,"The application-specific permission settings do not grant Local Activation permission for the COM Server application with CLSID 
{2593F8B9-4EAF-457C-B68A-50F6B8EA6B54}
 and APPID 
{15C20B67-12E7-4BB6-92BB-7AFF07997402}
 to the user LAPTOP-PR1MKK5U\Renars SID (S-1-5-21-850498477-2290094382-3762704528-1001) from address LocalHost (Using LRPC) running in the application container Unavailable SID (Unavailable). This security permission can be modified using the Component Services administrative tool."
Warning,6/27/2020 13:09:19,Microsoft-Windows-DistributedCOM,10016,None,"The application-specific permission settings do not grant Local Activation permission for the COM Server application with CLSID 
{2593F8B9-4EAF-457C-B68A-50F6B8EA6B54}
 and APPID 
{15C20B67-12E7-4BB6-92BB-7AFF07997402}
 to the user LAPTOP-PR1MKK5U\Renars SID (S-1-5-21-850498477-2290094382-3762704528-1001) from address LocalHost (Using LRPC) running in the application container Unavailable SID (Unavailable). This security permission can be modified using the Component Services administrative tool."
Warning,6/27/2020 13:02:06,Microsoft-Windows-DistributedCOM,10016,None,"The application-specific permission settings do not grant Local Activation permission for the COM Server application with CLSID 
{2593F8B9-4EAF-457C-B68A-50F6B8EA6B54}
 and APPID 
{15C20B67-12E7-4BB6-92BB-7AFF07997402}
 to the user LAPTOP-PR1MKK5U\Renars SID (S-1-5-21-850498477-2290094382-3762704528-1001) from address LocalHost (Using LRPC) running in the application container Unavailable SID (Unavailable). This security permission can be modified using the Component Services administrative tool."
Warning,6/27/2020 12:30:54,Microsoft-Windows-DistributedCOM,10016,None,"The application-specific permission settings do not grant Local Activation permission for the COM Server application with CLSID 
{2593F8B9-4EAF-457C-B68A-50F6B8EA6B54}
 and APPID 
{15C20B67-12E7-4BB6-92BB-7AFF07997402}
 to the user LAPTOP-PR1MKK5U\Renars SID (S-1-5-21-850498477-2290094382-3762704528-1001) from address LocalHost (Using LRPC) running in the application container Unavailable SID (Unavailable). This security permission can be modified using the Component Services administrative tool."
Warning,6/27/2020 12:29:29,Microsoft-Windows-DistributedCOM,10016,None,"The application-specific permission settings do not grant Local Activation permission for the COM Server application with CLSID 
{2593F8B9-4EAF-457C-B68A-50F6B8EA6B54}
 and APPID 
{15C20B67-12E7-4BB6-92BB-7AFF07997402}
 to the user LAPTOP-PR1MKK5U\Renars SID (S-1-5-21-850498477-2290094382-3762704528-1001) from address LocalHost (Using LRPC) running in the application container Unavailable SID (Unavailable). This security permission can be modified using the Component Services administrative tool."
Information,6/27/2020 12:00:00,EventLog,6013,None,The system uptime is 104316 seconds.
Warning,6/27/2020 11:11:38,Netwtw08,6062,None,6062 - Lso was triggered
Information,6/27/2020 11:11:37,Netwtw08,7021,None,7021 - Connection telemetry fields and analysis usage
Information,6/27/2020 11:11:35,Microsoft-Windows-WindowsUpdateClient,19,Windows Update Agent,Installation Successful: Windows successfully installed the following update: Intel - net - 21.90.3.2
Information,6/27/2020 11:11:35,Microsoft-Windows-WindowsUpdateClient,43,Windows Update Agent,Installation Started: Windows has started installing the following update: Intel - net - 21.90.3.2
Warning,6/27/2020 11:11:34,Microsoft-Windows-Time-Service,134,None,"NtpClient was unable to set a manual peer to use as a time source because of DNS resolution error on 'time.windows.com,0x9'. NtpClient will try again in 15 minutes and double the reattempt interval thereafter. The error was: No such host is known. (0x80072AF9)"
Information,6/27/2020 11:11:33,Microsoft-Windows-WLAN-AutoConfig,10001,None,"WLAN Extensibility Module has successfully started.

Module Path: C:\Windows\system32\IntelIHVRouter08.dll
"
Warning,6/27/2020 11:11:33,Microsoft-Windows-WLAN-AutoConfig,10002,None,"WLAN Extensibility Module has stopped.

Module Path: C:\Windows\system32\IntelWifiIhv08.dll
"
Information,6/27/2020 11:11:33,Microsoft-Windows-UserPnp,20001,(7005),Driver Management concluded the process to install driver netwtw08.inf_amd64_52e732d2b07d1e6b for Device Instance ID PCI\VEN_8086&DEV_A370&SUBSYS_00348086&REV_10\3&11583659&1&A3 with the following status: 0x0.
Information,6/27/2020 11:11:33,Netwtw08,7017,None,7017 - secure boot (SB) configuration
Information,6/27/2020 11:11:33,Netwtw08,7010,None,7010 - driver enabled (miniport init)
Information,6/27/2020 11:11:33,Netwtw08,7002,None,7002 - CTDP power limit value (SPLC)
Information,6/27/2020 11:11:33,Netwtw08,7005,None,7005 - SAR value max TX power (WRDS)
Information,6/27/2020 11:11:33,Service Control Manager,7045,None,"A service was installed in the system.

Service Name:  MpKslDrv
Service File Name:  C:\ProgramData\Microsoft\Windows Defender\Definition Updates\{670477C0-6B9E-4474-ACD3-0197E0A852BF}\MpKslDrv.sys
Service Type:  kernel mode driver
Service Start Type:  system start
Service Account:  "
Information,6/27/2020 11:11:33,Netwtw08,7036,None,The \Device\NDMP14 service entered the Intel(R) Wireless-AC 9560 160MHz state.
Information,6/27/2020 11:11:33,Netwtw08,8000,None,8000 - Miniport Halt flow (driver disable)
Warning,6/27/2020 11:11:33,Microsoft-Windows-Time-Service,134,None,"NtpClient was unable to set a manual peer to use as a time source because of DNS resolution error on 'time.windows.com,0x9'. NtpClient will try again in 15 minutes and double the reattempt interval thereafter. The error was: No such host is known. (0x80072AF9)"
Warning,6/27/2020 11:10:38,Netwtw08,6062,None,6062 - Lso was triggered
Information,6/27/2020 11:10:28,Netwtw08,7021,None,7021 - Connection telemetry fields and analysis usage
Error,6/27/2020 11:02:26,Microsoft-Windows-LanguagePackSetup,1040,Removing language pack,Cannot uninstall language pack for sv-SE because it's not installed.
Error,6/27/2020 11:02:26,Microsoft-Windows-LanguagePackSetup,1040,Removing language pack,Cannot uninstall language pack for nb-NO because it's not installed.
Error,6/27/2020 11:02:26,Microsoft-Windows-LanguagePackSetup,1040,Removing language pack,Cannot uninstall language pack for fi-FI because it's not installed.
Error,6/27/2020 11:02:26,Microsoft-Windows-LanguagePackSetup,1040,Removing language pack,Cannot uninstall language pack for da-DK because it's not installed.
Information,6/27/2020 10:56:33,Microsoft-Windows-Kernel-General,16,None,The access history in hive \??\C:\Users\Renars\AppData\Local\Packages\Microsoft.WindowsStore_8wekyb3d8bbwe\Settings\settings.dat was cleared updating 8 keys and creating 1 modified pages.
Warning,6/27/2020 10:51:19,Microsoft-Windows-DistributedCOM,10016,None,"The application-specific permission settings do not grant Local Activation permission for the COM Server application with CLSID 
{2593F8B9-4EAF-457C-B68A-50F6B8EA6B54}
 and APPID 
{15C20B67-12E7-4BB6-92BB-7AFF07997402}
 to the user LAPTOP-PR1MKK5U\Renars SID (S-1-5-21-850498477-2290094382-3762704528-1001) from address LocalHost (Using LRPC) running in the application container Unavailable SID (Unavailable). This security permission can be modified using the Component Services administrative tool."
Warning,6/27/2020 10:48:48,Microsoft-Windows-DistributedCOM,10016,None,"The application-specific permission settings do not grant Local Activation permission for the COM Server application with CLSID 
{2593F8B9-4EAF-457C-B68A-50F6B8EA6B54}
 and APPID 
{15C20B67-12E7-4BB6-92BB-7AFF07997402}
 to the user LAPTOP-PR1MKK5U\Renars SID (S-1-5-21-850498477-2290094382-3762704528-1001) from address LocalHost (Using LRPC) running in the application container Unavailable SID (Unavailable). This security permission can be modified using the Component Services administrative tool."
Warning,6/27/2020 10:45:45,Microsoft-Windows-DistributedCOM,10016,None,"The application-specific permission settings do not grant Local Activation permission for the COM Server application with CLSID 
{2593F8B9-4EAF-457C-B68A-50F6B8EA6B54}
 and APPID 
{15C20B67-12E7-4BB6-92BB-7AFF07997402}
 to the user LAPTOP-PR1MKK5U\Renars SID (S-1-5-21-850498477-2290094382-3762704528-1001) from address LocalHost (Using LRPC) running in the application container Unavailable SID (Unavailable). This security permission can be modified using the Component Services administrative tool."
Warning,6/27/2020 10:45:45,Microsoft-Windows-DistributedCOM,10016,None,"The application-specific permission settings do not grant Local Activation permission for the COM Server application with CLSID 
{2593F8B9-4EAF-457C-B68A-50F6B8EA6B54}
 and APPID 
{15C20B67-12E7-4BB6-92BB-7AFF07997402}
 to the user LAPTOP-PR1MKK5U\Renars SID (S-1-5-21-850498477-2290094382-3762704528-1001) from address LocalHost (Using LRPC) running in the application container Unavailable SID (Unavailable). This security permission can be modified using the Component Services administrative tool."
Information,6/27/2020 10:38:34,Service Control Manager,7040,None,The start type of the Background Intelligent Transfer Service service was changed from auto start to demand start.
Information,6/27/2020 10:37:07,Microsoft-Windows-Kernel-General,16,None,The access history in hive \??\C:\ProgramData\Microsoft\Provisioning\Microsoft-Desktop-Provisioning-Sequence.dat was cleared updating 0 keys and creating 0 modified pages.
Information,6/27/2020 10:36:58,Microsoft-Windows-WindowsUpdateClient,19,Windows Update Agent,Installation Successful: Windows successfully installed the following update: Security Intelligence Update for Microsoft Defender Antivirus - KB2267602 (Version 1.319.288.0)
Information,6/27/2020 10:36:52,Microsoft-Windows-WindowsUpdateClient,43,Windows Update Agent,Installation Started: Windows has started installing the following update: Security Intelligence Update for Microsoft Defender Antivirus - KB2267602 (Version 1.319.288.0)
Information,6/27/2020 10:36:52,Microsoft-Windows-WindowsUpdateClient,44,Windows Update Agent,Windows Update started downloading an update.
Warning,6/27/2020 10:27:46,Microsoft-Windows-DistributedCOM,10016,None,"The application-specific permission settings do not grant Local Activation permission for the COM Server application with CLSID 
{2593F8B9-4EAF-457C-B68A-50F6B8EA6B54}
 and APPID 
{15C20B67-12E7-4BB6-92BB-7AFF07997402}
 to the user LAPTOP-PR1MKK5U\Renars SID (S-1-5-21-850498477-2290094382-3762704528-1001) from address LocalHost (Using LRPC) running in the application container Unavailable SID (Unavailable). This security permission can be modified using the Component Services administrative tool."
Information,6/27/2020 10:27:16,Microsoft-Windows-Kernel-General,16,None,The access history in hive \??\C:\Users\Renars\AppData\Local\Packages\Microsoft.MicrosoftOfficeHub_8wekyb3d8bbwe\Settings\settings.dat was cleared updating 10 keys and creating 1 modified pages.
Information,6/27/2020 10:27:16,Microsoft-Windows-Kernel-General,16,None,The access history in hive \??\C:\ProgramData\Packages\Microsoft.MicrosoftOfficeHub_8wekyb3d8bbwe\S-1-5-21-850498477-2290094382-3762704528-1001\SystemAppData\Helium\UserClasses.dat was cleared updating 1 keys and creating 1 modified pages.
Information,6/27/2020 10:27:16,Microsoft-Windows-Kernel-General,16,None,The access history in hive \??\C:\ProgramData\Packages\Microsoft.MicrosoftOfficeHub_8wekyb3d8bbwe\S-1-5-21-850498477-2290094382-3762704528-1001\SystemAppData\Helium\User.dat was cleared updating 1 keys and creating 1 modified pages.
Warning,6/27/2020 10:26:46,Microsoft-Windows-DistributedCOM,10016,None,"The application-specific permission settings do not grant Local Activation permission for the COM Server application with CLSID 
{2593F8B9-4EAF-457C-B68A-50F6B8EA6B54}
 and APPID 
{15C20B67-12E7-4BB6-92BB-7AFF07997402}
 to the user LAPTOP-PR1MKK5U\Renars SID (S-1-5-21-850498477-2290094382-3762704528-1001) from address LocalHost (Using LRPC) running in the application container Unavailable SID (Unavailable). This security permission can be modified using the Component Services administrative tool."
Warning,6/27/2020 10:26:46,Microsoft-Windows-DistributedCOM,10016,None,"The application-specific permission settings do not grant Local Activation permission for the COM Server application with CLSID 
{2593F8B9-4EAF-457C-B68A-50F6B8EA6B54}
 and APPID 
{15C20B67-12E7-4BB6-92BB-7AFF07997402}
 to the user LAPTOP-PR1MKK5U\Renars SID (S-1-5-21-850498477-2290094382-3762704528-1001) from address LocalHost (Using LRPC) running in the application container Unavailable SID (Unavailable). This security permission can be modified using the Component Services administrative tool."
Warning,6/27/2020 10:26:34,Netwtw08,6062,None,6062 - Lso was triggered
Information,6/27/2020 10:26:34,Microsoft-Windows-Power-Troubleshooter,1,None,"The system has returned from a low power state.

Sleep Time: ‎2020‎-‎06‎-‎26T23:59:13.884396200Z
Wake Time: ‎2020‎-‎06‎-‎27T08:26:32.162832200Z

Wake Source: Unknown"
Information,6/27/2020 10:26:33,BTHUSB,18,None,Windows cannot store Bluetooth authentication codes (link keys) on the local adapter. Bluetooth keyboards might not work in the system BIOS during startup.
Warning,6/27/2020 10:26:32,Microsoft-Windows-DistributedCOM,10016,None,"The application-specific permission settings do not grant Local Activation permission for the COM Server application with CLSID 
{6B3B8D23-FA8D-40B9-8DBD-B950333E2C52}
 and APPID 
{4839DDB7-58C2-48F5-8283-E1D1807D0D7D}
 to the user NT AUTHORITY\LOCAL SERVICE SID (S-1-5-19) from address LocalHost (Using LRPC) running in the application container Unavailable SID (Unavailable). This security permission can be modified using the Component Services administrative tool."
Warning,6/27/2020 10:26:32,Microsoft-Windows-DistributedCOM,10016,None,"The application-specific permission settings do not grant Local Activation permission for the COM Server application with CLSID 
{6B3B8D23-FA8D-40B9-8DBD-B950333E2C52}
 and APPID 
{4839DDB7-58C2-48F5-8283-E1D1807D0D7D}
 to the user NT AUTHORITY\LOCAL SERVICE SID (S-1-5-19) from address LocalHost (Using LRPC) running in the application container Unavailable SID (Unavailable). This security permission can be modified using the Component Services administrative tool."
Information,6/27/2020 10:26:32,Microsoft-Windows-Winlogon,7001,(1101),User Logon Notification for Customer Experience Improvement Program
Information,6/27/2020 10:26:32,Microsoft-Windows-Kernel-Boot,27,(33),The boot type was 0x1.
Information,6/27/2020 10:26:32,Microsoft-Windows-Kernel-Boot,25,(32),The boot menu policy was 0x1.
Information,6/27/2020 10:26:32,Microsoft-Windows-Kernel-Boot,32,(58),The bootmgr spent 0 ms waiting for user input.
Information,6/27/2020 10:26:32,Microsoft-Windows-Kernel-Boot,18,(57),There are 0x1 boot options on this system.
Information,6/27/2020 10:26:32,Microsoft-Windows-Kernel-Boot,30,(21),The firmware reported boot metrics.
Warning,6/27/2020 10:26:31,Microsoft-Windows-Time-Service,134,None,"NtpClient was unable to set a manual peer to use as a time source because of DNS resolution error on 'time.windows.com,0x9'. NtpClient will try again in 15 minutes and double the reattempt interval thereafter. The error was: No such host is known. (0x80072AF9)"
Information,6/27/2020 10:26:31,Netwtw08,7021,None,7021 - Connection telemetry fields and analysis usage
Information,6/27/2020 10:26:30,Netwtw08,7026,None,7026 - Dump after return from D3 after cmd
Information,6/27/2020 10:26:30,Netwtw08,7025,None,7025 - Dump after return from D3 before cmd 
Information,6/27/2020 10:26:30,Microsoft-Windows-Kernel-General,1,(5),"The system time has changed to ‎2020‎-‎06‎-‎27T08:26:30.500000000Z from ‎2020‎-‎06‎-‎26T23:59:16.531609900Z.

Change Reason: System time synchronized with the hardware clock.
Process: '' (PID 4)."
Information,6/27/2020 1:59:16,Microsoft-Windows-Kernel-Power,107,(102),The system has resumed from sleep.
Information,6/27/2020 1:59:14,Service Control Manager,7040,None,The start type of the Background Intelligent Transfer Service service was changed from demand start to auto start.
Information,6/27/2020 1:59:14,Microsoft-Windows-Kernel-General,1,(5),"The system time has changed to ‎2020‎-‎06‎-‎26T23:59:10.500000000Z from ‎2020‎-‎06‎-‎26T23:59:14.748290600Z.

Change Reason: System time synchronized with the hardware clock.
Process: '' (PID 4)."
Information,6/27/2020 1:59:14,Microsoft-Windows-Kernel-General,16,None,The access history in hive \??\C:\ProgramData\Microsoft\Provisioning\Microsoft-Desktop-Provisioning-Sequence.dat was cleared updating 0 keys and creating 0 modified pages.
Information,6/27/2020 1:59:14,Microsoft-Windows-Kernel-Power,42,(64),"The system is entering sleep.

Sleep Reason: Application API"
Information,6/27/2020 1:59:13,Microsoft-Windows-Kernel-Power,187,(243),User-mode process attempted to change the system state by calling SetSuspendState or SetSystemPowerState APIs.
Information,6/27/2020 1:59:13,Win32k,267,None,Touch/Touchpad Hardware Quality Assurance verification succeeded.
Information,6/27/2020 1:59:13,Microsoft-Windows-Winlogon,7002,(1102),User Logoff Notification for Customer Experience Improvement Program
Information,6/27/2020 1:20:16,Service Control Manager,7040,None,The start type of the Background Intelligent Transfer Service service was changed from auto start to demand start.
Information,6/27/2020 1:16:36,Service Control Manager,7040,None,The start type of the Background Intelligent Transfer Service service was changed from demand start to auto start.
Warning,6/27/2020 0:13:34,Microsoft-Windows-DistributedCOM,10016,None,"The machine-default permission settings do not grant Local Activation permission for the COM Server application with CLSID 
{C2F03A33-21F5-47FA-B4BB-156362A2F239}
 and APPID 
{316CDED5-E4AE-4B15-9113-7055D84DCC97}
 to the user LAPTOP-PR1MKK5U\Renars SID (S-1-5-21-850498477-2290094382-3762704528-1001) from address LocalHost (Using LRPC) running in the application container Microsoft.Windows.ShellExperienceHost_10.0.18362.449_neutral_neutral_cw5n1h2txyewy SID (S-1-15-2-155514346-2573954481-755741238-1654018636-1233331829-3075935687-2861478708). This security permission can be modified using the Component Services administrative tool."
Information,6/27/2020 0:11:34,Microsoft-Windows-WindowsUpdateClient,19,Windows Update Agent,Installation Successful: Windows successfully installed the following update: 9NMPJ99VJBWV-Microsoft.YourPhone
Information,6/27/2020 0:11:34,Microsoft-Windows-WindowsUpdateClient,43,Windows Update Agent,Installation Started: Windows has started installing the following update: 9NMPJ99VJBWV-Microsoft.YourPhone
Information,6/27/2020 0:11:28,Microsoft-Windows-Kernel-General,16,None,The access history in hive \??\C:\ProgramData\Microsoft\Windows\AppRepository\Packages\Microsoft.YourPhone_1.20061.110.0_x64__8wekyb3d8bbwe\ActivationStore.dat was cleared updating 0 keys and creating 0 modified pages.
Information,6/27/2020 0:11:19,Microsoft-Windows-WindowsUpdateClient,19,Windows Update Agent,Installation Successful: Windows successfully installed the following update: 9NBLGGH5PNB1-Microsoft.OneConnect
Information,6/27/2020 0:11:19,Microsoft-Windows-WindowsUpdateClient,43,Windows Update Agent,Installation Started: Windows has started installing the following update: 9NBLGGH5PNB1-Microsoft.OneConnect
Information,6/27/2020 0:11:15,Microsoft-Windows-Kernel-General,16,None,The access history in hive \??\C:\Users\Renars\AppData\Local\Packages\Microsoft.OneConnect_8wekyb3d8bbwe\Settings\settings.dat was cleared updating 1 keys and creating 1 modified pages.
Information,6/27/2020 0:11:14,Microsoft-Windows-Kernel-General,16,None,The access history in hive \??\C:\ProgramData\Microsoft\Windows\AppRepository\Packages\Microsoft.OneConnect_5.2006.1691.0_x64__8wekyb3d8bbwe\ActivationStore.dat was cleared updating 0 keys and creating 0 modified pages.
Information,6/27/2020 0:11:07,Microsoft-Windows-WindowsUpdateClient,44,Windows Update Agent,Windows Update started downloading an update.
Information,6/27/2020 0:11:07,Microsoft-Windows-WindowsUpdateClient,44,Windows Update Agent,Windows Update started downloading an update.
Information,6/27/2020 0:11:07,Microsoft-Windows-WindowsUpdateClient,44,Windows Update Agent,Windows Update started downloading an update.
Warning,6/27/2020 0:01:03,Microsoft-Windows-DNS-Client,1014,(1014),Name resolution for the name sdk.privacy-center.org timed out after none of the configured DNS servers responded.
Warning,6/26/2020 23:42:00,Microsoft-Windows-DistributedCOM,10016,None,"The application-specific permission settings do not grant Local Activation permission for the COM Server application with CLSID 
{2593F8B9-4EAF-457C-B68A-50F6B8EA6B54}
 and APPID 
{15C20B67-12E7-4BB6-92BB-7AFF07997402}
 to the user LAPTOP-PR1MKK5U\Renars SID (S-1-5-21-850498477-2290094382-3762704528-1001) from address LocalHost (Using LRPC) running in the application container Unavailable SID (Unavailable). This security permission can be modified using the Component Services administrative tool."
Warning,6/26/2020 23:09:00,Microsoft-Windows-DistributedCOM,10016,None,"The application-specific permission settings do not grant Local Activation permission for the COM Server application with CLSID 
{2593F8B9-4EAF-457C-B68A-50F6B8EA6B54}
 and APPID 
{15C20B67-12E7-4BB6-92BB-7AFF07997402}
 to the user LAPTOP-PR1MKK5U\Renars SID (S-1-5-21-850498477-2290094382-3762704528-1001) from address LocalHost (Using LRPC) running in the application container Unavailable SID (Unavailable). This security permission can be modified using the Component Services administrative tool."
Warning,6/26/2020 22:26:30,Netwtw08,6062,None,6062 - Lso was triggered
Information,6/26/2020 22:25:59,Netwtw08,7021,None,7021 - Connection telemetry fields and analysis usage
Warning,6/26/2020 22:22:05,Microsoft-Windows-DistributedCOM,10016,None,"The application-specific permission settings do not grant Local Activation permission for the COM Server application with CLSID 
{2593F8B9-4EAF-457C-B68A-50F6B8EA6B54}
 and APPID 
{15C20B67-12E7-4BB6-92BB-7AFF07997402}
 to the user LAPTOP-PR1MKK5U\Renars SID (S-1-5-21-850498477-2290094382-3762704528-1001) from address LocalHost (Using LRPC) running in the application container Unavailable SID (Unavailable). This security permission can be modified using the Component Services administrative tool."
Warning,6/26/2020 21:49:20,Netwtw08,6062,None,6062 - Lso was triggered
Information,6/26/2020 21:49:15,Netwtw08,7021,None,7021 - Connection telemetry fields and analysis usage
Information,6/26/2020 21:49:14,Netwtw08,7021,None,7021 - Connection telemetry fields and analysis usage
Information,6/26/2020 20:24:21,Service Control Manager,7040,None,The start type of the Background Intelligent Transfer Service service was changed from auto start to demand start.
Warning,6/26/2020 20:23:33,Microsoft-Windows-DistributedCOM,10016,None,"The application-specific permission settings do not grant Local Activation permission for the COM Server application with CLSID 
{2593F8B9-4EAF-457C-B68A-50F6B8EA6B54}
 and APPID 
{15C20B67-12E7-4BB6-92BB-7AFF07997402}
 to the user LAPTOP-PR1MKK5U\Renars SID (S-1-5-21-850498477-2290094382-3762704528-1001) from address LocalHost (Using LRPC) running in the application container Unavailable SID (Unavailable). This security permission can be modified using the Component Services administrative tool."
